[16.277s] Invoking command in '/home/OSTR/modem_ws2/src/py_pubsub': PYTHONPATH=/home/OSTR/modem_ws2/build/py_pubsub/prefix_override:/usr/lib/python3/dist-packages/colcon_core/task/python/colcon_distutils_commands:/home/OSTR/modem_ws2/install/py_pubsub/lib/python3.12/site-packages:${PYTHONPATH} /usr/bin/python3 -W ignore:setup.py install is deprecated setup.py egg_info --egg-base ../../build/py_pubsub build --build-base /home/OSTR/modem_ws2/build/py_pubsub/build install --record /home/OSTR/modem_ws2/build/py_pubsub/install.log --single-version-externally-managed install_data
[19.778s] running egg_info
[20.060s] writing ../../build/py_pubsub/py_pubsub.egg-info/PKG-INFO
[20.063s] writing dependency_links to ../../build/py_pubsub/py_pubsub.egg-info/dependency_links.txt
[20.067s] writing entry points to ../../build/py_pubsub/py_pubsub.egg-info/entry_points.txt
[20.069s] writing requirements to ../../build/py_pubsub/py_pubsub.egg-info/requires.txt
[20.070s] writing top-level names to ../../build/py_pubsub/py_pubsub.egg-info/top_level.txt
[20.643s] reading manifest file '../../build/py_pubsub/py_pubsub.egg-info/SOURCES.txt'
[20.648s] adding license file 'LICENSE'
[20.654s] writing manifest file '../../build/py_pubsub/py_pubsub.egg-info/SOURCES.txt'
[20.656s] running build
[20.659s] running build_py
[20.696s] copying py_pubsub/fldigirx.py -> /home/OSTR/modem_ws2/build/py_pubsub/build/lib/py_pubsub
[20.707s] running install
[20.774s] running install_lib
[21.054s] copying /home/OSTR/modem_ws2/build/py_pubsub/build/lib/py_pubsub/fldigirx.py -> /home/OSTR/modem_ws2/install/py_pubsub/lib/python3.12/site-packages/py_pubsub
[21.069s] byte-compiling /home/OSTR/modem_ws2/install/py_pubsub/lib/python3.12/site-packages/py_pubsub/fldigirx.py to fldigirx.cpython-312.pyc
[21.117s] running install_data
[21.119s] running install_egg_info
[21.415s] removing '/home/OSTR/modem_ws2/install/py_pubsub/lib/python3.12/site-packages/py_pubsub-0.0.0-py3.12.egg-info' (and everything under it)
[21.418s] Copying ../../build/py_pubsub/py_pubsub.egg-info to /home/OSTR/modem_ws2/install/py_pubsub/lib/python3.12/site-packages/py_pubsub-0.0.0-py3.12.egg-info
[21.433s] running install_scripts
[23.429s] Installing fishbouyancy script to /home/OSTR/modem_ws2/install/py_pubsub/lib/py_pubsub
[23.432s] Installing fishdepth script to /home/OSTR/modem_ws2/install/py_pubsub/lib/py_pubsub
[23.435s] Installing fishfake script to /home/OSTR/modem_ws2/install/py_pubsub/lib/py_pubsub
[23.439s] Installing fishhub script to /home/OSTR/modem_ws2/install/py_pubsub/lib/py_pubsub
[23.442s] Installing fishimu script to /home/OSTR/modem_ws2/install/py_pubsub/lib/py_pubsub
[23.446s] Installing fishrec script to /home/OSTR/modem_ws2/install/py_pubsub/lib/py_pubsub
[23.450s] Installing fishspeed script to /home/OSTR/modem_ws2/install/py_pubsub/lib/py_pubsub
[23.452s] Installing fishtemp script to /home/OSTR/modem_ws2/install/py_pubsub/lib/py_pubsub
[23.454s] Installing fishtran script to /home/OSTR/modem_ws2/install/py_pubsub/lib/py_pubsub
[23.455s] Installing fishturn script to /home/OSTR/modem_ws2/install/py_pubsub/lib/py_pubsub
[23.457s] Installing fldigirx script to /home/OSTR/modem_ws2/install/py_pubsub/lib/py_pubsub
[23.459s] Installing hub script to /home/OSTR/modem_ws2/install/py_pubsub/lib/py_pubsub
[23.461s] Installing receive script to /home/OSTR/modem_ws2/install/py_pubsub/lib/py_pubsub
[23.463s] Installing transmit script to /home/OSTR/modem_ws2/install/py_pubsub/lib/py_pubsub
[23.469s] writing list of installed files to '/home/OSTR/modem_ws2/build/py_pubsub/install.log'
[23.826s] Invoked command in '/home/OSTR/modem_ws2/src/py_pubsub' returned '0': PYTHONPATH=/home/OSTR/modem_ws2/build/py_pubsub/prefix_override:/usr/lib/python3/dist-packages/colcon_core/task/python/colcon_distutils_commands:/home/OSTR/modem_ws2/install/py_pubsub/lib/python3.12/site-packages:${PYTHONPATH} /usr/bin/python3 -W ignore:setup.py install is deprecated setup.py egg_info --egg-base ../../build/py_pubsub build --build-base /home/OSTR/modem_ws2/build/py_pubsub/build install --record /home/OSTR/modem_ws2/build/py_pubsub/install.log --single-version-externally-managed install_data
