[14.573s] Invoking command in '/home/OSTR/modem_ws2/src/py_pubsub': PYTHONPATH=/home/OSTR/modem_ws2/build/py_pubsub/prefix_override:/usr/lib/python3/dist-packages/colcon_core/task/python/colcon_distutils_commands:/home/OSTR/modem_ws2/install/py_pubsub/lib/python3.12/site-packages:${PYTHONPATH} /usr/bin/python3 -W ignore:setup.py install is deprecated setup.py egg_info --egg-base ../../build/py_pubsub build --build-base /home/OSTR/modem_ws2/build/py_pubsub/build install --record /home/OSTR/modem_ws2/build/py_pubsub/install.log --single-version-externally-managed install_data
[18.335s] running egg_info
[18.636s] writing ../../build/py_pubsub/py_pubsub.egg-info/PKG-INFO
[18.640s] writing dependency_links to ../../build/py_pubsub/py_pubsub.egg-info/dependency_links.txt
[18.647s] writing entry points to ../../build/py_pubsub/py_pubsub.egg-info/entry_points.txt
[18.653s] writing requirements to ../../build/py_pubsub/py_pubsub.egg-info/requires.txt
[18.656s] writing top-level names to ../../build/py_pubsub/py_pubsub.egg-info/top_level.txt
[19.590s] reading manifest file '../../build/py_pubsub/py_pubsub.egg-info/SOURCES.txt'
[19.598s] adding license file 'LICENSE'
[19.610s] writing manifest file '../../build/py_pubsub/py_pubsub.egg-info/SOURCES.txt'
[19.612s] running build
[19.613s] running build_py
[19.643s] copying py_pubsub/fldigitx.py -> /home/OSTR/modem_ws2/build/py_pubsub/build/lib/py_pubsub
[19.650s] running install
[19.726s] running install_lib
[20.048s] copying /home/OSTR/modem_ws2/build/py_pubsub/build/lib/py_pubsub/fldigitx.py -> /home/OSTR/modem_ws2/install/py_pubsub/lib/python3.12/site-packages/py_pubsub
[20.059s] byte-compiling /home/OSTR/modem_ws2/install/py_pubsub/lib/python3.12/site-packages/py_pubsub/fldigitx.py to fldigitx.cpython-312.pyc
[20.067s] running install_data
[20.069s] running install_egg_info
[20.395s] removing '/home/OSTR/modem_ws2/install/py_pubsub/lib/python3.12/site-packages/py_pubsub-0.0.0-py3.12.egg-info' (and everything under it)
[20.399s] Copying ../../build/py_pubsub/py_pubsub.egg-info to /home/OSTR/modem_ws2/install/py_pubsub/lib/python3.12/site-packages/py_pubsub-0.0.0-py3.12.egg-info
[20.413s] running install_scripts
[22.491s] Installing fishbouyancy script to /home/OSTR/modem_ws2/install/py_pubsub/lib/py_pubsub
[22.494s] Installing fishdepth script to /home/OSTR/modem_ws2/install/py_pubsub/lib/py_pubsub
[22.495s] Installing fishfake script to /home/OSTR/modem_ws2/install/py_pubsub/lib/py_pubsub
[22.498s] Installing fishhub script to /home/OSTR/modem_ws2/install/py_pubsub/lib/py_pubsub
[22.500s] Installing fishimu script to /home/OSTR/modem_ws2/install/py_pubsub/lib/py_pubsub
[22.502s] Installing fishrec script to /home/OSTR/modem_ws2/install/py_pubsub/lib/py_pubsub
[22.503s] Installing fishspeed script to /home/OSTR/modem_ws2/install/py_pubsub/lib/py_pubsub
[22.505s] Installing fishtemp script to /home/OSTR/modem_ws2/install/py_pubsub/lib/py_pubsub
[22.507s] Installing fishtran script to /home/OSTR/modem_ws2/install/py_pubsub/lib/py_pubsub
[22.509s] Installing fishturn script to /home/OSTR/modem_ws2/install/py_pubsub/lib/py_pubsub
[22.511s] Installing fldigirx script to /home/OSTR/modem_ws2/install/py_pubsub/lib/py_pubsub
[22.514s] Installing fldigitx script to /home/OSTR/modem_ws2/install/py_pubsub/lib/py_pubsub
[22.515s] Installing hub script to /home/OSTR/modem_ws2/install/py_pubsub/lib/py_pubsub
[22.518s] Installing receive script to /home/OSTR/modem_ws2/install/py_pubsub/lib/py_pubsub
[22.520s] Installing transmit script to /home/OSTR/modem_ws2/install/py_pubsub/lib/py_pubsub
[22.526s] writing list of installed files to '/home/OSTR/modem_ws2/build/py_pubsub/install.log'
[22.914s] Invoked command in '/home/OSTR/modem_ws2/src/py_pubsub' returned '0': PYTHONPATH=/home/OSTR/modem_ws2/build/py_pubsub/prefix_override:/usr/lib/python3/dist-packages/colcon_core/task/python/colcon_distutils_commands:/home/OSTR/modem_ws2/install/py_pubsub/lib/python3.12/site-packages:${PYTHONPATH} /usr/bin/python3 -W ignore:setup.py install is deprecated setup.py egg_info --egg-base ../../build/py_pubsub build --build-base /home/OSTR/modem_ws2/build/py_pubsub/build install --record /home/OSTR/modem_ws2/build/py_pubsub/install.log --single-version-externally-managed install_data
