[0.998s] DEBUG:colcon:Command line arguments: ['/usr/bin/colcon', 'build']
[0.999s] DEBUG:colcon:Parsed command line arguments: Namespace(log_base=None, log_level=None, verb_name='build', build_base='build', install_base='install', merge_install=False, symlink_install=False, test_result_base=None, continue_on_error=False, executor='parallel', parallel_workers=4, event_handlers=None, ignore_user_meta=False, metas=['./colcon.meta'], base_paths=['.'], packages_ignore=None, packages_ignore_regex=None, paths=None, packages_up_to=None, packages_up_to_regex=None, packages_above=None, packages_above_and_dependencies=None, packages_above_depth=None, packages_select_by_dep=None, packages_skip_by_dep=None, packages_skip_up_to=None, packages_select_build_failed=False, packages_skip_build_finished=False, packages_select_test_failures=False, packages_skip_test_passed=False, packages_select=None, packages_skip=None, packages_select_regex=None, packages_skip_regex=None, packages_start=None, packages_end=None, allow_overriding=[], cmake_args=None, cmake_target=None, cmake_target_skip_unavailable=False, cmake_clean_cache=False, cmake_clean_first=False, cmake_force_configure=False, ament_cmake_args=None, catkin_cmake_args=None, catkin_skip_building_tests=False, mixin_files=None, mixin=None, verb_parser=<colcon_mixin.mixin.mixin_argument.MixinArgumentDecorator object at 0xffff87a3aed0>, verb_extension=<colcon_core.verb.build.BuildVerb object at 0xffff87ba5c10>, main=<bound method BuildVerb.main of <colcon_core.verb.build.BuildVerb object at 0xffff87ba5c10>>, mixin_verb=('build',))
[1.523s] Level 1:colcon.colcon_core.package_discovery:discover_packages(colcon_meta) check parameters
[1.524s] Level 1:colcon.colcon_core.package_discovery:discover_packages(recursive) check parameters
[1.524s] Level 1:colcon.colcon_core.package_discovery:discover_packages(ignore) check parameters
[1.524s] Level 1:colcon.colcon_core.package_discovery:discover_packages(path) check parameters
[1.524s] Level 1:colcon.colcon_core.package_discovery:discover_packages(colcon_meta) discover
[1.525s] Level 1:colcon.colcon_core.package_discovery:discover_packages(recursive) discover
[1.525s] INFO:colcon.colcon_core.package_discovery:Crawling recursively for packages in '/home/OSTR/modem_ws2'
[1.526s] Level 1:colcon.colcon_core.package_identification:_identify(.) by extensions ['ignore', 'ignore_ament_install']
[1.527s] Level 1:colcon.colcon_core.package_identification:_identify(.) by extension 'ignore'
[1.528s] Level 1:colcon.colcon_core.package_identification:_identify(.) by extension 'ignore_ament_install'
[1.528s] Level 1:colcon.colcon_core.package_identification:_identify(.) by extensions ['colcon_pkg']
[1.529s] Level 1:colcon.colcon_core.package_identification:_identify(.) by extension 'colcon_pkg'
[1.529s] Level 1:colcon.colcon_core.package_identification:_identify(.) by extensions ['colcon_meta']
[1.529s] Level 1:colcon.colcon_core.package_identification:_identify(.) by extension 'colcon_meta'
[1.529s] Level 1:colcon.colcon_core.package_identification:_identify(.) by extensions ['ros']
[1.530s] Level 1:colcon.colcon_core.package_identification:_identify(.) by extension 'ros'
[1.818s] Level 1:colcon.colcon_core.package_identification:_identify(.) by extensions ['cmake', 'python']
[1.818s] Level 1:colcon.colcon_core.package_identification:_identify(.) by extension 'cmake'
[1.819s] Level 1:colcon.colcon_core.package_identification:_identify(.) by extension 'python'
[1.819s] Level 1:colcon.colcon_core.package_identification:_identify(.) by extensions ['python_setup_py']
[1.819s] Level 1:colcon.colcon_core.package_identification:_identify(.) by extension 'python_setup_py'
[1.821s] Level 1:colcon.colcon_core.package_identification:_identify(build) by extensions ['ignore', 'ignore_ament_install']
[1.821s] Level 1:colcon.colcon_core.package_identification:_identify(build) by extension 'ignore'
[1.822s] Level 1:colcon.colcon_core.package_identification:_identify(build) ignored
[1.823s] Level 1:colcon.colcon_core.package_identification:_identify(install) by extensions ['ignore', 'ignore_ament_install']
[1.824s] Level 1:colcon.colcon_core.package_identification:_identify(install) by extension 'ignore'
[1.824s] Level 1:colcon.colcon_core.package_identification:_identify(install) ignored
[1.830s] Level 1:colcon.colcon_core.package_identification:_identify(log) by extensions ['ignore', 'ignore_ament_install']
[1.831s] Level 1:colcon.colcon_core.package_identification:_identify(log) by extension 'ignore'
[1.832s] Level 1:colcon.colcon_core.package_identification:_identify(log) ignored
[1.833s] Level 1:colcon.colcon_core.package_identification:_identify(src) by extensions ['ignore', 'ignore_ament_install']
[1.834s] Level 1:colcon.colcon_core.package_identification:_identify(src) by extension 'ignore'
[1.835s] Level 1:colcon.colcon_core.package_identification:_identify(src) by extension 'ignore_ament_install'
[1.835s] Level 1:colcon.colcon_core.package_identification:_identify(src) by extensions ['colcon_pkg']
[1.835s] Level 1:colcon.colcon_core.package_identification:_identify(src) by extension 'colcon_pkg'
[1.836s] Level 1:colcon.colcon_core.package_identification:_identify(src) by extensions ['colcon_meta']
[1.836s] Level 1:colcon.colcon_core.package_identification:_identify(src) by extension 'colcon_meta'
[1.836s] Level 1:colcon.colcon_core.package_identification:_identify(src) by extensions ['ros']
[1.837s] Level 1:colcon.colcon_core.package_identification:_identify(src) by extension 'ros'
[1.837s] Level 1:colcon.colcon_core.package_identification:_identify(src) by extensions ['cmake', 'python']
[1.838s] Level 1:colcon.colcon_core.package_identification:_identify(src) by extension 'cmake'
[1.838s] Level 1:colcon.colcon_core.package_identification:_identify(src) by extension 'python'
[1.838s] Level 1:colcon.colcon_core.package_identification:_identify(src) by extensions ['python_setup_py']
[1.839s] Level 1:colcon.colcon_core.package_identification:_identify(src) by extension 'python_setup_py'
[1.841s] Level 1:colcon.colcon_core.package_identification:_identify(src/py_pubsub) by extensions ['ignore', 'ignore_ament_install']
[1.842s] Level 1:colcon.colcon_core.package_identification:_identify(src/py_pubsub) by extension 'ignore'
[1.842s] Level 1:colcon.colcon_core.package_identification:_identify(src/py_pubsub) by extension 'ignore_ament_install'
[1.843s] Level 1:colcon.colcon_core.package_identification:_identify(src/py_pubsub) by extensions ['colcon_pkg']
[1.843s] Level 1:colcon.colcon_core.package_identification:_identify(src/py_pubsub) by extension 'colcon_pkg'
[1.844s] Level 1:colcon.colcon_core.package_identification:_identify(src/py_pubsub) by extensions ['colcon_meta']
[1.844s] Level 1:colcon.colcon_core.package_identification:_identify(src/py_pubsub) by extension 'colcon_meta'
[1.844s] Level 1:colcon.colcon_core.package_identification:_identify(src/py_pubsub) by extensions ['ros']
[1.844s] Level 1:colcon.colcon_core.package_identification:_identify(src/py_pubsub) by extension 'ros'
[1.869s] DEBUG:colcon.colcon_core.package_identification:Package 'src/py_pubsub' with type 'ros.ament_python' and name 'py_pubsub'
[1.870s] Level 1:colcon.colcon_core.package_discovery:discover_packages(recursive) using defaults
[1.870s] Level 1:colcon.colcon_core.package_discovery:discover_packages(ignore) discover
[1.870s] Level 1:colcon.colcon_core.package_discovery:discover_packages(ignore) using defaults
[1.871s] Level 1:colcon.colcon_core.package_discovery:discover_packages(path) discover
[1.871s] Level 1:colcon.colcon_core.package_discovery:discover_packages(path) using defaults
[2.078s] Level 1:colcon.colcon_core.package_discovery:discover_packages(prefix_path) check parameters
[2.078s] Level 1:colcon.colcon_core.package_discovery:discover_packages(prefix_path) discover
[2.106s] DEBUG:colcon.colcon_installed_package_information.package_discovery:Found 1 installed packages in /home/OSTR/modem_ws/install
[2.126s] DEBUG:colcon.colcon_installed_package_information.package_discovery:Found 285 installed packages in /opt/ros/jazzy
[2.134s] Level 1:colcon.colcon_core.package_discovery:discover_packages(prefix_path) using defaults
[2.598s] Level 5:colcon.colcon_core.verb:set package 'py_pubsub' build argument 'cmake_args' from command line to 'None'
[2.598s] Level 5:colcon.colcon_core.verb:set package 'py_pubsub' build argument 'cmake_target' from command line to 'None'
[2.598s] Level 5:colcon.colcon_core.verb:set package 'py_pubsub' build argument 'cmake_target_skip_unavailable' from command line to 'False'
[2.598s] Level 5:colcon.colcon_core.verb:set package 'py_pubsub' build argument 'cmake_clean_cache' from command line to 'False'
[2.599s] Level 5:colcon.colcon_core.verb:set package 'py_pubsub' build argument 'cmake_clean_first' from command line to 'False'
[2.599s] Level 5:colcon.colcon_core.verb:set package 'py_pubsub' build argument 'cmake_force_configure' from command line to 'False'
[2.599s] Level 5:colcon.colcon_core.verb:set package 'py_pubsub' build argument 'ament_cmake_args' from command line to 'None'
[2.599s] Level 5:colcon.colcon_core.verb:set package 'py_pubsub' build argument 'catkin_cmake_args' from command line to 'None'
[2.599s] Level 5:colcon.colcon_core.verb:set package 'py_pubsub' build argument 'catkin_skip_building_tests' from command line to 'False'
[2.600s] DEBUG:colcon.colcon_core.verb:Building package 'py_pubsub' with the following arguments: {'ament_cmake_args': None, 'build_base': '/home/OSTR/modem_ws2/build/py_pubsub', 'catkin_cmake_args': None, 'catkin_skip_building_tests': False, 'cmake_args': None, 'cmake_clean_cache': False, 'cmake_clean_first': False, 'cmake_force_configure': False, 'cmake_target': None, 'cmake_target_skip_unavailable': False, 'install_base': '/home/OSTR/modem_ws2/install/py_pubsub', 'merge_install': False, 'path': '/home/OSTR/modem_ws2/src/py_pubsub', 'symlink_install': False, 'test_result_base': None}
[2.601s] INFO:colcon.colcon_core.executor:Executing jobs using 'parallel' executor
[2.607s] DEBUG:colcon.colcon_parallel_executor.executor.parallel:run_until_complete
[2.608s] INFO:colcon.colcon_ros.task.ament_python.build:Building ROS package in '/home/OSTR/modem_ws2/src/py_pubsub' with build type 'ament_python'
[2.609s] Level 1:colcon.colcon_core.shell:create_environment_hook('py_pubsub', 'ament_prefix_path')
[2.645s] INFO:colcon.colcon_core.plugin_system:Skipping extension 'colcon_core.shell.bat': Not used on non-Windows systems
[2.647s] INFO:colcon.colcon_core.shell:Creating environment hook '/home/OSTR/modem_ws2/install/py_pubsub/share/py_pubsub/hook/ament_prefix_path.ps1'
[2.658s] INFO:colcon.colcon_core.shell:Creating environment descriptor '/home/OSTR/modem_ws2/install/py_pubsub/share/py_pubsub/hook/ament_prefix_path.dsv'
[2.663s] INFO:colcon.colcon_core.shell:Creating environment hook '/home/OSTR/modem_ws2/install/py_pubsub/share/py_pubsub/hook/ament_prefix_path.sh'
[2.673s] INFO:colcon.colcon_core.shell:Skip shell extension 'powershell' for command environment: Not usable outside of PowerShell
[2.674s] DEBUG:colcon.colcon_core.shell:Skip shell extension 'dsv' for command environment
[4.760s] INFO:colcon.colcon_core.task.python.build:Building Python package in '/home/OSTR/modem_ws2/src/py_pubsub'
[4.762s] INFO:colcon.colcon_core.shell:Skip shell extension 'powershell' for command environment: Not usable outside of PowerShell
[4.762s] DEBUG:colcon.colcon_core.shell:Skip shell extension 'dsv' for command environment
[12.027s] DEBUG:colcon.colcon_core.event_handler.log_command:Invoking command in '/home/OSTR/modem_ws2/src/py_pubsub': PYTHONPATH=/home/OSTR/modem_ws2/build/py_pubsub/prefix_override:/usr/lib/python3/dist-packages/colcon_core/task/python/colcon_distutils_commands:/home/OSTR/modem_ws2/install/py_pubsub/lib/python3.12/site-packages:${PYTHONPATH} /usr/bin/python3 -W ignore:setup.py install is deprecated setup.py egg_info --egg-base ../../build/py_pubsub build --build-base /home/OSTR/modem_ws2/build/py_pubsub/build install --record /home/OSTR/modem_ws2/build/py_pubsub/install.log --single-version-externally-managed install_data
[17.632s] DEBUG:colcon.colcon_core.event_handler.log_command:Invoked command in '/home/OSTR/modem_ws2/src/py_pubsub' returned '0': PYTHONPATH=/home/OSTR/modem_ws2/build/py_pubsub/prefix_override:/usr/lib/python3/dist-packages/colcon_core/task/python/colcon_distutils_commands:/home/OSTR/modem_ws2/install/py_pubsub/lib/python3.12/site-packages:${PYTHONPATH} /usr/bin/python3 -W ignore:setup.py install is deprecated setup.py egg_info --egg-base ../../build/py_pubsub build --build-base /home/OSTR/modem_ws2/build/py_pubsub/build install --record /home/OSTR/modem_ws2/build/py_pubsub/install.log --single-version-externally-managed install_data
[17.677s] Level 1:colcon.colcon_core.environment:checking '/home/OSTR/modem_ws2/install/py_pubsub' for CMake module files
[17.685s] Level 1:colcon.colcon_core.environment:checking '/home/OSTR/modem_ws2/install/py_pubsub' for CMake config files
[17.695s] Level 1:colcon.colcon_core.environment:checking '/home/OSTR/modem_ws2/install/py_pubsub/lib'
[17.696s] Level 1:colcon.colcon_core.environment:checking '/home/OSTR/modem_ws2/install/py_pubsub/bin'
[17.697s] Level 1:colcon.colcon_core.environment:checking '/home/OSTR/modem_ws2/install/py_pubsub/lib/pkgconfig/py_pubsub.pc'
[17.699s] Level 1:colcon.colcon_core.environment:checking '/home/OSTR/modem_ws2/install/py_pubsub/lib/python3.12/site-packages'
[17.700s] Level 1:colcon.colcon_core.shell:create_environment_hook('py_pubsub', 'pythonpath')
[17.701s] INFO:colcon.colcon_core.shell:Creating environment hook '/home/OSTR/modem_ws2/install/py_pubsub/share/py_pubsub/hook/pythonpath.ps1'
[17.705s] INFO:colcon.colcon_core.shell:Creating environment descriptor '/home/OSTR/modem_ws2/install/py_pubsub/share/py_pubsub/hook/pythonpath.dsv'
[17.708s] INFO:colcon.colcon_core.shell:Creating environment hook '/home/OSTR/modem_ws2/install/py_pubsub/share/py_pubsub/hook/pythonpath.sh'
[17.713s] Level 1:colcon.colcon_core.environment:checking '/home/OSTR/modem_ws2/install/py_pubsub/bin'
[17.714s] Level 1:colcon.colcon_core.environment:create_environment_scripts_only(py_pubsub)
[17.716s] INFO:colcon.colcon_core.shell:Creating package script '/home/OSTR/modem_ws2/install/py_pubsub/share/py_pubsub/package.ps1'
[17.723s] INFO:colcon.colcon_core.shell:Creating package descriptor '/home/OSTR/modem_ws2/install/py_pubsub/share/py_pubsub/package.dsv'
[17.729s] INFO:colcon.colcon_core.shell:Creating package script '/home/OSTR/modem_ws2/install/py_pubsub/share/py_pubsub/package.sh'
[17.735s] INFO:colcon.colcon_core.shell:Creating package script '/home/OSTR/modem_ws2/install/py_pubsub/share/py_pubsub/package.bash'
[17.744s] INFO:colcon.colcon_core.shell:Creating package script '/home/OSTR/modem_ws2/install/py_pubsub/share/py_pubsub/package.zsh'
[17.751s] Level 1:colcon.colcon_core.environment:create_file_with_runtime_dependencies(/home/OSTR/modem_ws2/install/py_pubsub/share/colcon-core/packages/py_pubsub)
[17.754s] DEBUG:colcon.colcon_parallel_executor.executor.parallel:closing loop
[17.756s] DEBUG:colcon.colcon_parallel_executor.executor.parallel:loop closed
[17.757s] DEBUG:colcon.colcon_parallel_executor.executor.parallel:run_until_complete finished with '0'
[17.758s] DEBUG:colcon.colcon_core.event_reactor:joining thread
[17.814s] INFO:colcon.colcon_core.plugin_system:Skipping extension 'colcon_notification.desktop_notification.notify_send': Could not find 'notify-send'
[17.814s] INFO:colcon.colcon_core.plugin_system:Skipping extension 'colcon_notification.desktop_notification.terminal_notifier': Not used on non-Darwin systems
[17.815s] INFO:colcon.colcon_core.plugin_system:Skipping extension 'colcon_notification.desktop_notification.win32': Not used on non-Windows systems
[17.815s] INFO:colcon.colcon_notification.desktop_notification:Sending desktop notification using 'notify2'
[17.919s] DEBUG:colcon.colcon_notification.desktop_notification.notify2:Failed to initialize notify2: org.freedesktop.DBus.Error.ServiceUnknown: The name org.freedesktop.Notifications was not provided by any .service files
[17.920s] DEBUG:colcon.colcon_core.event_reactor:joined thread
[17.922s] INFO:colcon.colcon_core.shell:Creating prefix script '/home/OSTR/modem_ws2/install/local_setup.ps1'
[17.931s] INFO:colcon.colcon_core.shell:Creating prefix util module '/home/OSTR/modem_ws2/install/_local_setup_util_ps1.py'
[17.945s] INFO:colcon.colcon_core.shell:Creating prefix chain script '/home/OSTR/modem_ws2/install/setup.ps1'
[17.955s] INFO:colcon.colcon_core.shell:Creating prefix script '/home/OSTR/modem_ws2/install/local_setup.sh'
[17.963s] INFO:colcon.colcon_core.shell:Creating prefix util module '/home/OSTR/modem_ws2/install/_local_setup_util_sh.py'
[17.968s] INFO:colcon.colcon_core.shell:Creating prefix chain script '/home/OSTR/modem_ws2/install/setup.sh'
[17.980s] INFO:colcon.colcon_core.shell:Creating prefix script '/home/OSTR/modem_ws2/install/local_setup.bash'
[17.985s] INFO:colcon.colcon_core.shell:Creating prefix chain script '/home/OSTR/modem_ws2/install/setup.bash'
[17.994s] INFO:colcon.colcon_core.shell:Creating prefix script '/home/OSTR/modem_ws2/install/local_setup.zsh'
[18.000s] INFO:colcon.colcon_core.shell:Creating prefix chain script '/home/OSTR/modem_ws2/install/setup.zsh'
