[16.070s] Invoking command in '/home/OSTR/modem_ws2/src/py_pubsub': PYTHONPATH=/home/OSTR/modem_ws2/build/py_pubsub/prefix_override:/usr/lib/python3/dist-packages/colcon_core/task/python/colcon_distutils_commands:/home/OSTR/modem_ws2/install/py_pubsub/lib/python3.12/site-packages:${PYTHONPATH} /usr/bin/python3 -W ignore:setup.py install is deprecated setup.py egg_info --egg-base ../../build/py_pubsub build --build-base /home/OSTR/modem_ws2/build/py_pubsub/build install --record /home/OSTR/modem_ws2/build/py_pubsub/install.log --single-version-externally-managed install_data
[28.670s] running egg_info
[28.673s] writing ../../build/py_pubsub/py_pubsub.egg-info/PKG-INFO
[34.207s] writing dependency_links to ../../build/py_pubsub/py_pubsub.egg-info/dependency_links.txt
[34.212s] writing entry points to ../../build/py_pubsub/py_pubsub.egg-info/entry_points.txt
[34.217s] writing requirements to ../../build/py_pubsub/py_pubsub.egg-info/requires.txt
[34.218s] writing top-level names to ../../build/py_pubsub/py_pubsub.egg-info/top_level.txt
[34.677s] reading manifest file '../../build/py_pubsub/py_pubsub.egg-info/SOURCES.txt'
[34.681s] adding license file 'LICENSE'
[34.686s] writing manifest file '../../build/py_pubsub/py_pubsub.egg-info/SOURCES.txt'
[34.786s] running build
[34.788s] running build_py
[34.801s] running install
[34.859s] running install_lib
[35.096s] byte-compiling /home/OSTR/modem_ws2/install/py_pubsub/lib/python3.12/site-packages/py_pubsub/fishtemp.py to fishtemp.cpython-312.pyc
[35.101s] Sorry: IndentationError: expected an indented block after function definition on line 31 (fishtemp.py, line 35)
[35.104s] running install_data
[35.105s] running install_egg_info
[35.331s] removing '/home/OSTR/modem_ws2/install/py_pubsub/lib/python3.12/site-packages/py_pubsub-0.0.0-py3.12.egg-info' (and everything under it)
[35.334s] Copying ../../build/py_pubsub/py_pubsub.egg-info to /home/OSTR/modem_ws2/install/py_pubsub/lib/python3.12/site-packages/py_pubsub-0.0.0-py3.12.egg-info
[35.345s] running install_scripts
[36.962s] Installing fishdepth script to /home/OSTR/modem_ws2/install/py_pubsub/lib/py_pubsub
[39.043s] Installing fishhub script to /home/OSTR/modem_ws2/install/py_pubsub/lib/py_pubsub
[39.046s] Installing fishimu script to /home/OSTR/modem_ws2/install/py_pubsub/lib/py_pubsub
[39.048s] Installing fishrec script to /home/OSTR/modem_ws2/install/py_pubsub/lib/py_pubsub
[39.051s] Installing fishspeed script to /home/OSTR/modem_ws2/install/py_pubsub/lib/py_pubsub
[39.054s] Installing fishtemp script to /home/OSTR/modem_ws2/install/py_pubsub/lib/py_pubsub
[39.055s] Installing fishtran script to /home/OSTR/modem_ws2/install/py_pubsub/lib/py_pubsub
[39.057s] Installing fishturn script to /home/OSTR/modem_ws2/install/py_pubsub/lib/py_pubsub
[39.059s] Installing hub script to /home/OSTR/modem_ws2/install/py_pubsub/lib/py_pubsub
[39.061s] Installing receive script to /home/OSTR/modem_ws2/install/py_pubsub/lib/py_pubsub
[39.062s] Installing transmit script to /home/OSTR/modem_ws2/install/py_pubsub/lib/py_pubsub
[39.067s] writing list of installed files to '/home/OSTR/modem_ws2/build/py_pubsub/install.log'
[39.378s] Invoked command in '/home/OSTR/modem_ws2/src/py_pubsub' returned '0': PYTHONPATH=/home/OSTR/modem_ws2/build/py_pubsub/prefix_override:/usr/lib/python3/dist-packages/colcon_core/task/python/colcon_distutils_commands:/home/OSTR/modem_ws2/install/py_pubsub/lib/python3.12/site-packages:${PYTHONPATH} /usr/bin/python3 -W ignore:setup.py install is deprecated setup.py egg_info --egg-base ../../build/py_pubsub build --build-base /home/OSTR/modem_ws2/build/py_pubsub/build install --record /home/OSTR/modem_ws2/build/py_pubsub/install.log --single-version-externally-managed install_data
