[8.112s] Invoking command in '/home/OSTR/modem_ws2/src/py_pubsub': PYTHONPATH=/home/OSTR/modem_ws2/build/py_pubsub/prefix_override:/usr/lib/python3/dist-packages/colcon_core/task/python/colcon_distutils_commands:/home/OSTR/modem_ws2/install/py_pubsub/lib/python3.12/site-packages:${PYTHONPATH} /usr/bin/python3 -W ignore:setup.py install is deprecated setup.py egg_info --egg-base ../../build/py_pubsub build --build-base /home/OSTR/modem_ws2/build/py_pubsub/build install --record /home/OSTR/modem_ws2/build/py_pubsub/install.log --single-version-externally-managed install_data
[10.784s] running egg_info
[10.997s] writing ../../build/py_pubsub/py_pubsub.egg-info/PKG-INFO
[10.999s] writing dependency_links to ../../build/py_pubsub/py_pubsub.egg-info/dependency_links.txt
[11.002s] writing entry points to ../../build/py_pubsub/py_pubsub.egg-info/entry_points.txt
[11.003s] writing requirements to ../../build/py_pubsub/py_pubsub.egg-info/requires.txt
[11.005s] writing top-level names to ../../build/py_pubsub/py_pubsub.egg-info/top_level.txt
[11.441s] reading manifest file '../../build/py_pubsub/py_pubsub.egg-info/SOURCES.txt'
[11.445s] adding license file 'LICENSE'
[11.450s] writing manifest file '../../build/py_pubsub/py_pubsub.egg-info/SOURCES.txt'
[11.452s] running build
[11.453s] running build_py
[11.456s] copying py_pubsub/fishtemp.py -> /home/OSTR/modem_ws2/build/py_pubsub/build/lib/py_pubsub
[11.465s] running install
[11.521s] running install_lib
[11.738s] copying /home/OSTR/modem_ws2/build/py_pubsub/build/lib/py_pubsub/fishtemp.py -> /home/OSTR/modem_ws2/install/py_pubsub/lib/python3.12/site-packages/py_pubsub
[11.748s] byte-compiling /home/OSTR/modem_ws2/install/py_pubsub/lib/python3.12/site-packages/py_pubsub/fishtemp.py to fishtemp.cpython-312.pyc
[11.759s] running install_data
[11.760s] running install_egg_info
[11.981s] removing '/home/OSTR/modem_ws2/install/py_pubsub/lib/python3.12/site-packages/py_pubsub-0.0.0-py3.12.egg-info' (and everything under it)
[11.985s] Copying ../../build/py_pubsub/py_pubsub.egg-info to /home/OSTR/modem_ws2/install/py_pubsub/lib/python3.12/site-packages/py_pubsub-0.0.0-py3.12.egg-info
[11.996s] running install_scripts
[13.447s] Installing fishbouyancy script to /home/OSTR/modem_ws2/install/py_pubsub/lib/py_pubsub
[13.449s] Installing fishdepth script to /home/OSTR/modem_ws2/install/py_pubsub/lib/py_pubsub
[13.451s] Installing fishfake script to /home/OSTR/modem_ws2/install/py_pubsub/lib/py_pubsub
[13.453s] Installing fishhub script to /home/OSTR/modem_ws2/install/py_pubsub/lib/py_pubsub
[13.455s] Installing fishimu script to /home/OSTR/modem_ws2/install/py_pubsub/lib/py_pubsub
[13.457s] Installing fishrec script to /home/OSTR/modem_ws2/install/py_pubsub/lib/py_pubsub
[13.458s] Installing fishspeed script to /home/OSTR/modem_ws2/install/py_pubsub/lib/py_pubsub
[13.460s] Installing fishtemp script to /home/OSTR/modem_ws2/install/py_pubsub/lib/py_pubsub
[13.462s] Installing fishtran script to /home/OSTR/modem_ws2/install/py_pubsub/lib/py_pubsub
[13.464s] Installing fishturn script to /home/OSTR/modem_ws2/install/py_pubsub/lib/py_pubsub
[13.466s] Installing hub script to /home/OSTR/modem_ws2/install/py_pubsub/lib/py_pubsub
[13.468s] Installing receive script to /home/OSTR/modem_ws2/install/py_pubsub/lib/py_pubsub
[13.470s] Installing transmit script to /home/OSTR/modem_ws2/install/py_pubsub/lib/py_pubsub
[13.475s] writing list of installed files to '/home/OSTR/modem_ws2/build/py_pubsub/install.log'
[13.781s] Invoked command in '/home/OSTR/modem_ws2/src/py_pubsub' returned '0': PYTHONPATH=/home/OSTR/modem_ws2/build/py_pubsub/prefix_override:/usr/lib/python3/dist-packages/colcon_core/task/python/colcon_distutils_commands:/home/OSTR/modem_ws2/install/py_pubsub/lib/python3.12/site-packages:${PYTHONPATH} /usr/bin/python3 -W ignore:setup.py install is deprecated setup.py egg_info --egg-base ../../build/py_pubsub build --build-base /home/OSTR/modem_ws2/build/py_pubsub/build install --record /home/OSTR/modem_ws2/build/py_pubsub/install.log --single-version-externally-managed install_data
