[12.838s] Invoking command in '/home/OSTR/modem_ws2/src/py_pubsub': PYTHONPATH=/home/OSTR/modem_ws2/build/py_pubsub/prefix_override:/usr/lib/python3/dist-packages/colcon_core/task/python/colcon_distutils_commands:/home/OSTR/modem_ws2/install/py_pubsub/lib/python3.12/site-packages:${PYTHONPATH} /usr/bin/python3 -W ignore:setup.py install is deprecated setup.py egg_info --egg-base ../../build/py_pubsub build --build-base /home/OSTR/modem_ws2/build/py_pubsub/build install --record /home/OSTR/modem_ws2/build/py_pubsub/install.log --single-version-externally-managed install_data
[16.447s] running egg_info
[16.752s] writing ../../build/py_pubsub/py_pubsub.egg-info/PKG-INFO
[16.756s] writing dependency_links to ../../build/py_pubsub/py_pubsub.egg-info/dependency_links.txt
[16.759s] writing entry points to ../../build/py_pubsub/py_pubsub.egg-info/entry_points.txt
[16.762s] writing requirements to ../../build/py_pubsub/py_pubsub.egg-info/requires.txt
[16.766s] writing top-level names to ../../build/py_pubsub/py_pubsub.egg-info/top_level.txt
[17.375s] reading manifest file '../../build/py_pubsub/py_pubsub.egg-info/SOURCES.txt'
[17.380s] adding license file 'LICENSE'
[17.387s] writing manifest file '../../build/py_pubsub/py_pubsub.egg-info/SOURCES.txt'
[17.389s] running build
[17.390s] running build_py
[17.425s] running install
[17.492s] running install_lib
[17.809s] running install_data
[17.811s] running install_egg_info
[18.116s] removing '/home/OSTR/modem_ws2/install/py_pubsub/lib/python3.12/site-packages/py_pubsub-0.0.0-py3.12.egg-info' (and everything under it)
[18.121s] Copying ../../build/py_pubsub/py_pubsub.egg-info to /home/OSTR/modem_ws2/install/py_pubsub/lib/python3.12/site-packages/py_pubsub-0.0.0-py3.12.egg-info
[18.135s] running install_scripts
[20.092s] Installing fishbouyancy script to /home/OSTR/modem_ws2/install/py_pubsub/lib/py_pubsub
[20.097s] Installing fishdepth script to /home/OSTR/modem_ws2/install/py_pubsub/lib/py_pubsub
[20.099s] Installing fishfake script to /home/OSTR/modem_ws2/install/py_pubsub/lib/py_pubsub
[20.101s] Installing fishhub script to /home/OSTR/modem_ws2/install/py_pubsub/lib/py_pubsub
[20.103s] Installing fishimu script to /home/OSTR/modem_ws2/install/py_pubsub/lib/py_pubsub
[20.105s] Installing fishrec script to /home/OSTR/modem_ws2/install/py_pubsub/lib/py_pubsub
[20.107s] Installing fishspeed script to /home/OSTR/modem_ws2/install/py_pubsub/lib/py_pubsub
[20.109s] Installing fishtemp script to /home/OSTR/modem_ws2/install/py_pubsub/lib/py_pubsub
[20.111s] Installing fishtran script to /home/OSTR/modem_ws2/install/py_pubsub/lib/py_pubsub
[20.113s] Installing fishturn script to /home/OSTR/modem_ws2/install/py_pubsub/lib/py_pubsub
[20.115s] Installing fldigirx script to /home/OSTR/modem_ws2/install/py_pubsub/lib/py_pubsub
[20.117s] Installing hub script to /home/OSTR/modem_ws2/install/py_pubsub/lib/py_pubsub
[20.119s] Installing receive script to /home/OSTR/modem_ws2/install/py_pubsub/lib/py_pubsub
[20.122s] Installing transmit script to /home/OSTR/modem_ws2/install/py_pubsub/lib/py_pubsub
[20.127s] writing list of installed files to '/home/OSTR/modem_ws2/build/py_pubsub/install.log'
[20.508s] Invoked command in '/home/OSTR/modem_ws2/src/py_pubsub' returned '0': PYTHONPATH=/home/OSTR/modem_ws2/build/py_pubsub/prefix_override:/usr/lib/python3/dist-packages/colcon_core/task/python/colcon_distutils_commands:/home/OSTR/modem_ws2/install/py_pubsub/lib/python3.12/site-packages:${PYTHONPATH} /usr/bin/python3 -W ignore:setup.py install is deprecated setup.py egg_info --egg-base ../../build/py_pubsub build --build-base /home/OSTR/modem_ws2/build/py_pubsub/build install --record /home/OSTR/modem_ws2/build/py_pubsub/install.log --single-version-externally-managed install_data
