[7.942s] Invoking command in '/home/OSTR/modem_ws2/src/py_pubsub': PYTHONPATH=/home/OSTR/modem_ws2/build/py_pubsub/prefix_override:/usr/lib/python3/dist-packages/colcon_core/task/python/colcon_distutils_commands:/home/OSTR/modem_ws2/install/py_pubsub/lib/python3.12/site-packages:${PYTHONPATH} /usr/bin/python3 -W ignore:setup.py install is deprecated setup.py egg_info --egg-base ../../build/py_pubsub build --build-base /home/OSTR/modem_ws2/build/py_pubsub/build install --record /home/OSTR/modem_ws2/build/py_pubsub/install.log --single-version-externally-managed install_data
[10.536s] running egg_info
[10.742s] writing ../../build/py_pubsub/py_pubsub.egg-info/PKG-INFO
[10.744s] writing dependency_links to ../../build/py_pubsub/py_pubsub.egg-info/dependency_links.txt
[10.747s] writing entry points to ../../build/py_pubsub/py_pubsub.egg-info/entry_points.txt
[10.748s] writing requirements to ../../build/py_pubsub/py_pubsub.egg-info/requires.txt
[10.749s] writing top-level names to ../../build/py_pubsub/py_pubsub.egg-info/top_level.txt
[11.167s] reading manifest file '../../build/py_pubsub/py_pubsub.egg-info/SOURCES.txt'
[11.170s] adding license file 'LICENSE'
[11.176s] writing manifest file '../../build/py_pubsub/py_pubsub.egg-info/SOURCES.txt'
[11.177s] running build
[11.178s] running build_py
[11.184s] copying py_pubsub/fishturn.py -> /home/OSTR/modem_ws2/build/py_pubsub/build/lib/py_pubsub
[11.188s] running install
[11.244s] running install_lib
[11.456s] copying /home/OSTR/modem_ws2/build/py_pubsub/build/lib/py_pubsub/fishturn.py -> /home/OSTR/modem_ws2/install/py_pubsub/lib/python3.12/site-packages/py_pubsub
[11.462s] byte-compiling /home/OSTR/modem_ws2/install/py_pubsub/lib/python3.12/site-packages/py_pubsub/fishtemp.py to fishtemp.cpython-312.pyc
[11.464s]   File "/home/OSTR/modem_ws2/install/py_pubsub/lib/python3.12/site-packages/py_pubsub/fishtemp.py", line 15
[11.465s]     def main()
[11.466s]               ^
[11.467s] SyntaxError: expected ':'
[11.468s] 
[11.469s] byte-compiling /home/OSTR/modem_ws2/install/py_pubsub/lib/python3.12/site-packages/py_pubsub/fishturn.py to fishturn.cpython-312.pyc
[11.475s] running install_data
[11.477s] running install_egg_info
[11.696s] removing '/home/OSTR/modem_ws2/install/py_pubsub/lib/python3.12/site-packages/py_pubsub-0.0.0-py3.12.egg-info' (and everything under it)
[11.699s] Copying ../../build/py_pubsub/py_pubsub.egg-info to /home/OSTR/modem_ws2/install/py_pubsub/lib/python3.12/site-packages/py_pubsub-0.0.0-py3.12.egg-info
[11.710s] running install_scripts
[13.116s] Installing fishdepth script to /home/OSTR/modem_ws2/install/py_pubsub/lib/py_pubsub
[13.117s] Installing fishhub script to /home/OSTR/modem_ws2/install/py_pubsub/lib/py_pubsub
[13.119s] Installing fishrec script to /home/OSTR/modem_ws2/install/py_pubsub/lib/py_pubsub
[13.121s] Installing fishspeed script to /home/OSTR/modem_ws2/install/py_pubsub/lib/py_pubsub
[13.122s] Installing fishtran script to /home/OSTR/modem_ws2/install/py_pubsub/lib/py_pubsub
[13.124s] Installing fishturn script to /home/OSTR/modem_ws2/install/py_pubsub/lib/py_pubsub
[13.126s] Installing hub script to /home/OSTR/modem_ws2/install/py_pubsub/lib/py_pubsub
[13.128s] Installing receive script to /home/OSTR/modem_ws2/install/py_pubsub/lib/py_pubsub
[13.129s] Installing transmit script to /home/OSTR/modem_ws2/install/py_pubsub/lib/py_pubsub
[13.135s] writing list of installed files to '/home/OSTR/modem_ws2/build/py_pubsub/install.log'
[13.425s] Invoked command in '/home/OSTR/modem_ws2/src/py_pubsub' returned '0': PYTHONPATH=/home/OSTR/modem_ws2/build/py_pubsub/prefix_override:/usr/lib/python3/dist-packages/colcon_core/task/python/colcon_distutils_commands:/home/OSTR/modem_ws2/install/py_pubsub/lib/python3.12/site-packages:${PYTHONPATH} /usr/bin/python3 -W ignore:setup.py install is deprecated setup.py egg_info --egg-base ../../build/py_pubsub build --build-base /home/OSTR/modem_ws2/build/py_pubsub/build install --record /home/OSTR/modem_ws2/build/py_pubsub/install.log --single-version-externally-managed install_data
