[2.214s] DEBUG:colcon:Command line arguments: ['/usr/bin/colcon', 'build']
[2.215s] DEBUG:colcon:Parsed command line arguments: Namespace(log_base=None, log_level=None, verb_name='build', build_base='build', install_base='install', merge_install=False, symlink_install=False, test_result_base=None, continue_on_error=False, executor='parallel', parallel_workers=4, event_handlers=None, ignore_user_meta=False, metas=['./colcon.meta'], base_paths=['.'], packages_ignore=None, packages_ignore_regex=None, paths=None, packages_up_to=None, packages_up_to_regex=None, packages_above=None, packages_above_and_dependencies=None, packages_above_depth=None, packages_select_by_dep=None, packages_skip_by_dep=None, packages_skip_up_to=None, packages_select_build_failed=False, packages_skip_build_finished=False, packages_select_test_failures=False, packages_skip_test_passed=False, packages_select=None, packages_skip=None, packages_select_regex=None, packages_skip_regex=None, packages_start=None, packages_end=None, allow_overriding=[], cmake_args=None, cmake_target=None, cmake_target_skip_unavailable=False, cmake_clean_cache=False, cmake_clean_first=False, cmake_force_configure=False, ament_cmake_args=None, catkin_cmake_args=None, catkin_skip_building_tests=False, mixin_files=None, mixin=None, verb_parser=<colcon_mixin.mixin.mixin_argument.MixinArgumentDecorator object at 0xffffaac8ae70>, verb_extension=<colcon_core.verb.build.BuildVerb object at 0xffffaae3d250>, main=<bound method BuildVerb.main of <colcon_core.verb.build.BuildVerb object at 0xffffaae3d250>>, mixin_verb=('build',))
[2.757s] Level 1:colcon.colcon_core.package_discovery:discover_packages(colcon_meta) check parameters
[2.758s] Level 1:colcon.colcon_core.package_discovery:discover_packages(recursive) check parameters
[2.758s] Level 1:colcon.colcon_core.package_discovery:discover_packages(ignore) check parameters
[2.758s] Level 1:colcon.colcon_core.package_discovery:discover_packages(path) check parameters
[2.759s] Level 1:colcon.colcon_core.package_discovery:discover_packages(colcon_meta) discover
[2.759s] Level 1:colcon.colcon_core.package_discovery:discover_packages(recursive) discover
[2.760s] INFO:colcon.colcon_core.package_discovery:Crawling recursively for packages in '/home/OSTR/modem_ws2/src/py_pubsub/py_pubsub'
[2.761s] Level 1:colcon.colcon_core.package_identification:_identify(.) by extensions ['ignore', 'ignore_ament_install']
[2.762s] Level 1:colcon.colcon_core.package_identification:_identify(.) by extension 'ignore'
[2.762s] Level 1:colcon.colcon_core.package_identification:_identify(.) by extension 'ignore_ament_install'
[2.763s] Level 1:colcon.colcon_core.package_identification:_identify(.) by extensions ['colcon_pkg']
[2.763s] Level 1:colcon.colcon_core.package_identification:_identify(.) by extension 'colcon_pkg'
[2.764s] Level 1:colcon.colcon_core.package_identification:_identify(.) by extensions ['colcon_meta']
[2.764s] Level 1:colcon.colcon_core.package_identification:_identify(.) by extension 'colcon_meta'
[2.764s] Level 1:colcon.colcon_core.package_identification:_identify(.) by extensions ['ros']
[2.765s] Level 1:colcon.colcon_core.package_identification:_identify(.) by extension 'ros'
[3.057s] Level 1:colcon.colcon_core.package_identification:_identify(.) by extensions ['cmake', 'python']
[3.058s] Level 1:colcon.colcon_core.package_identification:_identify(.) by extension 'cmake'
[3.058s] Level 1:colcon.colcon_core.package_identification:_identify(.) by extension 'python'
[3.059s] Level 1:colcon.colcon_core.package_identification:_identify(.) by extensions ['python_setup_py']
[3.059s] Level 1:colcon.colcon_core.package_identification:_identify(.) by extension 'python_setup_py'
[3.061s] Level 1:colcon.colcon_core.package_identification:_identify(__pycache__) by extensions ['ignore', 'ignore_ament_install']
[3.062s] Level 1:colcon.colcon_core.package_identification:_identify(__pycache__) by extension 'ignore'
[3.063s] Level 1:colcon.colcon_core.package_identification:_identify(__pycache__) by extension 'ignore_ament_install'
[3.064s] Level 1:colcon.colcon_core.package_identification:_identify(__pycache__) by extensions ['colcon_pkg']
[3.064s] Level 1:colcon.colcon_core.package_identification:_identify(__pycache__) by extension 'colcon_pkg'
[3.064s] Level 1:colcon.colcon_core.package_identification:_identify(__pycache__) by extensions ['colcon_meta']
[3.065s] Level 1:colcon.colcon_core.package_identification:_identify(__pycache__) by extension 'colcon_meta'
[3.065s] Level 1:colcon.colcon_core.package_identification:_identify(__pycache__) by extensions ['ros']
[3.065s] Level 1:colcon.colcon_core.package_identification:_identify(__pycache__) by extension 'ros'
[3.066s] Level 1:colcon.colcon_core.package_identification:_identify(__pycache__) by extensions ['cmake', 'python']
[3.066s] Level 1:colcon.colcon_core.package_identification:_identify(__pycache__) by extension 'cmake'
[3.067s] Level 1:colcon.colcon_core.package_identification:_identify(__pycache__) by extension 'python'
[3.067s] Level 1:colcon.colcon_core.package_identification:_identify(__pycache__) by extensions ['python_setup_py']
[3.067s] Level 1:colcon.colcon_core.package_identification:_identify(__pycache__) by extension 'python_setup_py'
[3.068s] Level 1:colcon.colcon_core.package_identification:_identify(build) by extensions ['ignore', 'ignore_ament_install']
[3.069s] Level 1:colcon.colcon_core.package_identification:_identify(build) by extension 'ignore'
[3.070s] Level 1:colcon.colcon_core.package_identification:_identify(build) ignored
[3.071s] Level 1:colcon.colcon_core.package_identification:_identify(install) by extensions ['ignore', 'ignore_ament_install']
[3.072s] Level 1:colcon.colcon_core.package_identification:_identify(install) by extension 'ignore'
[3.072s] Level 1:colcon.colcon_core.package_identification:_identify(install) ignored
[3.073s] Level 1:colcon.colcon_core.package_identification:_identify(log) by extensions ['ignore', 'ignore_ament_install']
[3.074s] Level 1:colcon.colcon_core.package_identification:_identify(log) by extension 'ignore'
[3.074s] Level 1:colcon.colcon_core.package_identification:_identify(log) ignored
[3.074s] Level 1:colcon.colcon_core.package_discovery:discover_packages(recursive) using defaults
[3.075s] Level 1:colcon.colcon_core.package_discovery:discover_packages(ignore) discover
[3.075s] Level 1:colcon.colcon_core.package_discovery:discover_packages(ignore) using defaults
[3.075s] Level 1:colcon.colcon_core.package_discovery:discover_packages(path) discover
[3.075s] Level 1:colcon.colcon_core.package_discovery:discover_packages(path) using defaults
[3.275s] Level 1:colcon.colcon_core.package_discovery:discover_packages(prefix_path) check parameters
[3.275s] Level 1:colcon.colcon_core.package_discovery:discover_packages(prefix_path) discover
[3.317s] DEBUG:colcon.colcon_installed_package_information.package_discovery:Found 285 installed packages in /opt/ros/jazzy
[3.325s] Level 1:colcon.colcon_core.package_discovery:discover_packages(prefix_path) using defaults
[3.795s] INFO:colcon.colcon_core.executor:Executing jobs using 'parallel' executor
[3.800s] DEBUG:colcon.colcon_parallel_executor.executor.parallel:run_until_complete
[3.802s] DEBUG:colcon.colcon_parallel_executor.executor.parallel:closing loop
[3.803s] DEBUG:colcon.colcon_parallel_executor.executor.parallel:loop closed
[3.803s] DEBUG:colcon.colcon_parallel_executor.executor.parallel:run_until_complete finished with '0'
[3.804s] DEBUG:colcon.colcon_core.event_reactor:joining thread
[3.853s] INFO:colcon.colcon_core.plugin_system:Skipping extension 'colcon_notification.desktop_notification.notify_send': Could not find 'notify-send'
[3.854s] INFO:colcon.colcon_core.plugin_system:Skipping extension 'colcon_notification.desktop_notification.terminal_notifier': Not used on non-Darwin systems
[3.855s] INFO:colcon.colcon_core.plugin_system:Skipping extension 'colcon_notification.desktop_notification.win32': Not used on non-Windows systems
[3.855s] INFO:colcon.colcon_notification.desktop_notification:Sending desktop notification using 'notify2'
[3.861s] DEBUG:colcon.colcon_notification.desktop_notification.notify2:Failed to initialize notify2: org.freedesktop.DBus.Error.ServiceUnknown: The name org.freedesktop.Notifications was not provided by any .service files
[3.862s] DEBUG:colcon.colcon_core.event_reactor:joined thread
[3.898s] INFO:colcon.colcon_core.plugin_system:Skipping extension 'colcon_core.shell.bat': Not used on non-Windows systems
[3.900s] INFO:colcon.colcon_core.shell:Creating prefix script '/home/OSTR/modem_ws2/src/py_pubsub/py_pubsub/install/local_setup.ps1'
[3.909s] INFO:colcon.colcon_core.shell:Creating prefix util module '/home/OSTR/modem_ws2/src/py_pubsub/py_pubsub/install/_local_setup_util_ps1.py'
[3.921s] INFO:colcon.colcon_core.shell:Creating prefix chain script '/home/OSTR/modem_ws2/src/py_pubsub/py_pubsub/install/setup.ps1'
[3.929s] INFO:colcon.colcon_core.shell:Creating prefix script '/home/OSTR/modem_ws2/src/py_pubsub/py_pubsub/install/local_setup.sh'
[3.935s] INFO:colcon.colcon_core.shell:Creating prefix util module '/home/OSTR/modem_ws2/src/py_pubsub/py_pubsub/install/_local_setup_util_sh.py'
[3.941s] INFO:colcon.colcon_core.shell:Creating prefix chain script '/home/OSTR/modem_ws2/src/py_pubsub/py_pubsub/install/setup.sh'
[3.949s] INFO:colcon.colcon_core.shell:Creating prefix script '/home/OSTR/modem_ws2/src/py_pubsub/py_pubsub/install/local_setup.bash'
[3.955s] INFO:colcon.colcon_core.shell:Creating prefix chain script '/home/OSTR/modem_ws2/src/py_pubsub/py_pubsub/install/setup.bash'
[3.963s] INFO:colcon.colcon_core.shell:Creating prefix script '/home/OSTR/modem_ws2/src/py_pubsub/py_pubsub/install/local_setup.zsh'
[3.969s] INFO:colcon.colcon_core.shell:Creating prefix chain script '/home/OSTR/modem_ws2/src/py_pubsub/py_pubsub/install/setup.zsh'
