[12.785s] Invoking command in '/home/OSTR/modem_ws2/src/py_pubsub': PYTHONPATH=/home/OSTR/modem_ws2/build/py_pubsub/prefix_override:/usr/lib/python3/dist-packages/colcon_core/task/python/colcon_distutils_commands:/home/OSTR/modem_ws2/install/py_pubsub/lib/python3.12/site-packages:${PYTHONPATH} /usr/bin/python3 -W ignore:setup.py install is deprecated setup.py egg_info --egg-base ../../build/py_pubsub build --build-base /home/OSTR/modem_ws2/build/py_pubsub/build install --record /home/OSTR/modem_ws2/build/py_pubsub/install.log --single-version-externally-managed install_data
[16.343s] running egg_info
[16.639s] writing ../../build/py_pubsub/py_pubsub.egg-info/PKG-INFO
[16.643s] writing dependency_links to ../../build/py_pubsub/py_pubsub.egg-info/dependency_links.txt
[16.646s] writing entry points to ../../build/py_pubsub/py_pubsub.egg-info/entry_points.txt
[16.648s] writing requirements to ../../build/py_pubsub/py_pubsub.egg-info/requires.txt
[16.651s] writing top-level names to ../../build/py_pubsub/py_pubsub.egg-info/top_level.txt
[17.278s] reading manifest file '../../build/py_pubsub/py_pubsub.egg-info/SOURCES.txt'
[17.283s] adding license file 'LICENSE'
[17.294s] writing manifest file '../../build/py_pubsub/py_pubsub.egg-info/SOURCES.txt'
[17.300s] running build
[17.302s] running build_py
[17.341s] running install
[17.410s] running install_lib
[17.731s] running install_data
[17.742s] running install_egg_info
[18.045s] removing '/home/OSTR/modem_ws2/install/py_pubsub/lib/python3.12/site-packages/py_pubsub-0.0.0-py3.12.egg-info' (and everything under it)
[18.049s] Copying ../../build/py_pubsub/py_pubsub.egg-info to /home/OSTR/modem_ws2/install/py_pubsub/lib/python3.12/site-packages/py_pubsub-0.0.0-py3.12.egg-info
[18.089s] running install_scripts
[20.028s] Installing fishbouyancy script to /home/OSTR/modem_ws2/install/py_pubsub/lib/py_pubsub
[20.031s] Installing fishdepth script to /home/OSTR/modem_ws2/install/py_pubsub/lib/py_pubsub
[20.033s] Installing fishfake script to /home/OSTR/modem_ws2/install/py_pubsub/lib/py_pubsub
[20.035s] Installing fishhub script to /home/OSTR/modem_ws2/install/py_pubsub/lib/py_pubsub
[20.038s] Installing fishimu script to /home/OSTR/modem_ws2/install/py_pubsub/lib/py_pubsub
[20.053s] Installing fishrec script to /home/OSTR/modem_ws2/install/py_pubsub/lib/py_pubsub
[20.075s] Installing fishspeed script to /home/OSTR/modem_ws2/install/py_pubsub/lib/py_pubsub
[20.102s] Installing fishtemp script to /home/OSTR/modem_ws2/install/py_pubsub/lib/py_pubsub
[20.123s] Installing fishtran script to /home/OSTR/modem_ws2/install/py_pubsub/lib/py_pubsub
[20.140s] Installing fishturn script to /home/OSTR/modem_ws2/install/py_pubsub/lib/py_pubsub
[20.143s] Installing fldigirx script to /home/OSTR/modem_ws2/install/py_pubsub/lib/py_pubsub
[20.145s] Installing fldigitx script to /home/OSTR/modem_ws2/install/py_pubsub/lib/py_pubsub
[20.147s] Installing hub script to /home/OSTR/modem_ws2/install/py_pubsub/lib/py_pubsub
[20.152s] Installing receive script to /home/OSTR/modem_ws2/install/py_pubsub/lib/py_pubsub
[20.154s] Installing transmit script to /home/OSTR/modem_ws2/install/py_pubsub/lib/py_pubsub
[20.160s] writing list of installed files to '/home/OSTR/modem_ws2/build/py_pubsub/install.log'
[20.534s] Invoked command in '/home/OSTR/modem_ws2/src/py_pubsub' returned '0': PYTHONPATH=/home/OSTR/modem_ws2/build/py_pubsub/prefix_override:/usr/lib/python3/dist-packages/colcon_core/task/python/colcon_distutils_commands:/home/OSTR/modem_ws2/install/py_pubsub/lib/python3.12/site-packages:${PYTHONPATH} /usr/bin/python3 -W ignore:setup.py install is deprecated setup.py egg_info --egg-base ../../build/py_pubsub build --build-base /home/OSTR/modem_ws2/build/py_pubsub/build install --record /home/OSTR/modem_ws2/build/py_pubsub/install.log --single-version-externally-managed install_data
