/home/OSTR/modem_ws2/install/py_pubsub/lib/python3.12/site-packages/py_pubsub/fishrec.py
/home/OSTR/modem_ws2/install/py_pubsub/lib/python3.12/site-packages/py_pubsub/fishHub.py
/home/OSTR/modem_ws2/install/py_pubsub/lib/python3.12/site-packages/py_pubsub/transmitter.py
/home/OSTR/modem_ws2/install/py_pubsub/lib/python3.12/site-packages/py_pubsub/fishtemp.py
/home/OSTR/modem_ws2/install/py_pubsub/lib/python3.12/site-packages/py_pubsub/fishimu.py
/home/OSTR/modem_ws2/install/py_pubsub/lib/python3.12/site-packages/py_pubsub/OSTR_hat_code.py
/home/OSTR/modem_ws2/install/py_pubsub/lib/python3.12/site-packages/py_pubsub/fishtrans.py
/home/OSTR/modem_ws2/install/py_pubsub/lib/python3.12/site-packages/py_pubsub/fldigirx.py
/home/OSTR/modem_ws2/install/py_pubsub/lib/python3.12/site-packages/py_pubsub/fakefishrecv.py
/home/OSTR/modem_ws2/install/py_pubsub/lib/python3.12/site-packages/py_pubsub/setupDoNotUse.py
/home/OSTR/modem_ws2/install/py_pubsub/lib/python3.12/site-packages/py_pubsub/__init__.py
/home/OSTR/modem_ws2/install/py_pubsub/lib/python3.12/site-packages/py_pubsub/fishdepth.py
/home/OSTR/modem_ws2/install/py_pubsub/lib/python3.12/site-packages/py_pubsub/fishspeed.py
/home/OSTR/modem_ws2/install/py_pubsub/lib/python3.12/site-packages/py_pubsub/receiver.py
/home/OSTR/modem_ws2/install/py_pubsub/lib/python3.12/site-packages/py_pubsub/receiver_old.py
/home/OSTR/modem_ws2/install/py_pubsub/lib/python3.12/site-packages/py_pubsub/fldigitx.py
/home/OSTR/modem_ws2/install/py_pubsub/lib/python3.12/site-packages/py_pubsub/fishturn.py
/home/OSTR/modem_ws2/install/py_pubsub/lib/python3.12/site-packages/py_pubsub/boyancy_contoler.py
/home/OSTR/modem_ws2/install/py_pubsub/lib/python3.12/site-packages/py_pubsub/hub.py
/home/OSTR/modem_ws2/install/py_pubsub/lib/python3.12/site-packages/py_pubsub/fishtran.py
/home/OSTR/modem_ws2/install/py_pubsub/lib/python3.12/site-packages/py_pubsub/__pycache__/fishrec.cpython-312.pyc
/home/OSTR/modem_ws2/install/py_pubsub/lib/python3.12/site-packages/py_pubsub/__pycache__/fishHub.cpython-312.pyc
/home/OSTR/modem_ws2/install/py_pubsub/lib/python3.12/site-packages/py_pubsub/__pycache__/transmitter.cpython-312.pyc
/home/OSTR/modem_ws2/install/py_pubsub/lib/python3.12/site-packages/py_pubsub/__pycache__/fishtemp.cpython-312.pyc
/home/OSTR/modem_ws2/install/py_pubsub/lib/python3.12/site-packages/py_pubsub/__pycache__/fishimu.cpython-312.pyc
/home/OSTR/modem_ws2/install/py_pubsub/lib/python3.12/site-packages/py_pubsub/__pycache__/OSTR_hat_code.cpython-312.pyc
/home/OSTR/modem_ws2/install/py_pubsub/lib/python3.12/site-packages/py_pubsub/__pycache__/fishtrans.cpython-312.pyc
/home/OSTR/modem_ws2/install/py_pubsub/lib/python3.12/site-packages/py_pubsub/__pycache__/fldigirx.cpython-312.pyc
/home/OSTR/modem_ws2/install/py_pubsub/lib/python3.12/site-packages/py_pubsub/__pycache__/fakefishrecv.cpython-312.pyc
/home/OSTR/modem_ws2/install/py_pubsub/lib/python3.12/site-packages/py_pubsub/__pycache__/setupDoNotUse.cpython-312.pyc
/home/OSTR/modem_ws2/install/py_pubsub/lib/python3.12/site-packages/py_pubsub/__pycache__/__init__.cpython-312.pyc
/home/OSTR/modem_ws2/install/py_pubsub/lib/python3.12/site-packages/py_pubsub/__pycache__/fishdepth.cpython-312.pyc
/home/OSTR/modem_ws2/install/py_pubsub/lib/python3.12/site-packages/py_pubsub/__pycache__/fishspeed.cpython-312.pyc
/home/OSTR/modem_ws2/install/py_pubsub/lib/python3.12/site-packages/py_pubsub/__pycache__/receiver.cpython-312.pyc
/home/OSTR/modem_ws2/install/py_pubsub/lib/python3.12/site-packages/py_pubsub/__pycache__/receiver_old.cpython-312.pyc
/home/OSTR/modem_ws2/install/py_pubsub/lib/python3.12/site-packages/py_pubsub/__pycache__/fldigitx.cpython-312.pyc
/home/OSTR/modem_ws2/install/py_pubsub/lib/python3.12/site-packages/py_pubsub/__pycache__/fishturn.cpython-312.pyc
/home/OSTR/modem_ws2/install/py_pubsub/lib/python3.12/site-packages/py_pubsub/__pycache__/boyancy_contoler.cpython-312.pyc
/home/OSTR/modem_ws2/install/py_pubsub/lib/python3.12/site-packages/py_pubsub/__pycache__/hub.cpython-312.pyc
/home/OSTR/modem_ws2/install/py_pubsub/lib/python3.12/site-packages/py_pubsub/__pycache__/fishtran.cpython-312.pyc
/home/OSTR/modem_ws2/install/py_pubsub/share/ament_index/resource_index/packages/py_pubsub
/home/OSTR/modem_ws2/install/py_pubsub/share/py_pubsub/package.xml
/home/OSTR/modem_ws2/install/py_pubsub/lib/python3.12/site-packages/py_pubsub-0.0.0-py3.12.egg-info/dependency_links.txt
/home/OSTR/modem_ws2/install/py_pubsub/lib/python3.12/site-packages/py_pubsub-0.0.0-py3.12.egg-info/entry_points.txt
/home/OSTR/modem_ws2/install/py_pubsub/lib/python3.12/site-packages/py_pubsub-0.0.0-py3.12.egg-info/PKG-INFO
/home/OSTR/modem_ws2/install/py_pubsub/lib/python3.12/site-packages/py_pubsub-0.0.0-py3.12.egg-info/zip-safe
/home/OSTR/modem_ws2/install/py_pubsub/lib/python3.12/site-packages/py_pubsub-0.0.0-py3.12.egg-info/top_level.txt
/home/OSTR/modem_ws2/install/py_pubsub/lib/python3.12/site-packages/py_pubsub-0.0.0-py3.12.egg-info/SOURCES.txt
/home/OSTR/modem_ws2/install/py_pubsub/lib/python3.12/site-packages/py_pubsub-0.0.0-py3.12.egg-info/requires.txt
/home/OSTR/modem_ws2/install/py_pubsub/lib/py_pubsub/fishbouyancy
/home/OSTR/modem_ws2/install/py_pubsub/lib/py_pubsub/fishdepth
/home/OSTR/modem_ws2/install/py_pubsub/lib/py_pubsub/fishfake
/home/OSTR/modem_ws2/install/py_pubsub/lib/py_pubsub/fishhub
/home/OSTR/modem_ws2/install/py_pubsub/lib/py_pubsub/fishimu
/home/OSTR/modem_ws2/install/py_pubsub/lib/py_pubsub/fishrec
/home/OSTR/modem_ws2/install/py_pubsub/lib/py_pubsub/fishspeed
/home/OSTR/modem_ws2/install/py_pubsub/lib/py_pubsub/fishtemp
/home/OSTR/modem_ws2/install/py_pubsub/lib/py_pubsub/fishtran
/home/OSTR/modem_ws2/install/py_pubsub/lib/py_pubsub/fishturn
/home/OSTR/modem_ws2/install/py_pubsub/lib/py_pubsub/fldigirx
/home/OSTR/modem_ws2/install/py_pubsub/lib/py_pubsub/fldigitx
/home/OSTR/modem_ws2/install/py_pubsub/lib/py_pubsub/hub
/home/OSTR/modem_ws2/install/py_pubsub/lib/py_pubsub/receive
/home/OSTR/modem_ws2/install/py_pubsub/lib/py_pubsub/transmit
