[14.311s] Invoking command in '/home/OSTR/modem_ws2/src/py_pubsub': PYTHONPATH=/home/OSTR/modem_ws2/build/py_pubsub/prefix_override:/usr/lib/python3/dist-packages/colcon_core/task/python/colcon_distutils_commands:/home/OSTR/modem_ws2/install/py_pubsub/lib/python3.12/site-packages:${PYTHONPATH} /usr/bin/python3 -W ignore:setup.py install is deprecated setup.py egg_info --egg-base ../../build/py_pubsub build --build-base /home/OSTR/modem_ws2/build/py_pubsub/build install --record /home/OSTR/modem_ws2/build/py_pubsub/install.log --single-version-externally-managed install_data
[18.007s] running egg_info
[18.313s] writing ../../build/py_pubsub/py_pubsub.egg-info/PKG-INFO
[18.350s] writing dependency_links to ../../build/py_pubsub/py_pubsub.egg-info/dependency_links.txt
[18.357s] writing entry points to ../../build/py_pubsub/py_pubsub.egg-info/entry_points.txt
[18.365s] writing requirements to ../../build/py_pubsub/py_pubsub.egg-info/requires.txt
[18.367s] writing top-level names to ../../build/py_pubsub/py_pubsub.egg-info/top_level.txt
[18.972s] reading manifest file '../../build/py_pubsub/py_pubsub.egg-info/SOURCES.txt'
[18.978s] adding license file 'LICENSE'
[18.985s] writing manifest file '../../build/py_pubsub/py_pubsub.egg-info/SOURCES.txt'
[18.987s] running build
[18.988s] running build_py
[19.001s] copying py_pubsub/fldigitx.py -> /home/OSTR/modem_ws2/build/py_pubsub/build/lib/py_pubsub
[19.008s] running install
[19.075s] running install_lib
[19.386s] copying /home/OSTR/modem_ws2/build/py_pubsub/build/lib/py_pubsub/fldigitx.py -> /home/OSTR/modem_ws2/install/py_pubsub/lib/python3.12/site-packages/py_pubsub
[19.397s] byte-compiling /home/OSTR/modem_ws2/install/py_pubsub/lib/python3.12/site-packages/py_pubsub/fldigitx.py to fldigitx.cpython-312.pyc
[19.413s] running install_data
[19.416s] running install_egg_info
[19.733s] removing '/home/OSTR/modem_ws2/install/py_pubsub/lib/python3.12/site-packages/py_pubsub-0.0.0-py3.12.egg-info' (and everything under it)
[19.762s] Copying ../../build/py_pubsub/py_pubsub.egg-info to /home/OSTR/modem_ws2/install/py_pubsub/lib/python3.12/site-packages/py_pubsub-0.0.0-py3.12.egg-info
[19.784s] running install_scripts
[21.759s] Installing fishbouyancy script to /home/OSTR/modem_ws2/install/py_pubsub/lib/py_pubsub
[21.761s] Installing fishdepth script to /home/OSTR/modem_ws2/install/py_pubsub/lib/py_pubsub
[21.763s] Installing fishfake script to /home/OSTR/modem_ws2/install/py_pubsub/lib/py_pubsub
[21.765s] Installing fishhub script to /home/OSTR/modem_ws2/install/py_pubsub/lib/py_pubsub
[21.767s] Installing fishimu script to /home/OSTR/modem_ws2/install/py_pubsub/lib/py_pubsub
[21.769s] Installing fishrec script to /home/OSTR/modem_ws2/install/py_pubsub/lib/py_pubsub
[21.770s] Installing fishspeed script to /home/OSTR/modem_ws2/install/py_pubsub/lib/py_pubsub
[21.772s] Installing fishtemp script to /home/OSTR/modem_ws2/install/py_pubsub/lib/py_pubsub
[21.774s] Installing fishtran script to /home/OSTR/modem_ws2/install/py_pubsub/lib/py_pubsub
[21.776s] Installing fishturn script to /home/OSTR/modem_ws2/install/py_pubsub/lib/py_pubsub
[21.778s] Installing fldigirx script to /home/OSTR/modem_ws2/install/py_pubsub/lib/py_pubsub
[21.780s] Installing fldigitx script to /home/OSTR/modem_ws2/install/py_pubsub/lib/py_pubsub
[21.782s] Installing hub script to /home/OSTR/modem_ws2/install/py_pubsub/lib/py_pubsub
[21.784s] Installing receive script to /home/OSTR/modem_ws2/install/py_pubsub/lib/py_pubsub
[21.786s] Installing transmit script to /home/OSTR/modem_ws2/install/py_pubsub/lib/py_pubsub
[21.794s] writing list of installed files to '/home/OSTR/modem_ws2/build/py_pubsub/install.log'
[22.171s] Invoked command in '/home/OSTR/modem_ws2/src/py_pubsub' returned '0': PYTHONPATH=/home/OSTR/modem_ws2/build/py_pubsub/prefix_override:/usr/lib/python3/dist-packages/colcon_core/task/python/colcon_distutils_commands:/home/OSTR/modem_ws2/install/py_pubsub/lib/python3.12/site-packages:${PYTHONPATH} /usr/bin/python3 -W ignore:setup.py install is deprecated setup.py egg_info --egg-base ../../build/py_pubsub build --build-base /home/OSTR/modem_ws2/build/py_pubsub/build install --record /home/OSTR/modem_ws2/build/py_pubsub/install.log --single-version-externally-managed install_data
