[10.615s] Invoking command in '/home/OSTR/modem_ws2/src/py_pubsub': PYTHONPATH=/home/OSTR/modem_ws2/build/py_pubsub/prefix_override:/usr/lib/python3/dist-packages/colcon_core/task/python/colcon_distutils_commands:/home/OSTR/modem_ws2/install/py_pubsub/lib/python3.12/site-packages:${PYTHONPATH} /usr/bin/python3 -W ignore:setup.py install is deprecated setup.py egg_info --egg-base ../../build/py_pubsub build --build-base /home/OSTR/modem_ws2/build/py_pubsub/build install --record /home/OSTR/modem_ws2/build/py_pubsub/install.log --single-version-externally-managed install_data
[14.104s] running egg_info
[14.396s] writing ../../build/py_pubsub/py_pubsub.egg-info/PKG-INFO
[14.401s] writing dependency_links to ../../build/py_pubsub/py_pubsub.egg-info/dependency_links.txt
[14.406s] writing entry points to ../../build/py_pubsub/py_pubsub.egg-info/entry_points.txt
[14.408s] writing requirements to ../../build/py_pubsub/py_pubsub.egg-info/requires.txt
[14.410s] writing top-level names to ../../build/py_pubsub/py_pubsub.egg-info/top_level.txt
[14.995s] reading manifest file '../../build/py_pubsub/py_pubsub.egg-info/SOURCES.txt'
[14.999s] adding license file 'LICENSE'
[15.005s] writing manifest file '../../build/py_pubsub/py_pubsub.egg-info/SOURCES.txt'
[15.007s] running build
[15.008s] running build_py
[15.012s] copying py_pubsub/fishimu.py -> /home/OSTR/modem_ws2/build/py_pubsub/build/lib/py_pubsub
[15.022s] running install
[15.097s] running install_lib
[15.385s] copying /home/OSTR/modem_ws2/build/py_pubsub/build/lib/py_pubsub/fishimu.py -> /home/OSTR/modem_ws2/install/py_pubsub/lib/python3.12/site-packages/py_pubsub
[15.397s] byte-compiling /home/OSTR/modem_ws2/install/py_pubsub/lib/python3.12/site-packages/py_pubsub/fishimu.py to fishimu.cpython-312.pyc
[15.413s] running install_data
[15.415s] running install_egg_info
[15.721s] removing '/home/OSTR/modem_ws2/install/py_pubsub/lib/python3.12/site-packages/py_pubsub-0.0.0-py3.12.egg-info' (and everything under it)
[15.725s] Copying ../../build/py_pubsub/py_pubsub.egg-info to /home/OSTR/modem_ws2/install/py_pubsub/lib/python3.12/site-packages/py_pubsub-0.0.0-py3.12.egg-info
[15.740s] running install_scripts
[17.643s] Installing fishbouyancy script to /home/OSTR/modem_ws2/install/py_pubsub/lib/py_pubsub
[17.646s] Installing fishdepth script to /home/OSTR/modem_ws2/install/py_pubsub/lib/py_pubsub
[17.647s] Installing fishfake script to /home/OSTR/modem_ws2/install/py_pubsub/lib/py_pubsub
[17.649s] Installing fishhub script to /home/OSTR/modem_ws2/install/py_pubsub/lib/py_pubsub
[17.652s] Installing fishimu script to /home/OSTR/modem_ws2/install/py_pubsub/lib/py_pubsub
[17.654s] Installing fishrec script to /home/OSTR/modem_ws2/install/py_pubsub/lib/py_pubsub
[17.655s] Installing fishspeed script to /home/OSTR/modem_ws2/install/py_pubsub/lib/py_pubsub
[17.657s] Installing fishtemp script to /home/OSTR/modem_ws2/install/py_pubsub/lib/py_pubsub
[17.659s] Installing fishtran script to /home/OSTR/modem_ws2/install/py_pubsub/lib/py_pubsub
[17.661s] Installing fishturn script to /home/OSTR/modem_ws2/install/py_pubsub/lib/py_pubsub
[17.663s] Installing fldigirx script to /home/OSTR/modem_ws2/install/py_pubsub/lib/py_pubsub
[17.665s] Installing fldigitx script to /home/OSTR/modem_ws2/install/py_pubsub/lib/py_pubsub
[17.667s] Installing hub script to /home/OSTR/modem_ws2/install/py_pubsub/lib/py_pubsub
[17.669s] Installing receive script to /home/OSTR/modem_ws2/install/py_pubsub/lib/py_pubsub
[17.674s] Installing transmit script to /home/OSTR/modem_ws2/install/py_pubsub/lib/py_pubsub
[17.682s] writing list of installed files to '/home/OSTR/modem_ws2/build/py_pubsub/install.log'
[18.053s] Invoked command in '/home/OSTR/modem_ws2/src/py_pubsub' returned '0': PYTHONPATH=/home/OSTR/modem_ws2/build/py_pubsub/prefix_override:/usr/lib/python3/dist-packages/colcon_core/task/python/colcon_distutils_commands:/home/OSTR/modem_ws2/install/py_pubsub/lib/python3.12/site-packages:${PYTHONPATH} /usr/bin/python3 -W ignore:setup.py install is deprecated setup.py egg_info --egg-base ../../build/py_pubsub build --build-base /home/OSTR/modem_ws2/build/py_pubsub/build install --record /home/OSTR/modem_ws2/build/py_pubsub/install.log --single-version-externally-managed install_data
