[9.840s] Invoking command in '/home/OSTR/modem_ws2/src/py_pubsub': PYTHONPATH=/home/OSTR/modem_ws2/build/py_pubsub/prefix_override:/usr/lib/python3/dist-packages/colcon_core/task/python/colcon_distutils_commands:/home/OSTR/modem_ws2/install/py_pubsub/lib/python3.12/site-packages:${PYTHONPATH} /usr/bin/python3 -W ignore:setup.py install is deprecated setup.py egg_info --egg-base ../../build/py_pubsub build --build-base /home/OSTR/modem_ws2/build/py_pubsub/build install --record /home/OSTR/modem_ws2/build/py_pubsub/install.log --single-version-externally-managed install_data
[12.570s] running egg_info
[12.789s] writing ../../build/py_pubsub/py_pubsub.egg-info/PKG-INFO
[12.792s] writing dependency_links to ../../build/py_pubsub/py_pubsub.egg-info/dependency_links.txt
[12.795s] writing entry points to ../../build/py_pubsub/py_pubsub.egg-info/entry_points.txt
[12.797s] writing requirements to ../../build/py_pubsub/py_pubsub.egg-info/requires.txt
[12.798s] writing top-level names to ../../build/py_pubsub/py_pubsub.egg-info/top_level.txt
[13.248s] reading manifest file '../../build/py_pubsub/py_pubsub.egg-info/SOURCES.txt'
[13.253s] adding license file 'LICENSE'
[13.259s] writing manifest file '../../build/py_pubsub/py_pubsub.egg-info/SOURCES.txt'
[13.261s] running build
[13.262s] running build_py
[13.270s] copying py_pubsub/fldigirx.py -> /home/OSTR/modem_ws2/build/py_pubsub/build/lib/py_pubsub
[13.275s] copying py_pubsub/fldigitx.py -> /home/OSTR/modem_ws2/build/py_pubsub/build/lib/py_pubsub
[13.281s] running install
[13.339s] running install_lib
[13.566s] copying /home/OSTR/modem_ws2/build/py_pubsub/build/lib/py_pubsub/fldigirx.py -> /home/OSTR/modem_ws2/install/py_pubsub/lib/python3.12/site-packages/py_pubsub
[13.571s] copying /home/OSTR/modem_ws2/build/py_pubsub/build/lib/py_pubsub/fldigitx.py -> /home/OSTR/modem_ws2/install/py_pubsub/lib/python3.12/site-packages/py_pubsub
[13.581s] byte-compiling /home/OSTR/modem_ws2/install/py_pubsub/lib/python3.12/site-packages/py_pubsub/fldigirx.py to fldigirx.cpython-312.pyc
[13.607s] byte-compiling /home/OSTR/modem_ws2/install/py_pubsub/lib/python3.12/site-packages/py_pubsub/fldigitx.py to fldigitx.cpython-312.pyc
[13.616s] running install_data
[13.620s] running install_egg_info
[13.856s] removing '/home/OSTR/modem_ws2/install/py_pubsub/lib/python3.12/site-packages/py_pubsub-0.0.0-py3.12.egg-info' (and everything under it)
[13.860s] Copying ../../build/py_pubsub/py_pubsub.egg-info to /home/OSTR/modem_ws2/install/py_pubsub/lib/python3.12/site-packages/py_pubsub-0.0.0-py3.12.egg-info
[13.872s] running install_scripts
[15.357s] Installing fishbouyancy script to /home/OSTR/modem_ws2/install/py_pubsub/lib/py_pubsub
[15.360s] Installing fishdepth script to /home/OSTR/modem_ws2/install/py_pubsub/lib/py_pubsub
[15.362s] Installing fishfake script to /home/OSTR/modem_ws2/install/py_pubsub/lib/py_pubsub
[15.364s] Installing fishhub script to /home/OSTR/modem_ws2/install/py_pubsub/lib/py_pubsub
[15.366s] Installing fishimu script to /home/OSTR/modem_ws2/install/py_pubsub/lib/py_pubsub
[15.368s] Installing fishrec script to /home/OSTR/modem_ws2/install/py_pubsub/lib/py_pubsub
[15.370s] Installing fishspeed script to /home/OSTR/modem_ws2/install/py_pubsub/lib/py_pubsub
[15.372s] Installing fishtemp script to /home/OSTR/modem_ws2/install/py_pubsub/lib/py_pubsub
[15.375s] Installing fishtran script to /home/OSTR/modem_ws2/install/py_pubsub/lib/py_pubsub
[15.377s] Installing fishturn script to /home/OSTR/modem_ws2/install/py_pubsub/lib/py_pubsub
[15.378s] Installing fldigirx script to /home/OSTR/modem_ws2/install/py_pubsub/lib/py_pubsub
[15.380s] Installing fldigitx script to /home/OSTR/modem_ws2/install/py_pubsub/lib/py_pubsub
[15.382s] Installing hub script to /home/OSTR/modem_ws2/install/py_pubsub/lib/py_pubsub
[15.384s] Installing receive script to /home/OSTR/modem_ws2/install/py_pubsub/lib/py_pubsub
[15.386s] Installing transmit script to /home/OSTR/modem_ws2/install/py_pubsub/lib/py_pubsub
[15.392s] writing list of installed files to '/home/OSTR/modem_ws2/build/py_pubsub/install.log'
[15.695s] Invoked command in '/home/OSTR/modem_ws2/src/py_pubsub' returned '0': PYTHONPATH=/home/OSTR/modem_ws2/build/py_pubsub/prefix_override:/usr/lib/python3/dist-packages/colcon_core/task/python/colcon_distutils_commands:/home/OSTR/modem_ws2/install/py_pubsub/lib/python3.12/site-packages:${PYTHONPATH} /usr/bin/python3 -W ignore:setup.py install is deprecated setup.py egg_info --egg-base ../../build/py_pubsub build --build-base /home/OSTR/modem_ws2/build/py_pubsub/build install --record /home/OSTR/modem_ws2/build/py_pubsub/install.log --single-version-externally-managed install_data
