[9.949s] Invoking command in '/home/OSTR/modem_ws2/src/py_pubsub': PYTHONPATH=/home/OSTR/modem_ws2/build/py_pubsub/prefix_override:/usr/lib/python3/dist-packages/colcon_core/task/python/colcon_distutils_commands:/home/OSTR/modem_ws2/install/py_pubsub/lib/python3.12/site-packages:${PYTHONPATH} /usr/bin/python3 -W ignore:setup.py install is deprecated setup.py egg_info --egg-base ../../build/py_pubsub build --build-base /home/OSTR/modem_ws2/build/py_pubsub/build install --record /home/OSTR/modem_ws2/build/py_pubsub/install.log --single-version-externally-managed install_data
[12.514s] running egg_info
[12.716s] writing ../../build/py_pubsub/py_pubsub.egg-info/PKG-INFO
[12.719s] writing dependency_links to ../../build/py_pubsub/py_pubsub.egg-info/dependency_links.txt
[12.722s] writing entry points to ../../build/py_pubsub/py_pubsub.egg-info/entry_points.txt
[12.724s] writing requirements to ../../build/py_pubsub/py_pubsub.egg-info/requires.txt
[12.725s] writing top-level names to ../../build/py_pubsub/py_pubsub.egg-info/top_level.txt
[13.190s] reading manifest file '../../build/py_pubsub/py_pubsub.egg-info/SOURCES.txt'
[13.195s] adding license file 'LICENSE'
[13.201s] writing manifest file '../../build/py_pubsub/py_pubsub.egg-info/SOURCES.txt'
[13.202s] running build
[13.203s] running build_py
[13.242s] running install
[13.298s] running install_lib
[13.519s] running install_data
[13.523s] running install_egg_info
[13.736s] removing '/home/OSTR/modem_ws2/install/py_pubsub/lib/python3.12/site-packages/py_pubsub-0.0.0-py3.12.egg-info' (and everything under it)
[13.740s] Copying ../../build/py_pubsub/py_pubsub.egg-info to /home/OSTR/modem_ws2/install/py_pubsub/lib/python3.12/site-packages/py_pubsub-0.0.0-py3.12.egg-info
[13.752s] running install_scripts
[15.173s] Installing fishbouyancy script to /home/OSTR/modem_ws2/install/py_pubsub/lib/py_pubsub
[15.290s] Installing fishdepth script to /home/OSTR/modem_ws2/install/py_pubsub/lib/py_pubsub
[15.293s] Installing fishfake script to /home/OSTR/modem_ws2/install/py_pubsub/lib/py_pubsub
[15.295s] Installing fishhub script to /home/OSTR/modem_ws2/install/py_pubsub/lib/py_pubsub
[15.298s] Installing fishimu script to /home/OSTR/modem_ws2/install/py_pubsub/lib/py_pubsub
[15.378s] Installing fishrec script to /home/OSTR/modem_ws2/install/py_pubsub/lib/py_pubsub
[15.392s] Installing fishspeed script to /home/OSTR/modem_ws2/install/py_pubsub/lib/py_pubsub
[15.395s] Installing fishtemp script to /home/OSTR/modem_ws2/install/py_pubsub/lib/py_pubsub
[15.397s] Installing fishtran script to /home/OSTR/modem_ws2/install/py_pubsub/lib/py_pubsub
[15.400s] Installing fishturn script to /home/OSTR/modem_ws2/install/py_pubsub/lib/py_pubsub
[15.402s] Installing hub script to /home/OSTR/modem_ws2/install/py_pubsub/lib/py_pubsub
[15.403s] Installing receive script to /home/OSTR/modem_ws2/install/py_pubsub/lib/py_pubsub
[15.405s] Installing transmit script to /home/OSTR/modem_ws2/install/py_pubsub/lib/py_pubsub
[15.410s] writing list of installed files to '/home/OSTR/modem_ws2/build/py_pubsub/install.log'
[15.703s] Invoked command in '/home/OSTR/modem_ws2/src/py_pubsub' returned '0': PYTHONPATH=/home/OSTR/modem_ws2/build/py_pubsub/prefix_override:/usr/lib/python3/dist-packages/colcon_core/task/python/colcon_distutils_commands:/home/OSTR/modem_ws2/install/py_pubsub/lib/python3.12/site-packages:${PYTHONPATH} /usr/bin/python3 -W ignore:setup.py install is deprecated setup.py egg_info --egg-base ../../build/py_pubsub build --build-base /home/OSTR/modem_ws2/build/py_pubsub/build install --record /home/OSTR/modem_ws2/build/py_pubsub/install.log --single-version-externally-managed install_data
