[11.278s] Invoking command in '/home/OSTR/modem_ws2/src/py_pubsub': PYTHONPATH=/home/OSTR/modem_ws2/build/py_pubsub/prefix_override:/usr/lib/python3/dist-packages/colcon_core/task/python/colcon_distutils_commands:/home/OSTR/modem_ws2/install/py_pubsub/lib/python3.12/site-packages:${PYTHONPATH} /usr/bin/python3 -W ignore:setup.py install is deprecated setup.py egg_info --egg-base ../../build/py_pubsub build --build-base /home/OSTR/modem_ws2/build/py_pubsub/build install --record /home/OSTR/modem_ws2/build/py_pubsub/install.log --single-version-externally-managed install_data
[14.884s] running egg_info
[15.186s] writing ../../build/py_pubsub/py_pubsub.egg-info/PKG-INFO
[15.188s] writing dependency_links to ../../build/py_pubsub/py_pubsub.egg-info/dependency_links.txt
[15.191s] writing entry points to ../../build/py_pubsub/py_pubsub.egg-info/entry_points.txt
[15.193s] writing requirements to ../../build/py_pubsub/py_pubsub.egg-info/requires.txt
[15.194s] writing top-level names to ../../build/py_pubsub/py_pubsub.egg-info/top_level.txt
[15.806s] reading manifest file '../../build/py_pubsub/py_pubsub.egg-info/SOURCES.txt'
[15.810s] adding license file 'LICENSE'
[15.817s] writing manifest file '../../build/py_pubsub/py_pubsub.egg-info/SOURCES.txt'
[15.818s] running build
[15.820s] running build_py
[15.824s] copying py_pubsub/fldigirx.py -> /home/OSTR/modem_ws2/build/py_pubsub/build/lib/py_pubsub
[15.829s] copying py_pubsub/fldigitx.py -> /home/OSTR/modem_ws2/build/py_pubsub/build/lib/py_pubsub
[15.835s] running install
[15.904s] running install_lib
[16.204s] copying /home/OSTR/modem_ws2/build/py_pubsub/build/lib/py_pubsub/fldigirx.py -> /home/OSTR/modem_ws2/install/py_pubsub/lib/python3.12/site-packages/py_pubsub
[16.210s] copying /home/OSTR/modem_ws2/build/py_pubsub/build/lib/py_pubsub/fldigitx.py -> /home/OSTR/modem_ws2/install/py_pubsub/lib/python3.12/site-packages/py_pubsub
[16.219s] byte-compiling /home/OSTR/modem_ws2/install/py_pubsub/lib/python3.12/site-packages/py_pubsub/fldigirx.py to fldigirx.cpython-312.pyc
[16.265s] byte-compiling /home/OSTR/modem_ws2/install/py_pubsub/lib/python3.12/site-packages/py_pubsub/fldigitx.py to fldigitx.cpython-312.pyc
[16.272s] running install_data
[16.274s] running install_egg_info
[16.578s] removing '/home/OSTR/modem_ws2/install/py_pubsub/lib/python3.12/site-packages/py_pubsub-0.0.0-py3.12.egg-info' (and everything under it)
[16.581s] Copying ../../build/py_pubsub/py_pubsub.egg-info to /home/OSTR/modem_ws2/install/py_pubsub/lib/python3.12/site-packages/py_pubsub-0.0.0-py3.12.egg-info
[16.601s] running install_scripts
[18.788s] Installing fishbouyancy script to /home/OSTR/modem_ws2/install/py_pubsub/lib/py_pubsub
[18.791s] Installing fishdepth script to /home/OSTR/modem_ws2/install/py_pubsub/lib/py_pubsub
[18.852s] Installing fishfake script to /home/OSTR/modem_ws2/install/py_pubsub/lib/py_pubsub
[18.855s] Installing fishhub script to /home/OSTR/modem_ws2/install/py_pubsub/lib/py_pubsub
[18.858s] Installing fishimu script to /home/OSTR/modem_ws2/install/py_pubsub/lib/py_pubsub
[18.860s] Installing fishrec script to /home/OSTR/modem_ws2/install/py_pubsub/lib/py_pubsub
[18.877s] Installing fishspeed script to /home/OSTR/modem_ws2/install/py_pubsub/lib/py_pubsub
[18.896s] Installing fishtemp script to /home/OSTR/modem_ws2/install/py_pubsub/lib/py_pubsub
[18.919s] Installing fishtran script to /home/OSTR/modem_ws2/install/py_pubsub/lib/py_pubsub
[18.963s] Installing fishturn script to /home/OSTR/modem_ws2/install/py_pubsub/lib/py_pubsub
[18.965s] Installing fldigirx script to /home/OSTR/modem_ws2/install/py_pubsub/lib/py_pubsub
[18.986s] Installing fldigitx script to /home/OSTR/modem_ws2/install/py_pubsub/lib/py_pubsub
[19.010s] Installing hub script to /home/OSTR/modem_ws2/install/py_pubsub/lib/py_pubsub
[19.012s] Installing receive script to /home/OSTR/modem_ws2/install/py_pubsub/lib/py_pubsub
[19.014s] Installing transmit script to /home/OSTR/modem_ws2/install/py_pubsub/lib/py_pubsub
[19.021s] writing list of installed files to '/home/OSTR/modem_ws2/build/py_pubsub/install.log'
[19.395s] Invoked command in '/home/OSTR/modem_ws2/src/py_pubsub' returned '0': PYTHONPATH=/home/OSTR/modem_ws2/build/py_pubsub/prefix_override:/usr/lib/python3/dist-packages/colcon_core/task/python/colcon_distutils_commands:/home/OSTR/modem_ws2/install/py_pubsub/lib/python3.12/site-packages:${PYTHONPATH} /usr/bin/python3 -W ignore:setup.py install is deprecated setup.py egg_info --egg-base ../../build/py_pubsub build --build-base /home/OSTR/modem_ws2/build/py_pubsub/build install --record /home/OSTR/modem_ws2/build/py_pubsub/install.log --single-version-externally-managed install_data
