[10.803s] Invoking command in '/home/OSTR/modem_ws2/src/py_pubsub': PYTHONPATH=/home/OSTR/modem_ws2/build/py_pubsub/prefix_override:/usr/lib/python3/dist-packages/colcon_core/task/python/colcon_distutils_commands:/home/OSTR/modem_ws2/install/py_pubsub/lib/python3.12/site-packages:${PYTHONPATH} /usr/bin/python3 -W ignore:setup.py install is deprecated setup.py egg_info --egg-base ../../build/py_pubsub build --build-base /home/OSTR/modem_ws2/build/py_pubsub/build install --record /home/OSTR/modem_ws2/build/py_pubsub/install.log --single-version-externally-managed install_data
[14.470s] running egg_info
[14.763s] writing ../../build/py_pubsub/py_pubsub.egg-info/PKG-INFO
[14.766s] writing dependency_links to ../../build/py_pubsub/py_pubsub.egg-info/dependency_links.txt
[14.769s] writing entry points to ../../build/py_pubsub/py_pubsub.egg-info/entry_points.txt
[14.771s] writing requirements to ../../build/py_pubsub/py_pubsub.egg-info/requires.txt
[14.773s] writing top-level names to ../../build/py_pubsub/py_pubsub.egg-info/top_level.txt
[15.394s] reading manifest file '../../build/py_pubsub/py_pubsub.egg-info/SOURCES.txt'
[15.398s] adding license file 'LICENSE'
[15.404s] writing manifest file '../../build/py_pubsub/py_pubsub.egg-info/SOURCES.txt'
[15.406s] running build
[15.408s] running build_py
[15.416s] copying py_pubsub/fldigirx.py -> /home/OSTR/modem_ws2/build/py_pubsub/build/lib/py_pubsub
[15.427s] running install
[15.495s] running install_lib
[15.803s] copying /home/OSTR/modem_ws2/build/py_pubsub/build/lib/py_pubsub/fldigirx.py -> /home/OSTR/modem_ws2/install/py_pubsub/lib/python3.12/site-packages/py_pubsub
[15.815s] byte-compiling /home/OSTR/modem_ws2/install/py_pubsub/lib/python3.12/site-packages/py_pubsub/fldigirx.py to fldigirx.cpython-312.pyc
[15.829s] running install_data
[15.831s] running install_egg_info
[16.154s] removing '/home/OSTR/modem_ws2/install/py_pubsub/lib/python3.12/site-packages/py_pubsub-0.0.0-py3.12.egg-info' (and everything under it)
[16.157s] Copying ../../build/py_pubsub/py_pubsub.egg-info to /home/OSTR/modem_ws2/install/py_pubsub/lib/python3.12/site-packages/py_pubsub-0.0.0-py3.12.egg-info
[16.171s] running install_scripts
[18.154s] Installing fishbouyancy script to /home/OSTR/modem_ws2/install/py_pubsub/lib/py_pubsub
[18.157s] Installing fishdepth script to /home/OSTR/modem_ws2/install/py_pubsub/lib/py_pubsub
[18.159s] Installing fishfake script to /home/OSTR/modem_ws2/install/py_pubsub/lib/py_pubsub
[18.162s] Installing fishhub script to /home/OSTR/modem_ws2/install/py_pubsub/lib/py_pubsub
[18.166s] Installing fishimu script to /home/OSTR/modem_ws2/install/py_pubsub/lib/py_pubsub
[18.169s] Installing fishrec script to /home/OSTR/modem_ws2/install/py_pubsub/lib/py_pubsub
[18.173s] Installing fishspeed script to /home/OSTR/modem_ws2/install/py_pubsub/lib/py_pubsub
[18.179s] Installing fishtemp script to /home/OSTR/modem_ws2/install/py_pubsub/lib/py_pubsub
[18.183s] Installing fishtran script to /home/OSTR/modem_ws2/install/py_pubsub/lib/py_pubsub
[18.185s] Installing fishturn script to /home/OSTR/modem_ws2/install/py_pubsub/lib/py_pubsub
[18.187s] Installing fldigirx script to /home/OSTR/modem_ws2/install/py_pubsub/lib/py_pubsub
[18.189s] Installing hub script to /home/OSTR/modem_ws2/install/py_pubsub/lib/py_pubsub
[18.191s] Installing receive script to /home/OSTR/modem_ws2/install/py_pubsub/lib/py_pubsub
[18.194s] Installing transmit script to /home/OSTR/modem_ws2/install/py_pubsub/lib/py_pubsub
[18.200s] writing list of installed files to '/home/OSTR/modem_ws2/build/py_pubsub/install.log'
[18.572s] Invoked command in '/home/OSTR/modem_ws2/src/py_pubsub' returned '0': PYTHONPATH=/home/OSTR/modem_ws2/build/py_pubsub/prefix_override:/usr/lib/python3/dist-packages/colcon_core/task/python/colcon_distutils_commands:/home/OSTR/modem_ws2/install/py_pubsub/lib/python3.12/site-packages:${PYTHONPATH} /usr/bin/python3 -W ignore:setup.py install is deprecated setup.py egg_info --egg-base ../../build/py_pubsub build --build-base /home/OSTR/modem_ws2/build/py_pubsub/build install --record /home/OSTR/modem_ws2/build/py_pubsub/install.log --single-version-externally-managed install_data
