[51.490s] DEBUG:colcon:Command line arguments: ['/usr/bin/colcon', 'build']
[51.491s] DEBUG:colcon:Parsed command line arguments: Namespace(log_base=None, log_level=None, verb_name='build', build_base='build', install_base='install', merge_install=False, symlink_install=False, test_result_base=None, continue_on_error=False, executor='parallel', parallel_workers=4, event_handlers=None, ignore_user_meta=False, metas=['./colcon.meta'], base_paths=['.'], packages_ignore=None, packages_ignore_regex=None, paths=None, packages_up_to=None, packages_up_to_regex=None, packages_above=None, packages_above_and_dependencies=None, packages_above_depth=None, packages_select_by_dep=None, packages_skip_by_dep=None, packages_skip_up_to=None, packages_select_build_failed=False, packages_skip_build_finished=False, packages_select_test_failures=False, packages_skip_test_passed=False, packages_select=None, packages_skip=None, packages_select_regex=None, packages_skip_regex=None, packages_start=None, packages_end=None, allow_overriding=[], cmake_args=None, cmake_target=None, cmake_target_skip_unavailable=False, cmake_clean_cache=False, cmake_clean_first=False, cmake_force_configure=False, ament_cmake_args=None, catkin_cmake_args=None, catkin_skip_building_tests=False, mixin_files=None, mixin=None, verb_parser=<colcon_mixin.mixin.mixin_argument.MixinArgumentDecorator object at 0xffffa68fa8a0>, verb_extension=<colcon_core.verb.build.BuildVerb object at 0xffffa6ab4c80>, main=<bound method BuildVerb.main of <colcon_core.verb.build.BuildVerb object at 0xffffa6ab4c80>>, mixin_verb=('build',))
[57.828s] Level 1:colcon.colcon_core.package_discovery:discover_packages(colcon_meta) check parameters
[57.830s] Level 1:colcon.colcon_core.package_discovery:discover_packages(recursive) check parameters
[57.831s] Level 1:colcon.colcon_core.package_discovery:discover_packages(ignore) check parameters
[57.831s] Level 1:colcon.colcon_core.package_discovery:discover_packages(path) check parameters
[57.832s] Level 1:colcon.colcon_core.package_discovery:discover_packages(colcon_meta) discover
[57.833s] Level 1:colcon.colcon_core.package_discovery:discover_packages(recursive) discover
[57.833s] INFO:colcon.colcon_core.package_discovery:Crawling recursively for packages in '/home/OSTR/modem_ws2'
[57.835s] Level 1:colcon.colcon_core.package_identification:_identify(.) by extensions ['ignore', 'ignore_ament_install']
[57.836s] Level 1:colcon.colcon_core.package_identification:_identify(.) by extension 'ignore'
[57.837s] Level 1:colcon.colcon_core.package_identification:_identify(.) by extension 'ignore_ament_install'
[57.838s] Level 1:colcon.colcon_core.package_identification:_identify(.) by extensions ['colcon_pkg']
[57.839s] Level 1:colcon.colcon_core.package_identification:_identify(.) by extension 'colcon_pkg'
[57.839s] Level 1:colcon.colcon_core.package_identification:_identify(.) by extensions ['colcon_meta']
[57.840s] Level 1:colcon.colcon_core.package_identification:_identify(.) by extension 'colcon_meta'
[57.840s] Level 1:colcon.colcon_core.package_identification:_identify(.) by extensions ['ros']
[57.841s] Level 1:colcon.colcon_core.package_identification:_identify(.) by extension 'ros'
[59.632s] Level 1:colcon.colcon_core.package_identification:_identify(.) by extensions ['cmake', 'python']
[59.632s] Level 1:colcon.colcon_core.package_identification:_identify(.) by extension 'cmake'
[59.633s] Level 1:colcon.colcon_core.package_identification:_identify(.) by extension 'python'
[59.633s] Level 1:colcon.colcon_core.package_identification:_identify(.) by extensions ['python_setup_py']
[59.633s] Level 1:colcon.colcon_core.package_identification:_identify(.) by extension 'python_setup_py'
[59.634s] Level 1:colcon.colcon_core.package_identification:_identify(build) by extensions ['ignore', 'ignore_ament_install']
[59.635s] Level 1:colcon.colcon_core.package_identification:_identify(build) by extension 'ignore'
[59.636s] Level 1:colcon.colcon_core.package_identification:_identify(build) ignored
[59.638s] Level 1:colcon.colcon_core.package_identification:_identify(install) by extensions ['ignore', 'ignore_ament_install']
[59.639s] Level 1:colcon.colcon_core.package_identification:_identify(install) by extension 'ignore'
[59.639s] Level 1:colcon.colcon_core.package_identification:_identify(install) ignored
[59.643s] Level 1:colcon.colcon_core.package_identification:_identify(log) by extensions ['ignore', 'ignore_ament_install']
[59.644s] Level 1:colcon.colcon_core.package_identification:_identify(log) by extension 'ignore'
[59.645s] Level 1:colcon.colcon_core.package_identification:_identify(log) ignored
[59.654s] Level 1:colcon.colcon_core.package_identification:_identify(src) by extensions ['ignore', 'ignore_ament_install']
[59.656s] Level 1:colcon.colcon_core.package_identification:_identify(src) by extension 'ignore'
[59.657s] Level 1:colcon.colcon_core.package_identification:_identify(src) by extension 'ignore_ament_install'
[59.658s] Level 1:colcon.colcon_core.package_identification:_identify(src) by extensions ['colcon_pkg']
[59.658s] Level 1:colcon.colcon_core.package_identification:_identify(src) by extension 'colcon_pkg'
[59.659s] Level 1:colcon.colcon_core.package_identification:_identify(src) by extensions ['colcon_meta']
[59.659s] Level 1:colcon.colcon_core.package_identification:_identify(src) by extension 'colcon_meta'
[59.660s] Level 1:colcon.colcon_core.package_identification:_identify(src) by extensions ['ros']
[59.661s] Level 1:colcon.colcon_core.package_identification:_identify(src) by extension 'ros'
[59.663s] Level 1:colcon.colcon_core.package_identification:_identify(src) by extensions ['cmake', 'python']
[59.663s] Level 1:colcon.colcon_core.package_identification:_identify(src) by extension 'cmake'
[59.664s] Level 1:colcon.colcon_core.package_identification:_identify(src) by extension 'python'
[59.665s] Level 1:colcon.colcon_core.package_identification:_identify(src) by extensions ['python_setup_py']
[59.665s] Level 1:colcon.colcon_core.package_identification:_identify(src) by extension 'python_setup_py'
[59.673s] Level 1:colcon.colcon_core.package_identification:_identify(src/py_pubsub) by extensions ['ignore', 'ignore_ament_install']
[59.675s] Level 1:colcon.colcon_core.package_identification:_identify(src/py_pubsub) by extension 'ignore'
[59.676s] Level 1:colcon.colcon_core.package_identification:_identify(src/py_pubsub) by extension 'ignore_ament_install'
[59.677s] Level 1:colcon.colcon_core.package_identification:_identify(src/py_pubsub) by extensions ['colcon_pkg']
[59.677s] Level 1:colcon.colcon_core.package_identification:_identify(src/py_pubsub) by extension 'colcon_pkg'
[59.678s] Level 1:colcon.colcon_core.package_identification:_identify(src/py_pubsub) by extensions ['colcon_meta']
[59.678s] Level 1:colcon.colcon_core.package_identification:_identify(src/py_pubsub) by extension 'colcon_meta'
[59.679s] Level 1:colcon.colcon_core.package_identification:_identify(src/py_pubsub) by extensions ['ros']
[59.680s] Level 1:colcon.colcon_core.package_identification:_identify(src/py_pubsub) by extension 'ros'
[59.760s] DEBUG:colcon.colcon_core.package_identification:Package 'src/py_pubsub' with type 'ros.ament_python' and name 'py_pubsub'
[59.761s] Level 1:colcon.colcon_core.package_discovery:discover_packages(recursive) using defaults
[59.761s] Level 1:colcon.colcon_core.package_discovery:discover_packages(ignore) discover
[59.762s] Level 1:colcon.colcon_core.package_discovery:discover_packages(ignore) using defaults
[59.762s] Level 1:colcon.colcon_core.package_discovery:discover_packages(path) discover
[59.762s] Level 1:colcon.colcon_core.package_discovery:discover_packages(path) using defaults
[62.985s] Level 1:colcon.colcon_core.package_discovery:discover_packages(prefix_path) check parameters
[62.985s] Level 1:colcon.colcon_core.package_discovery:discover_packages(prefix_path) discover
[63.448s] DEBUG:colcon.colcon_installed_package_information.package_discovery:Found 1 installed packages in /home/OSTR/modem_ws2/install
[63.490s] DEBUG:colcon.colcon_installed_package_information.package_discovery:Found 285 installed packages in /opt/ros/jazzy
[63.498s] Level 1:colcon.colcon_core.package_discovery:discover_packages(prefix_path) using defaults
