[2.157s] DEBUG:colcon:Command line arguments: ['/usr/bin/colcon', 'build']
[2.158s] DEBUG:colcon:Parsed command line arguments: Namespace(log_base=None, log_level=None, verb_name='build', build_base='build', install_base='install', merge_install=False, symlink_install=False, test_result_base=None, continue_on_error=False, executor='parallel', parallel_workers=4, event_handlers=None, ignore_user_meta=False, metas=['./colcon.meta'], base_paths=['.'], packages_ignore=None, packages_ignore_regex=None, paths=None, packages_up_to=None, packages_up_to_regex=None, packages_above=None, packages_above_and_dependencies=None, packages_above_depth=None, packages_select_by_dep=None, packages_skip_by_dep=None, packages_skip_up_to=None, packages_select_build_failed=False, packages_skip_build_finished=False, packages_select_test_failures=False, packages_skip_test_passed=False, packages_select=None, packages_skip=None, packages_select_regex=None, packages_skip_regex=None, packages_start=None, packages_end=None, allow_overriding=[], cmake_args=None, cmake_target=None, cmake_target_skip_unavailable=False, cmake_clean_cache=False, cmake_clean_first=False, cmake_force_configure=False, ament_cmake_args=None, catkin_cmake_args=None, catkin_skip_building_tests=False, mixin_files=None, mixin=None, verb_parser=<colcon_mixin.mixin.mixin_argument.MixinArgumentDecorator object at 0xffffaf8c6630>, verb_extension=<colcon_core.verb.build.BuildVerb object at 0xffffafa85220>, main=<bound method BuildVerb.main of <colcon_core.verb.build.BuildVerb object at 0xffffafa85220>>, mixin_verb=('build',))
[2.687s] Level 1:colcon.colcon_core.package_discovery:discover_packages(colcon_meta) check parameters
[2.689s] Level 1:colcon.colcon_core.package_discovery:discover_packages(recursive) check parameters
[2.689s] Level 1:colcon.colcon_core.package_discovery:discover_packages(ignore) check parameters
[2.689s] Level 1:colcon.colcon_core.package_discovery:discover_packages(path) check parameters
[2.689s] Level 1:colcon.colcon_core.package_discovery:discover_packages(colcon_meta) discover
[2.690s] Level 1:colcon.colcon_core.package_discovery:discover_packages(recursive) discover
[2.690s] INFO:colcon.colcon_core.package_discovery:Crawling recursively for packages in '/home/OSTR/modem_ws2'
[2.691s] Level 1:colcon.colcon_core.package_identification:_identify(.) by extensions ['ignore', 'ignore_ament_install']
[2.692s] Level 1:colcon.colcon_core.package_identification:_identify(.) by extension 'ignore'
[2.693s] Level 1:colcon.colcon_core.package_identification:_identify(.) by extension 'ignore_ament_install'
[2.694s] Level 1:colcon.colcon_core.package_identification:_identify(.) by extensions ['colcon_pkg']
[2.694s] Level 1:colcon.colcon_core.package_identification:_identify(.) by extension 'colcon_pkg'
[2.695s] Level 1:colcon.colcon_core.package_identification:_identify(.) by extensions ['colcon_meta']
[2.695s] Level 1:colcon.colcon_core.package_identification:_identify(.) by extension 'colcon_meta'
[2.695s] Level 1:colcon.colcon_core.package_identification:_identify(.) by extensions ['ros']
[2.696s] Level 1:colcon.colcon_core.package_identification:_identify(.) by extension 'ros'
[2.978s] Level 1:colcon.colcon_core.package_identification:_identify(.) by extensions ['cmake', 'python']
[2.979s] Level 1:colcon.colcon_core.package_identification:_identify(.) by extension 'cmake'
[2.979s] Level 1:colcon.colcon_core.package_identification:_identify(.) by extension 'python'
[2.979s] Level 1:colcon.colcon_core.package_identification:_identify(.) by extensions ['python_setup_py']
[2.980s] Level 1:colcon.colcon_core.package_identification:_identify(.) by extension 'python_setup_py'
[2.980s] Level 1:colcon.colcon_core.package_identification:_identify(build) by extensions ['ignore', 'ignore_ament_install']
[2.981s] Level 1:colcon.colcon_core.package_identification:_identify(build) by extension 'ignore'
[2.982s] Level 1:colcon.colcon_core.package_identification:_identify(build) ignored
[2.983s] Level 1:colcon.colcon_core.package_identification:_identify(install) by extensions ['ignore', 'ignore_ament_install']
[2.984s] Level 1:colcon.colcon_core.package_identification:_identify(install) by extension 'ignore'
[2.984s] Level 1:colcon.colcon_core.package_identification:_identify(install) ignored
[2.988s] Level 1:colcon.colcon_core.package_identification:_identify(log) by extensions ['ignore', 'ignore_ament_install']
[2.989s] Level 1:colcon.colcon_core.package_identification:_identify(log) by extension 'ignore'
[2.990s] Level 1:colcon.colcon_core.package_identification:_identify(log) ignored
[2.990s] Level 1:colcon.colcon_core.package_identification:_identify(src) by extensions ['ignore', 'ignore_ament_install']
[2.991s] Level 1:colcon.colcon_core.package_identification:_identify(src) by extension 'ignore'
[2.991s] Level 1:colcon.colcon_core.package_identification:_identify(src) by extension 'ignore_ament_install'
[2.992s] Level 1:colcon.colcon_core.package_identification:_identify(src) by extensions ['colcon_pkg']
[2.992s] Level 1:colcon.colcon_core.package_identification:_identify(src) by extension 'colcon_pkg'
[2.993s] Level 1:colcon.colcon_core.package_identification:_identify(src) by extensions ['colcon_meta']
[2.993s] Level 1:colcon.colcon_core.package_identification:_identify(src) by extension 'colcon_meta'
[2.993s] Level 1:colcon.colcon_core.package_identification:_identify(src) by extensions ['ros']
[2.993s] Level 1:colcon.colcon_core.package_identification:_identify(src) by extension 'ros'
[2.994s] Level 1:colcon.colcon_core.package_identification:_identify(src) by extensions ['cmake', 'python']
[2.995s] Level 1:colcon.colcon_core.package_identification:_identify(src) by extension 'cmake'
[2.995s] Level 1:colcon.colcon_core.package_identification:_identify(src) by extension 'python'
[2.995s] Level 1:colcon.colcon_core.package_identification:_identify(src) by extensions ['python_setup_py']
[2.995s] Level 1:colcon.colcon_core.package_identification:_identify(src) by extension 'python_setup_py'
[2.996s] Level 1:colcon.colcon_core.package_identification:_identify(src/py_pubsub) by extensions ['ignore', 'ignore_ament_install']
[2.997s] Level 1:colcon.colcon_core.package_identification:_identify(src/py_pubsub) by extension 'ignore'
[2.998s] Level 1:colcon.colcon_core.package_identification:_identify(src/py_pubsub) by extension 'ignore_ament_install'
[2.998s] Level 1:colcon.colcon_core.package_identification:_identify(src/py_pubsub) by extensions ['colcon_pkg']
[2.998s] Level 1:colcon.colcon_core.package_identification:_identify(src/py_pubsub) by extension 'colcon_pkg'
[2.999s] Level 1:colcon.colcon_core.package_identification:_identify(src/py_pubsub) by extensions ['colcon_meta']
[2.999s] Level 1:colcon.colcon_core.package_identification:_identify(src/py_pubsub) by extension 'colcon_meta'
[2.999s] Level 1:colcon.colcon_core.package_identification:_identify(src/py_pubsub) by extensions ['ros']
[2.999s] Level 1:colcon.colcon_core.package_identification:_identify(src/py_pubsub) by extension 'ros'
[3.023s] DEBUG:colcon.colcon_core.package_identification:Package 'src/py_pubsub' with type 'ros.ament_python' and name 'py_pubsub'
[3.024s] Level 1:colcon.colcon_core.package_discovery:discover_packages(recursive) using defaults
[3.025s] Level 1:colcon.colcon_core.package_discovery:discover_packages(ignore) discover
[3.025s] Level 1:colcon.colcon_core.package_discovery:discover_packages(ignore) using defaults
[3.025s] Level 1:colcon.colcon_core.package_discovery:discover_packages(path) discover
[3.025s] Level 1:colcon.colcon_core.package_discovery:discover_packages(path) using defaults
[3.222s] Level 1:colcon.colcon_core.package_discovery:discover_packages(prefix_path) check parameters
[3.222s] Level 1:colcon.colcon_core.package_discovery:discover_packages(prefix_path) discover
[3.262s] DEBUG:colcon.colcon_installed_package_information.package_discovery:Found 285 installed packages in /opt/ros/jazzy
[3.269s] Level 1:colcon.colcon_core.package_discovery:discover_packages(prefix_path) using defaults
[3.728s] Level 5:colcon.colcon_core.verb:set package 'py_pubsub' build argument 'cmake_args' from command line to 'None'
[3.729s] Level 5:colcon.colcon_core.verb:set package 'py_pubsub' build argument 'cmake_target' from command line to 'None'
[3.729s] Level 5:colcon.colcon_core.verb:set package 'py_pubsub' build argument 'cmake_target_skip_unavailable' from command line to 'False'
[3.729s] Level 5:colcon.colcon_core.verb:set package 'py_pubsub' build argument 'cmake_clean_cache' from command line to 'False'
[3.729s] Level 5:colcon.colcon_core.verb:set package 'py_pubsub' build argument 'cmake_clean_first' from command line to 'False'
[3.730s] Level 5:colcon.colcon_core.verb:set package 'py_pubsub' build argument 'cmake_force_configure' from command line to 'False'
[3.730s] Level 5:colcon.colcon_core.verb:set package 'py_pubsub' build argument 'ament_cmake_args' from command line to 'None'
[3.730s] Level 5:colcon.colcon_core.verb:set package 'py_pubsub' build argument 'catkin_cmake_args' from command line to 'None'
[3.730s] Level 5:colcon.colcon_core.verb:set package 'py_pubsub' build argument 'catkin_skip_building_tests' from command line to 'False'
[3.730s] DEBUG:colcon.colcon_core.verb:Building package 'py_pubsub' with the following arguments: {'ament_cmake_args': None, 'build_base': '/home/OSTR/modem_ws2/build/py_pubsub', 'catkin_cmake_args': None, 'catkin_skip_building_tests': False, 'cmake_args': None, 'cmake_clean_cache': False, 'cmake_clean_first': False, 'cmake_force_configure': False, 'cmake_target': None, 'cmake_target_skip_unavailable': False, 'install_base': '/home/OSTR/modem_ws2/install/py_pubsub', 'merge_install': False, 'path': '/home/OSTR/modem_ws2/src/py_pubsub', 'symlink_install': False, 'test_result_base': None}
[3.731s] INFO:colcon.colcon_core.executor:Executing jobs using 'parallel' executor
[3.737s] DEBUG:colcon.colcon_parallel_executor.executor.parallel:run_until_complete
[3.738s] INFO:colcon.colcon_ros.task.ament_python.build:Building ROS package in '/home/OSTR/modem_ws2/src/py_pubsub' with build type 'ament_python'
[3.740s] Level 1:colcon.colcon_core.shell:create_environment_hook('py_pubsub', 'ament_prefix_path')
[3.775s] INFO:colcon.colcon_core.plugin_system:Skipping extension 'colcon_core.shell.bat': Not used on non-Windows systems
[3.777s] INFO:colcon.colcon_core.shell:Creating environment hook '/home/OSTR/modem_ws2/install/py_pubsub/share/py_pubsub/hook/ament_prefix_path.ps1'
[3.787s] INFO:colcon.colcon_core.shell:Creating environment descriptor '/home/OSTR/modem_ws2/install/py_pubsub/share/py_pubsub/hook/ament_prefix_path.dsv'
[3.816s] INFO:colcon.colcon_core.shell:Creating environment hook '/home/OSTR/modem_ws2/install/py_pubsub/share/py_pubsub/hook/ament_prefix_path.sh'
[3.845s] INFO:colcon.colcon_core.shell:Skip shell extension 'powershell' for command environment: Not usable outside of PowerShell
[3.845s] DEBUG:colcon.colcon_core.shell:Skip shell extension 'dsv' for command environment
[5.934s] INFO:colcon.colcon_core.task.python.build:Building Python package in '/home/OSTR/modem_ws2/src/py_pubsub'
[5.936s] INFO:colcon.colcon_core.shell:Skip shell extension 'powershell' for command environment: Not usable outside of PowerShell
[5.936s] DEBUG:colcon.colcon_core.shell:Skip shell extension 'dsv' for command environment
[13.631s] DEBUG:colcon.colcon_core.event_handler.log_command:Invoking command in '/home/OSTR/modem_ws2/src/py_pubsub': PYTHONPATH=/home/OSTR/modem_ws2/build/py_pubsub/prefix_override:/usr/lib/python3/dist-packages/colcon_core/task/python/colcon_distutils_commands:/home/OSTR/modem_ws2/install/py_pubsub/lib/python3.12/site-packages:${PYTHONPATH} /usr/bin/python3 -W ignore:setup.py install is deprecated setup.py egg_info --egg-base ../../build/py_pubsub build --build-base /home/OSTR/modem_ws2/build/py_pubsub/build install --record /home/OSTR/modem_ws2/build/py_pubsub/install.log --single-version-externally-managed install_data
[20.832s] DEBUG:colcon.colcon_core.event_handler.log_command:Invoked command in '/home/OSTR/modem_ws2/src/py_pubsub' returned '0': PYTHONPATH=/home/OSTR/modem_ws2/build/py_pubsub/prefix_override:/usr/lib/python3/dist-packages/colcon_core/task/python/colcon_distutils_commands:/home/OSTR/modem_ws2/install/py_pubsub/lib/python3.12/site-packages:${PYTHONPATH} /usr/bin/python3 -W ignore:setup.py install is deprecated setup.py egg_info --egg-base ../../build/py_pubsub build --build-base /home/OSTR/modem_ws2/build/py_pubsub/build install --record /home/OSTR/modem_ws2/build/py_pubsub/install.log --single-version-externally-managed install_data
[20.874s] Level 1:colcon.colcon_core.environment:checking '/home/OSTR/modem_ws2/install/py_pubsub' for CMake module files
[20.881s] Level 1:colcon.colcon_core.environment:checking '/home/OSTR/modem_ws2/install/py_pubsub' for CMake config files
[20.891s] Level 1:colcon.colcon_core.environment:checking '/home/OSTR/modem_ws2/install/py_pubsub/lib'
[20.892s] Level 1:colcon.colcon_core.environment:checking '/home/OSTR/modem_ws2/install/py_pubsub/bin'
[20.893s] Level 1:colcon.colcon_core.environment:checking '/home/OSTR/modem_ws2/install/py_pubsub/lib/pkgconfig/py_pubsub.pc'
[20.895s] Level 1:colcon.colcon_core.environment:checking '/home/OSTR/modem_ws2/install/py_pubsub/lib/python3.12/site-packages'
[20.896s] Level 1:colcon.colcon_core.shell:create_environment_hook('py_pubsub', 'pythonpath')
[20.898s] INFO:colcon.colcon_core.shell:Creating environment hook '/home/OSTR/modem_ws2/install/py_pubsub/share/py_pubsub/hook/pythonpath.ps1'
[20.901s] INFO:colcon.colcon_core.shell:Creating environment descriptor '/home/OSTR/modem_ws2/install/py_pubsub/share/py_pubsub/hook/pythonpath.dsv'
[20.905s] INFO:colcon.colcon_core.shell:Creating environment hook '/home/OSTR/modem_ws2/install/py_pubsub/share/py_pubsub/hook/pythonpath.sh'
[20.910s] Level 1:colcon.colcon_core.environment:checking '/home/OSTR/modem_ws2/install/py_pubsub/bin'
[20.910s] Level 1:colcon.colcon_core.environment:create_environment_scripts_only(py_pubsub)
[20.912s] INFO:colcon.colcon_core.shell:Creating package script '/home/OSTR/modem_ws2/install/py_pubsub/share/py_pubsub/package.ps1'
[20.986s] INFO:colcon.colcon_core.shell:Creating package descriptor '/home/OSTR/modem_ws2/install/py_pubsub/share/py_pubsub/package.dsv'
[21.015s] INFO:colcon.colcon_core.shell:Creating package script '/home/OSTR/modem_ws2/install/py_pubsub/share/py_pubsub/package.sh'
[21.045s] INFO:colcon.colcon_core.shell:Creating package script '/home/OSTR/modem_ws2/install/py_pubsub/share/py_pubsub/package.bash'
[21.081s] INFO:colcon.colcon_core.shell:Creating package script '/home/OSTR/modem_ws2/install/py_pubsub/share/py_pubsub/package.zsh'
[21.109s] Level 1:colcon.colcon_core.environment:create_file_with_runtime_dependencies(/home/OSTR/modem_ws2/install/py_pubsub/share/colcon-core/packages/py_pubsub)
[21.111s] DEBUG:colcon.colcon_parallel_executor.executor.parallel:closing loop
[21.114s] DEBUG:colcon.colcon_parallel_executor.executor.parallel:loop closed
[21.115s] DEBUG:colcon.colcon_parallel_executor.executor.parallel:run_until_complete finished with '0'
[21.115s] DEBUG:colcon.colcon_core.event_reactor:joining thread
[21.246s] INFO:colcon.colcon_core.plugin_system:Skipping extension 'colcon_notification.desktop_notification.notify_send': Could not find 'notify-send'
[21.247s] INFO:colcon.colcon_core.plugin_system:Skipping extension 'colcon_notification.desktop_notification.terminal_notifier': Not used on non-Darwin systems
[21.247s] INFO:colcon.colcon_core.plugin_system:Skipping extension 'colcon_notification.desktop_notification.win32': Not used on non-Windows systems
[21.248s] INFO:colcon.colcon_notification.desktop_notification:Sending desktop notification using 'notify2'
[21.573s] DEBUG:colcon.colcon_notification.desktop_notification.notify2:Failed to initialize notify2: org.freedesktop.DBus.Error.ServiceUnknown: The name org.freedesktop.Notifications was not provided by any .service files
[21.574s] DEBUG:colcon.colcon_core.event_reactor:joined thread
[21.576s] INFO:colcon.colcon_core.shell:Creating prefix script '/home/OSTR/modem_ws2/install/local_setup.ps1'
[21.585s] INFO:colcon.colcon_core.shell:Creating prefix util module '/home/OSTR/modem_ws2/install/_local_setup_util_ps1.py'
[21.617s] INFO:colcon.colcon_core.shell:Creating prefix chain script '/home/OSTR/modem_ws2/install/setup.ps1'
[21.647s] INFO:colcon.colcon_core.shell:Creating prefix script '/home/OSTR/modem_ws2/install/local_setup.sh'
[21.675s] INFO:colcon.colcon_core.shell:Creating prefix util module '/home/OSTR/modem_ws2/install/_local_setup_util_sh.py'
[21.683s] INFO:colcon.colcon_core.shell:Creating prefix chain script '/home/OSTR/modem_ws2/install/setup.sh'
[21.735s] INFO:colcon.colcon_core.shell:Creating prefix script '/home/OSTR/modem_ws2/install/local_setup.bash'
[21.762s] INFO:colcon.colcon_core.shell:Creating prefix chain script '/home/OSTR/modem_ws2/install/setup.bash'
[21.797s] INFO:colcon.colcon_core.shell:Creating prefix script '/home/OSTR/modem_ws2/install/local_setup.zsh'
[21.836s] INFO:colcon.colcon_core.shell:Creating prefix chain script '/home/OSTR/modem_ws2/install/setup.zsh'
