[9.416s] Invoking command in '/home/OSTR/modem_ws2/src/py_pubsub': PYTHONPATH=/home/OSTR/modem_ws2/build/py_pubsub/prefix_override:/usr/lib/python3/dist-packages/colcon_core/task/python/colcon_distutils_commands:/home/OSTR/modem_ws2/install/py_pubsub/lib/python3.12/site-packages:${PYTHONPATH} /usr/bin/python3 -W ignore:setup.py install is deprecated setup.py egg_info --egg-base ../../build/py_pubsub build --build-base /home/OSTR/modem_ws2/build/py_pubsub/build install --record /home/OSTR/modem_ws2/build/py_pubsub/install.log --single-version-externally-managed install_data
[12.044s] running egg_info
[12.253s] writing ../../build/py_pubsub/py_pubsub.egg-info/PKG-INFO
[12.256s] writing dependency_links to ../../build/py_pubsub/py_pubsub.egg-info/dependency_links.txt
[12.259s] writing entry points to ../../build/py_pubsub/py_pubsub.egg-info/entry_points.txt
[12.261s] writing requirements to ../../build/py_pubsub/py_pubsub.egg-info/requires.txt
[12.262s] writing top-level names to ../../build/py_pubsub/py_pubsub.egg-info/top_level.txt
[12.703s] reading manifest file '../../build/py_pubsub/py_pubsub.egg-info/SOURCES.txt'
[12.707s] adding license file 'LICENSE'
[12.714s] writing manifest file '../../build/py_pubsub/py_pubsub.egg-info/SOURCES.txt'
[12.715s] running build
[12.716s] running build_py
[12.726s] copying py_pubsub/fldigirx.py -> /home/OSTR/modem_ws2/build/py_pubsub/build/lib/py_pubsub
[12.736s] running install
[12.793s] running install_lib
[13.004s] copying /home/OSTR/modem_ws2/build/py_pubsub/build/lib/py_pubsub/fldigirx.py -> /home/OSTR/modem_ws2/install/py_pubsub/lib/python3.12/site-packages/py_pubsub
[13.017s] byte-compiling /home/OSTR/modem_ws2/install/py_pubsub/lib/python3.12/site-packages/py_pubsub/fldigirx.py to fldigirx.cpython-312.pyc
[13.031s] running install_data
[13.036s] running install_egg_info
[13.251s] removing '/home/OSTR/modem_ws2/install/py_pubsub/lib/python3.12/site-packages/py_pubsub-0.0.0-py3.12.egg-info' (and everything under it)
[13.254s] Copying ../../build/py_pubsub/py_pubsub.egg-info to /home/OSTR/modem_ws2/install/py_pubsub/lib/python3.12/site-packages/py_pubsub-0.0.0-py3.12.egg-info
[13.267s] running install_scripts
[14.699s] Installing fishbouyancy script to /home/OSTR/modem_ws2/install/py_pubsub/lib/py_pubsub
[14.702s] Installing fishdepth script to /home/OSTR/modem_ws2/install/py_pubsub/lib/py_pubsub
[14.704s] Installing fishfake script to /home/OSTR/modem_ws2/install/py_pubsub/lib/py_pubsub
[14.705s] Installing fishhub script to /home/OSTR/modem_ws2/install/py_pubsub/lib/py_pubsub
[14.707s] Installing fishimu script to /home/OSTR/modem_ws2/install/py_pubsub/lib/py_pubsub
[14.709s] Installing fishrec script to /home/OSTR/modem_ws2/install/py_pubsub/lib/py_pubsub
[14.711s] Installing fishspeed script to /home/OSTR/modem_ws2/install/py_pubsub/lib/py_pubsub
[14.712s] Installing fishtemp script to /home/OSTR/modem_ws2/install/py_pubsub/lib/py_pubsub
[14.714s] Installing fishtran script to /home/OSTR/modem_ws2/install/py_pubsub/lib/py_pubsub
[14.716s] Installing fishturn script to /home/OSTR/modem_ws2/install/py_pubsub/lib/py_pubsub
[14.718s] Installing fldigirx script to /home/OSTR/modem_ws2/install/py_pubsub/lib/py_pubsub
[14.720s] Installing hub script to /home/OSTR/modem_ws2/install/py_pubsub/lib/py_pubsub
[14.722s] Installing receive script to /home/OSTR/modem_ws2/install/py_pubsub/lib/py_pubsub
[14.723s] Installing transmit script to /home/OSTR/modem_ws2/install/py_pubsub/lib/py_pubsub
[14.729s] writing list of installed files to '/home/OSTR/modem_ws2/build/py_pubsub/install.log'
[15.021s] Invoked command in '/home/OSTR/modem_ws2/src/py_pubsub' returned '0': PYTHONPATH=/home/OSTR/modem_ws2/build/py_pubsub/prefix_override:/usr/lib/python3/dist-packages/colcon_core/task/python/colcon_distutils_commands:/home/OSTR/modem_ws2/install/py_pubsub/lib/python3.12/site-packages:${PYTHONPATH} /usr/bin/python3 -W ignore:setup.py install is deprecated setup.py egg_info --egg-base ../../build/py_pubsub build --build-base /home/OSTR/modem_ws2/build/py_pubsub/build install --record /home/OSTR/modem_ws2/build/py_pubsub/install.log --single-version-externally-managed install_data
