[21.126s] Invoking command in '/home/OSTR/modem_ws2/src/py_pubsub': PYTHONPATH=/home/OSTR/modem_ws2/build/py_pubsub/prefix_override:/usr/lib/python3/dist-packages/colcon_core/task/python/colcon_distutils_commands:/home/OSTR/modem_ws2/install/py_pubsub/lib/python3.12/site-packages:${PYTHONPATH} /usr/bin/python3 -W ignore:setup.py install is deprecated setup.py egg_info --egg-base ../../build/py_pubsub build --build-base /home/OSTR/modem_ws2/build/py_pubsub/build install --record /home/OSTR/modem_ws2/build/py_pubsub/install.log --single-version-externally-managed install_data
[24.868s] running egg_info
[25.182s] writing ../../build/py_pubsub/py_pubsub.egg-info/PKG-INFO
[25.186s] writing dependency_links to ../../build/py_pubsub/py_pubsub.egg-info/dependency_links.txt
[25.189s] writing entry points to ../../build/py_pubsub/py_pubsub.egg-info/entry_points.txt
[25.191s] writing requirements to ../../build/py_pubsub/py_pubsub.egg-info/requires.txt
[25.192s] writing top-level names to ../../build/py_pubsub/py_pubsub.egg-info/top_level.txt
[25.840s] reading manifest file '../../build/py_pubsub/py_pubsub.egg-info/SOURCES.txt'
[25.848s] adding license file 'LICENSE'
[25.855s] writing manifest file '../../build/py_pubsub/py_pubsub.egg-info/SOURCES.txt'
[25.857s] running build
[25.858s] running build_py
[25.897s] copying py_pubsub/fldigirx.py -> /home/OSTR/modem_ws2/build/py_pubsub/build/lib/py_pubsub
[25.913s] running install
[25.985s] running install_lib
[26.288s] copying /home/OSTR/modem_ws2/build/py_pubsub/build/lib/py_pubsub/fldigirx.py -> /home/OSTR/modem_ws2/install/py_pubsub/lib/python3.12/site-packages/py_pubsub
[26.307s] byte-compiling /home/OSTR/modem_ws2/install/py_pubsub/lib/python3.12/site-packages/py_pubsub/fldigirx.py to fldigirx.cpython-312.pyc
[26.322s] running install_data
[26.344s] running install_egg_info
[26.664s] removing '/home/OSTR/modem_ws2/install/py_pubsub/lib/python3.12/site-packages/py_pubsub-0.0.0-py3.12.egg-info' (and everything under it)
[26.668s] Copying ../../build/py_pubsub/py_pubsub.egg-info to /home/OSTR/modem_ws2/install/py_pubsub/lib/python3.12/site-packages/py_pubsub-0.0.0-py3.12.egg-info
[26.686s] running install_scripts
[28.684s] Installing fishbouyancy script to /home/OSTR/modem_ws2/install/py_pubsub/lib/py_pubsub
[28.686s] Installing fishdepth script to /home/OSTR/modem_ws2/install/py_pubsub/lib/py_pubsub
[28.688s] Installing fishfake script to /home/OSTR/modem_ws2/install/py_pubsub/lib/py_pubsub
[28.690s] Installing fishhub script to /home/OSTR/modem_ws2/install/py_pubsub/lib/py_pubsub
[28.692s] Installing fishimu script to /home/OSTR/modem_ws2/install/py_pubsub/lib/py_pubsub
[28.694s] Installing fishrec script to /home/OSTR/modem_ws2/install/py_pubsub/lib/py_pubsub
[28.696s] Installing fishspeed script to /home/OSTR/modem_ws2/install/py_pubsub/lib/py_pubsub
[28.698s] Installing fishtemp script to /home/OSTR/modem_ws2/install/py_pubsub/lib/py_pubsub
[28.700s] Installing fishtran script to /home/OSTR/modem_ws2/install/py_pubsub/lib/py_pubsub
[28.702s] Installing fishturn script to /home/OSTR/modem_ws2/install/py_pubsub/lib/py_pubsub
[28.704s] Installing fldigirx script to /home/OSTR/modem_ws2/install/py_pubsub/lib/py_pubsub
[28.706s] Installing hub script to /home/OSTR/modem_ws2/install/py_pubsub/lib/py_pubsub
[28.708s] Installing receive script to /home/OSTR/modem_ws2/install/py_pubsub/lib/py_pubsub
[28.710s] Installing transmit script to /home/OSTR/modem_ws2/install/py_pubsub/lib/py_pubsub
[28.716s] writing list of installed files to '/home/OSTR/modem_ws2/build/py_pubsub/install.log'
[29.093s] Invoked command in '/home/OSTR/modem_ws2/src/py_pubsub' returned '0': PYTHONPATH=/home/OSTR/modem_ws2/build/py_pubsub/prefix_override:/usr/lib/python3/dist-packages/colcon_core/task/python/colcon_distutils_commands:/home/OSTR/modem_ws2/install/py_pubsub/lib/python3.12/site-packages:${PYTHONPATH} /usr/bin/python3 -W ignore:setup.py install is deprecated setup.py egg_info --egg-base ../../build/py_pubsub build --build-base /home/OSTR/modem_ws2/build/py_pubsub/build install --record /home/OSTR/modem_ws2/build/py_pubsub/install.log --single-version-externally-managed install_data
