[1.362s] DEBUG:colcon:Command line arguments: ['/usr/bin/colcon', 'build']
[1.363s] DEBUG:colcon:Parsed command line arguments: Namespace(log_base=None, log_level=None, verb_name='build', build_base='build', install_base='install', merge_install=False, symlink_install=False, test_result_base=None, continue_on_error=False, executor='parallel', parallel_workers=4, event_handlers=None, ignore_user_meta=False, metas=['./colcon.meta'], base_paths=['.'], packages_ignore=None, packages_ignore_regex=None, paths=None, packages_up_to=None, packages_up_to_regex=None, packages_above=None, packages_above_and_dependencies=None, packages_above_depth=None, packages_select_by_dep=None, packages_skip_by_dep=None, packages_skip_up_to=None, packages_select_build_failed=False, packages_skip_build_finished=False, packages_select_test_failures=False, packages_skip_test_passed=False, packages_select=None, packages_skip=None, packages_select_regex=None, packages_skip_regex=None, packages_start=None, packages_end=None, allow_overriding=[], cmake_args=None, cmake_target=None, cmake_target_skip_unavailable=False, cmake_clean_cache=False, cmake_clean_first=False, cmake_force_configure=False, ament_cmake_args=None, catkin_cmake_args=None, catkin_skip_building_tests=False, mixin_files=None, mixin=None, verb_parser=<colcon_mixin.mixin.mixin_argument.MixinArgumentDecorator object at 0xffffb987b3b0>, verb_extension=<colcon_core.verb.build.BuildVerb object at 0xffffb999e180>, main=<bound method BuildVerb.main of <colcon_core.verb.build.BuildVerb object at 0xffffb999e180>>, mixin_verb=('build',))
[1.768s] Level 1:colcon.colcon_core.package_discovery:discover_packages(colcon_meta) check parameters
[1.769s] Level 1:colcon.colcon_core.package_discovery:discover_packages(recursive) check parameters
[1.780s] Level 1:colcon.colcon_core.package_discovery:discover_packages(ignore) check parameters
[1.781s] Level 1:colcon.colcon_core.package_discovery:discover_packages(path) check parameters
[1.781s] Level 1:colcon.colcon_core.package_discovery:discover_packages(colcon_meta) discover
[1.782s] Level 1:colcon.colcon_core.package_discovery:discover_packages(recursive) discover
[1.783s] INFO:colcon.colcon_core.package_discovery:Crawling recursively for packages in '/home/OSTR/modem_ws2'
[1.788s] Level 1:colcon.colcon_core.package_identification:_identify(.) by extensions ['ignore', 'ignore_ament_install']
[1.790s] Level 1:colcon.colcon_core.package_identification:_identify(.) by extension 'ignore'
[1.791s] Level 1:colcon.colcon_core.package_identification:_identify(.) by extension 'ignore_ament_install'
[1.792s] Level 1:colcon.colcon_core.package_identification:_identify(.) by extensions ['colcon_pkg']
[1.792s] Level 1:colcon.colcon_core.package_identification:_identify(.) by extension 'colcon_pkg'
[1.793s] Level 1:colcon.colcon_core.package_identification:_identify(.) by extensions ['colcon_meta']
[1.793s] Level 1:colcon.colcon_core.package_identification:_identify(.) by extension 'colcon_meta'
[1.794s] Level 1:colcon.colcon_core.package_identification:_identify(.) by extensions ['ros']
[1.794s] Level 1:colcon.colcon_core.package_identification:_identify(.) by extension 'ros'
[2.102s] Level 1:colcon.colcon_core.package_identification:_identify(.) by extensions ['cmake', 'python']
[2.102s] Level 1:colcon.colcon_core.package_identification:_identify(.) by extension 'cmake'
[2.103s] Level 1:colcon.colcon_core.package_identification:_identify(.) by extension 'python'
[2.103s] Level 1:colcon.colcon_core.package_identification:_identify(.) by extensions ['python_setup_py']
[2.103s] Level 1:colcon.colcon_core.package_identification:_identify(.) by extension 'python_setup_py'
[2.104s] Level 1:colcon.colcon_core.package_identification:_identify(build) by extensions ['ignore', 'ignore_ament_install']
[2.105s] Level 1:colcon.colcon_core.package_identification:_identify(build) by extension 'ignore'
[2.106s] Level 1:colcon.colcon_core.package_identification:_identify(build) ignored
[2.107s] Level 1:colcon.colcon_core.package_identification:_identify(install) by extensions ['ignore', 'ignore_ament_install']
[2.108s] Level 1:colcon.colcon_core.package_identification:_identify(install) by extension 'ignore'
[2.109s] Level 1:colcon.colcon_core.package_identification:_identify(install) ignored
[2.115s] Level 1:colcon.colcon_core.package_identification:_identify(log) by extensions ['ignore', 'ignore_ament_install']
[2.116s] Level 1:colcon.colcon_core.package_identification:_identify(log) by extension 'ignore'
[2.116s] Level 1:colcon.colcon_core.package_identification:_identify(log) ignored
[2.117s] Level 1:colcon.colcon_core.package_identification:_identify(src) by extensions ['ignore', 'ignore_ament_install']
[2.118s] Level 1:colcon.colcon_core.package_identification:_identify(src) by extension 'ignore'
[2.118s] Level 1:colcon.colcon_core.package_identification:_identify(src) by extension 'ignore_ament_install'
[2.119s] Level 1:colcon.colcon_core.package_identification:_identify(src) by extensions ['colcon_pkg']
[2.119s] Level 1:colcon.colcon_core.package_identification:_identify(src) by extension 'colcon_pkg'
[2.120s] Level 1:colcon.colcon_core.package_identification:_identify(src) by extensions ['colcon_meta']
[2.120s] Level 1:colcon.colcon_core.package_identification:_identify(src) by extension 'colcon_meta'
[2.120s] Level 1:colcon.colcon_core.package_identification:_identify(src) by extensions ['ros']
[2.121s] Level 1:colcon.colcon_core.package_identification:_identify(src) by extension 'ros'
[2.122s] Level 1:colcon.colcon_core.package_identification:_identify(src) by extensions ['cmake', 'python']
[2.122s] Level 1:colcon.colcon_core.package_identification:_identify(src) by extension 'cmake'
[2.123s] Level 1:colcon.colcon_core.package_identification:_identify(src) by extension 'python'
[2.123s] Level 1:colcon.colcon_core.package_identification:_identify(src) by extensions ['python_setup_py']
[2.124s] Level 1:colcon.colcon_core.package_identification:_identify(src) by extension 'python_setup_py'
[2.125s] Level 1:colcon.colcon_core.package_identification:_identify(src/py_pubsub) by extensions ['ignore', 'ignore_ament_install']
[2.126s] Level 1:colcon.colcon_core.package_identification:_identify(src/py_pubsub) by extension 'ignore'
[2.126s] Level 1:colcon.colcon_core.package_identification:_identify(src/py_pubsub) by extension 'ignore_ament_install'
[2.127s] Level 1:colcon.colcon_core.package_identification:_identify(src/py_pubsub) by extensions ['colcon_pkg']
[2.128s] Level 1:colcon.colcon_core.package_identification:_identify(src/py_pubsub) by extension 'colcon_pkg'
[2.128s] Level 1:colcon.colcon_core.package_identification:_identify(src/py_pubsub) by extensions ['colcon_meta']
[2.128s] Level 1:colcon.colcon_core.package_identification:_identify(src/py_pubsub) by extension 'colcon_meta'
[2.129s] Level 1:colcon.colcon_core.package_identification:_identify(src/py_pubsub) by extensions ['ros']
[2.129s] Level 1:colcon.colcon_core.package_identification:_identify(src/py_pubsub) by extension 'ros'
[2.159s] DEBUG:colcon.colcon_core.package_identification:Package 'src/py_pubsub' with type 'ros.ament_python' and name 'py_pubsub'
[2.160s] Level 1:colcon.colcon_core.package_discovery:discover_packages(recursive) using defaults
[2.160s] Level 1:colcon.colcon_core.package_discovery:discover_packages(ignore) discover
[2.161s] Level 1:colcon.colcon_core.package_discovery:discover_packages(ignore) using defaults
[2.161s] Level 1:colcon.colcon_core.package_discovery:discover_packages(path) discover
[2.161s] Level 1:colcon.colcon_core.package_discovery:discover_packages(path) using defaults
[2.376s] Level 1:colcon.colcon_core.package_discovery:discover_packages(prefix_path) check parameters
[2.377s] Level 1:colcon.colcon_core.package_discovery:discover_packages(prefix_path) discover
[2.412s] DEBUG:colcon.colcon_installed_package_information.package_discovery:Found 1 installed packages in /home/OSTR/modem_ws2/install
[2.435s] DEBUG:colcon.colcon_installed_package_information.package_discovery:Found 285 installed packages in /opt/ros/jazzy
[2.444s] Level 1:colcon.colcon_core.package_discovery:discover_packages(prefix_path) using defaults
[3.187s] Level 5:colcon.colcon_core.verb:set package 'py_pubsub' build argument 'cmake_args' from command line to 'None'
[3.187s] Level 5:colcon.colcon_core.verb:set package 'py_pubsub' build argument 'cmake_target' from command line to 'None'
[3.187s] Level 5:colcon.colcon_core.verb:set package 'py_pubsub' build argument 'cmake_target_skip_unavailable' from command line to 'False'
[3.188s] Level 5:colcon.colcon_core.verb:set package 'py_pubsub' build argument 'cmake_clean_cache' from command line to 'False'
[3.188s] Level 5:colcon.colcon_core.verb:set package 'py_pubsub' build argument 'cmake_clean_first' from command line to 'False'
[3.188s] Level 5:colcon.colcon_core.verb:set package 'py_pubsub' build argument 'cmake_force_configure' from command line to 'False'
[3.188s] Level 5:colcon.colcon_core.verb:set package 'py_pubsub' build argument 'ament_cmake_args' from command line to 'None'
[3.188s] Level 5:colcon.colcon_core.verb:set package 'py_pubsub' build argument 'catkin_cmake_args' from command line to 'None'
[3.189s] Level 5:colcon.colcon_core.verb:set package 'py_pubsub' build argument 'catkin_skip_building_tests' from command line to 'False'
[3.189s] DEBUG:colcon.colcon_core.verb:Building package 'py_pubsub' with the following arguments: {'ament_cmake_args': None, 'build_base': '/home/OSTR/modem_ws2/build/py_pubsub', 'catkin_cmake_args': None, 'catkin_skip_building_tests': False, 'cmake_args': None, 'cmake_clean_cache': False, 'cmake_clean_first': False, 'cmake_force_configure': False, 'cmake_target': None, 'cmake_target_skip_unavailable': False, 'install_base': '/home/OSTR/modem_ws2/install/py_pubsub', 'merge_install': False, 'path': '/home/OSTR/modem_ws2/src/py_pubsub', 'symlink_install': False, 'test_result_base': None}
[3.190s] INFO:colcon.colcon_core.executor:Executing jobs using 'parallel' executor
[3.198s] DEBUG:colcon.colcon_parallel_executor.executor.parallel:run_until_complete
[3.201s] INFO:colcon.colcon_ros.task.ament_python.build:Building ROS package in '/home/OSTR/modem_ws2/src/py_pubsub' with build type 'ament_python'
[3.202s] Level 1:colcon.colcon_core.shell:create_environment_hook('py_pubsub', 'ament_prefix_path')
[3.224s] INFO:colcon.colcon_core.plugin_system:Skipping extension 'colcon_core.shell.bat': Not used on non-Windows systems
[3.226s] INFO:colcon.colcon_core.shell:Creating environment hook '/home/OSTR/modem_ws2/install/py_pubsub/share/py_pubsub/hook/ament_prefix_path.ps1'
[3.239s] INFO:colcon.colcon_core.shell:Creating environment descriptor '/home/OSTR/modem_ws2/install/py_pubsub/share/py_pubsub/hook/ament_prefix_path.dsv'
[3.247s] INFO:colcon.colcon_core.shell:Creating environment hook '/home/OSTR/modem_ws2/install/py_pubsub/share/py_pubsub/hook/ament_prefix_path.sh'
[3.254s] INFO:colcon.colcon_core.shell:Skip shell extension 'powershell' for command environment: Not usable outside of PowerShell
[3.255s] DEBUG:colcon.colcon_core.shell:Skip shell extension 'dsv' for command environment
[7.042s] INFO:colcon.colcon_core.task.python.build:Building Python package in '/home/OSTR/modem_ws2/src/py_pubsub'
[7.049s] INFO:colcon.colcon_core.shell:Skip shell extension 'powershell' for command environment: Not usable outside of PowerShell
[7.052s] DEBUG:colcon.colcon_core.shell:Skip shell extension 'dsv' for command environment
[16.525s] DEBUG:colcon.colcon_core.event_handler.log_command:Invoking command in '/home/OSTR/modem_ws2/src/py_pubsub': PYTHONPATH=/home/OSTR/modem_ws2/build/py_pubsub/prefix_override:/usr/lib/python3/dist-packages/colcon_core/task/python/colcon_distutils_commands:/home/OSTR/modem_ws2/install/py_pubsub/lib/python3.12/site-packages:${PYTHONPATH} /usr/bin/python3 -W ignore:setup.py install is deprecated setup.py egg_info --egg-base ../../build/py_pubsub build --build-base /home/OSTR/modem_ws2/build/py_pubsub/build install --record /home/OSTR/modem_ws2/build/py_pubsub/install.log --single-version-externally-managed install_data
[24.457s] DEBUG:colcon.colcon_core.event_handler.log_command:Invoked command in '/home/OSTR/modem_ws2/src/py_pubsub' returned '0': PYTHONPATH=/home/OSTR/modem_ws2/build/py_pubsub/prefix_override:/usr/lib/python3/dist-packages/colcon_core/task/python/colcon_distutils_commands:/home/OSTR/modem_ws2/install/py_pubsub/lib/python3.12/site-packages:${PYTHONPATH} /usr/bin/python3 -W ignore:setup.py install is deprecated setup.py egg_info --egg-base ../../build/py_pubsub build --build-base /home/OSTR/modem_ws2/build/py_pubsub/build install --record /home/OSTR/modem_ws2/build/py_pubsub/install.log --single-version-externally-managed install_data
[24.481s] Level 1:colcon.colcon_core.environment:checking '/home/OSTR/modem_ws2/install/py_pubsub' for CMake module files
[24.487s] Level 1:colcon.colcon_core.environment:checking '/home/OSTR/modem_ws2/install/py_pubsub' for CMake config files
[24.498s] Level 1:colcon.colcon_core.environment:checking '/home/OSTR/modem_ws2/install/py_pubsub/lib'
[24.502s] Level 1:colcon.colcon_core.environment:checking '/home/OSTR/modem_ws2/install/py_pubsub/bin'
[24.504s] Level 1:colcon.colcon_core.environment:checking '/home/OSTR/modem_ws2/install/py_pubsub/lib/pkgconfig/py_pubsub.pc'
[24.509s] Level 1:colcon.colcon_core.environment:checking '/home/OSTR/modem_ws2/install/py_pubsub/lib/python3.12/site-packages'
[24.510s] Level 1:colcon.colcon_core.shell:create_environment_hook('py_pubsub', 'pythonpath')
[24.512s] INFO:colcon.colcon_core.shell:Creating environment hook '/home/OSTR/modem_ws2/install/py_pubsub/share/py_pubsub/hook/pythonpath.ps1'
[24.516s] INFO:colcon.colcon_core.shell:Creating environment descriptor '/home/OSTR/modem_ws2/install/py_pubsub/share/py_pubsub/hook/pythonpath.dsv'
[24.519s] INFO:colcon.colcon_core.shell:Creating environment hook '/home/OSTR/modem_ws2/install/py_pubsub/share/py_pubsub/hook/pythonpath.sh'
[24.524s] Level 1:colcon.colcon_core.environment:checking '/home/OSTR/modem_ws2/install/py_pubsub/bin'
[24.525s] Level 1:colcon.colcon_core.environment:create_environment_scripts_only(py_pubsub)
[24.527s] INFO:colcon.colcon_core.shell:Creating package script '/home/OSTR/modem_ws2/install/py_pubsub/share/py_pubsub/package.ps1'
[24.534s] INFO:colcon.colcon_core.shell:Creating package descriptor '/home/OSTR/modem_ws2/install/py_pubsub/share/py_pubsub/package.dsv'
[24.539s] INFO:colcon.colcon_core.shell:Creating package script '/home/OSTR/modem_ws2/install/py_pubsub/share/py_pubsub/package.sh'
[24.546s] INFO:colcon.colcon_core.shell:Creating package script '/home/OSTR/modem_ws2/install/py_pubsub/share/py_pubsub/package.bash'
[24.554s] INFO:colcon.colcon_core.shell:Creating package script '/home/OSTR/modem_ws2/install/py_pubsub/share/py_pubsub/package.zsh'
[24.566s] Level 1:colcon.colcon_core.environment:create_file_with_runtime_dependencies(/home/OSTR/modem_ws2/install/py_pubsub/share/colcon-core/packages/py_pubsub)
[24.570s] DEBUG:colcon.colcon_parallel_executor.executor.parallel:closing loop
[24.573s] DEBUG:colcon.colcon_parallel_executor.executor.parallel:loop closed
[24.574s] DEBUG:colcon.colcon_parallel_executor.executor.parallel:run_until_complete finished with '0'
[24.575s] DEBUG:colcon.colcon_core.event_reactor:joining thread
[24.634s] INFO:colcon.colcon_core.plugin_system:Skipping extension 'colcon_notification.desktop_notification.notify_send': Could not find 'notify-send'
[24.635s] INFO:colcon.colcon_core.plugin_system:Skipping extension 'colcon_notification.desktop_notification.terminal_notifier': Not used on non-Darwin systems
[24.636s] INFO:colcon.colcon_core.plugin_system:Skipping extension 'colcon_notification.desktop_notification.win32': Not used on non-Windows systems
[24.636s] INFO:colcon.colcon_notification.desktop_notification:Sending desktop notification using 'notify2'
[24.642s] DEBUG:colcon.colcon_notification.desktop_notification.notify2:Failed to initialize notify2: org.freedesktop.DBus.Error.ServiceUnknown: The name org.freedesktop.Notifications was not provided by any .service files
[24.643s] DEBUG:colcon.colcon_core.event_reactor:joined thread
[24.645s] INFO:colcon.colcon_core.shell:Creating prefix script '/home/OSTR/modem_ws2/install/local_setup.ps1'
[24.653s] INFO:colcon.colcon_core.shell:Creating prefix util module '/home/OSTR/modem_ws2/install/_local_setup_util_ps1.py'
[24.664s] INFO:colcon.colcon_core.shell:Creating prefix chain script '/home/OSTR/modem_ws2/install/setup.ps1'
[24.672s] INFO:colcon.colcon_core.shell:Creating prefix script '/home/OSTR/modem_ws2/install/local_setup.sh'
[24.679s] INFO:colcon.colcon_core.shell:Creating prefix util module '/home/OSTR/modem_ws2/install/_local_setup_util_sh.py'
[24.692s] INFO:colcon.colcon_core.shell:Creating prefix chain script '/home/OSTR/modem_ws2/install/setup.sh'
[24.701s] INFO:colcon.colcon_core.shell:Creating prefix script '/home/OSTR/modem_ws2/install/local_setup.bash'
[24.706s] INFO:colcon.colcon_core.shell:Creating prefix chain script '/home/OSTR/modem_ws2/install/setup.bash'
[24.714s] INFO:colcon.colcon_core.shell:Creating prefix script '/home/OSTR/modem_ws2/install/local_setup.zsh'
[24.719s] INFO:colcon.colcon_core.shell:Creating prefix chain script '/home/OSTR/modem_ws2/install/setup.zsh'
