[24.830s] Invoking command in '/home/OSTR/modem_ws2/src/py_pubsub': PYTHONPATH=/home/OSTR/modem_ws2/build/py_pubsub/prefix_override:/usr/lib/python3/dist-packages/colcon_core/task/python/colcon_distutils_commands:/home/OSTR/modem_ws2/install/py_pubsub/lib/python3.12/site-packages:${PYTHONPATH} /usr/bin/python3 -W ignore:setup.py install is deprecated setup.py egg_info --egg-base ../../build/py_pubsub build --build-base /home/OSTR/modem_ws2/build/py_pubsub/build install --record /home/OSTR/modem_ws2/build/py_pubsub/install.log --single-version-externally-managed install_data
[29.932s] running egg_info
[30.296s] writing ../../build/py_pubsub/py_pubsub.egg-info/PKG-INFO
[30.301s] writing dependency_links to ../../build/py_pubsub/py_pubsub.egg-info/dependency_links.txt
[30.305s] writing entry points to ../../build/py_pubsub/py_pubsub.egg-info/entry_points.txt
[30.307s] writing requirements to ../../build/py_pubsub/py_pubsub.egg-info/requires.txt
[30.310s] writing top-level names to ../../build/py_pubsub/py_pubsub.egg-info/top_level.txt
[30.949s] reading manifest file '../../build/py_pubsub/py_pubsub.egg-info/SOURCES.txt'
[30.954s] adding license file 'LICENSE'
[30.960s] writing manifest file '../../build/py_pubsub/py_pubsub.egg-info/SOURCES.txt'
[30.963s] running build
[30.964s] running build_py
[30.966s] copying py_pubsub/fishHub.py -> /home/OSTR/modem_ws2/build/py_pubsub/build/lib/py_pubsub
[30.978s] running install
[31.048s] running install_lib
[31.387s] copying /home/OSTR/modem_ws2/build/py_pubsub/build/lib/py_pubsub/fishHub.py -> /home/OSTR/modem_ws2/install/py_pubsub/lib/python3.12/site-packages/py_pubsub
[31.398s] byte-compiling /home/OSTR/modem_ws2/install/py_pubsub/lib/python3.12/site-packages/py_pubsub/fishHub.py to fishHub.cpython-312.pyc
[31.415s] running install_data
[31.417s] running install_egg_info
[31.723s] removing '/home/OSTR/modem_ws2/install/py_pubsub/lib/python3.12/site-packages/py_pubsub-0.0.0-py3.12.egg-info' (and everything under it)
[31.737s] Copying ../../build/py_pubsub/py_pubsub.egg-info to /home/OSTR/modem_ws2/install/py_pubsub/lib/python3.12/site-packages/py_pubsub-0.0.0-py3.12.egg-info
[31.750s] running install_scripts
[33.706s] Installing fishdepth script to /home/OSTR/modem_ws2/install/py_pubsub/lib/py_pubsub
[33.708s] Installing fishhub script to /home/OSTR/modem_ws2/install/py_pubsub/lib/py_pubsub
[33.710s] Installing fishimu script to /home/OSTR/modem_ws2/install/py_pubsub/lib/py_pubsub
[33.719s] Installing fishrec script to /home/OSTR/modem_ws2/install/py_pubsub/lib/py_pubsub
[33.721s] Installing fishspeed script to /home/OSTR/modem_ws2/install/py_pubsub/lib/py_pubsub
[33.723s] Installing fishtemp script to /home/OSTR/modem_ws2/install/py_pubsub/lib/py_pubsub
[33.725s] Installing fishtran script to /home/OSTR/modem_ws2/install/py_pubsub/lib/py_pubsub
[33.727s] Installing fishturn script to /home/OSTR/modem_ws2/install/py_pubsub/lib/py_pubsub
[33.730s] Installing hub script to /home/OSTR/modem_ws2/install/py_pubsub/lib/py_pubsub
[33.732s] Installing receive script to /home/OSTR/modem_ws2/install/py_pubsub/lib/py_pubsub
[33.734s] Installing transmit script to /home/OSTR/modem_ws2/install/py_pubsub/lib/py_pubsub
[33.739s] writing list of installed files to '/home/OSTR/modem_ws2/build/py_pubsub/install.log'
[34.075s] Invoked command in '/home/OSTR/modem_ws2/src/py_pubsub' returned '0': PYTHONPATH=/home/OSTR/modem_ws2/build/py_pubsub/prefix_override:/usr/lib/python3/dist-packages/colcon_core/task/python/colcon_distutils_commands:/home/OSTR/modem_ws2/install/py_pubsub/lib/python3.12/site-packages:${PYTHONPATH} /usr/bin/python3 -W ignore:setup.py install is deprecated setup.py egg_info --egg-base ../../build/py_pubsub build --build-base /home/OSTR/modem_ws2/build/py_pubsub/build install --record /home/OSTR/modem_ws2/build/py_pubsub/install.log --single-version-externally-managed install_data
