[8.111s] Invoking command in '/home/OSTR/modem_ws2/src/py_pubsub': PYTHONPATH=/home/OSTR/modem_ws2/build/py_pubsub/prefix_override:/usr/lib/python3/dist-packages/colcon_core/task/python/colcon_distutils_commands:/home/OSTR/modem_ws2/install/py_pubsub/lib/python3.12/site-packages:${PYTHONPATH} /usr/bin/python3 -W ignore:setup.py install is deprecated setup.py egg_info --egg-base ../../build/py_pubsub build --build-base /home/OSTR/modem_ws2/build/py_pubsub/build install --record /home/OSTR/modem_ws2/build/py_pubsub/install.log --single-version-externally-managed install_data
[10.768s] running egg_info
[10.978s] writing ../../build/py_pubsub/py_pubsub.egg-info/PKG-INFO
[10.980s] writing dependency_links to ../../build/py_pubsub/py_pubsub.egg-info/dependency_links.txt
[10.983s] writing entry points to ../../build/py_pubsub/py_pubsub.egg-info/entry_points.txt
[10.985s] writing requirements to ../../build/py_pubsub/py_pubsub.egg-info/requires.txt
[10.987s] writing top-level names to ../../build/py_pubsub/py_pubsub.egg-info/top_level.txt
[11.411s] reading manifest file '../../build/py_pubsub/py_pubsub.egg-info/SOURCES.txt'
[11.415s] adding license file 'LICENSE'
[11.420s] writing manifest file '../../build/py_pubsub/py_pubsub.egg-info/SOURCES.txt'
[11.422s] running build
[11.423s] running build_py
[11.430s] copying py_pubsub/fishtran.py -> /home/OSTR/modem_ws2/build/py_pubsub/build/lib/py_pubsub
[11.434s] running install
[11.490s] running install_lib
[11.706s] copying /home/OSTR/modem_ws2/build/py_pubsub/build/lib/py_pubsub/fishtran.py -> /home/OSTR/modem_ws2/install/py_pubsub/lib/python3.12/site-packages/py_pubsub
[11.715s] byte-compiling /home/OSTR/modem_ws2/install/py_pubsub/lib/python3.12/site-packages/py_pubsub/fishtran.py to fishtran.cpython-312.pyc
[11.725s] running install_data
[11.726s] running install_egg_info
[11.948s] removing '/home/OSTR/modem_ws2/install/py_pubsub/lib/python3.12/site-packages/py_pubsub-0.0.0-py3.12.egg-info' (and everything under it)
[11.952s] Copying ../../build/py_pubsub/py_pubsub.egg-info to /home/OSTR/modem_ws2/install/py_pubsub/lib/python3.12/site-packages/py_pubsub-0.0.0-py3.12.egg-info
[11.962s] running install_scripts
[13.406s] Installing fishdepth script to /home/OSTR/modem_ws2/install/py_pubsub/lib/py_pubsub
[13.408s] Installing fishhub script to /home/OSTR/modem_ws2/install/py_pubsub/lib/py_pubsub
[13.409s] Installing fishimu script to /home/OSTR/modem_ws2/install/py_pubsub/lib/py_pubsub
[13.411s] Installing fishrec script to /home/OSTR/modem_ws2/install/py_pubsub/lib/py_pubsub
[13.413s] Installing fishspeed script to /home/OSTR/modem_ws2/install/py_pubsub/lib/py_pubsub
[13.414s] Installing fishtemp script to /home/OSTR/modem_ws2/install/py_pubsub/lib/py_pubsub
[13.416s] Installing fishtran script to /home/OSTR/modem_ws2/install/py_pubsub/lib/py_pubsub
[13.418s] Installing fishturn script to /home/OSTR/modem_ws2/install/py_pubsub/lib/py_pubsub
[13.420s] Installing hub script to /home/OSTR/modem_ws2/install/py_pubsub/lib/py_pubsub
[13.422s] Installing receive script to /home/OSTR/modem_ws2/install/py_pubsub/lib/py_pubsub
[13.424s] Installing transmit script to /home/OSTR/modem_ws2/install/py_pubsub/lib/py_pubsub
[13.429s] writing list of installed files to '/home/OSTR/modem_ws2/build/py_pubsub/install.log'
[13.732s] Invoked command in '/home/OSTR/modem_ws2/src/py_pubsub' returned '0': PYTHONPATH=/home/OSTR/modem_ws2/build/py_pubsub/prefix_override:/usr/lib/python3/dist-packages/colcon_core/task/python/colcon_distutils_commands:/home/OSTR/modem_ws2/install/py_pubsub/lib/python3.12/site-packages:${PYTHONPATH} /usr/bin/python3 -W ignore:setup.py install is deprecated setup.py egg_info --egg-base ../../build/py_pubsub build --build-base /home/OSTR/modem_ws2/build/py_pubsub/build install --record /home/OSTR/modem_ws2/build/py_pubsub/install.log --single-version-externally-managed install_data
