[7.960s] Invoking command in '/home/OSTR/modem_ws2/src/py_pubsub': PYTHONPATH=/home/OSTR/modem_ws2/build/py_pubsub/prefix_override:/usr/lib/python3/dist-packages/colcon_core/task/python/colcon_distutils_commands:/home/OSTR/modem_ws2/install/py_pubsub/lib/python3.12/site-packages:${PYTHONPATH} /usr/bin/python3 -W ignore:setup.py install is deprecated setup.py egg_info --egg-base ../../build/py_pubsub build --build-base /home/OSTR/modem_ws2/build/py_pubsub/build install --record /home/OSTR/modem_ws2/build/py_pubsub/install.log --single-version-externally-managed install_data
[10.575s] running egg_info
[10.784s] writing ../../build/py_pubsub/py_pubsub.egg-info/PKG-INFO
[10.786s] writing dependency_links to ../../build/py_pubsub/py_pubsub.egg-info/dependency_links.txt
[10.788s] writing entry points to ../../build/py_pubsub/py_pubsub.egg-info/entry_points.txt
[10.790s] writing requirements to ../../build/py_pubsub/py_pubsub.egg-info/requires.txt
[10.791s] writing top-level names to ../../build/py_pubsub/py_pubsub.egg-info/top_level.txt
[11.212s] reading manifest file '../../build/py_pubsub/py_pubsub.egg-info/SOURCES.txt'
[11.215s] adding license file 'LICENSE'
[11.221s] writing manifest file '../../build/py_pubsub/py_pubsub.egg-info/SOURCES.txt'
[11.222s] running build
[11.223s] running build_py
[11.228s] copying py_pubsub/fishturn.py -> /home/OSTR/modem_ws2/build/py_pubsub/build/lib/py_pubsub
[11.233s] running install
[11.289s] running install_lib
[11.503s] copying /home/OSTR/modem_ws2/build/py_pubsub/build/lib/py_pubsub/fishturn.py -> /home/OSTR/modem_ws2/install/py_pubsub/lib/python3.12/site-packages/py_pubsub
[11.512s] byte-compiling /home/OSTR/modem_ws2/install/py_pubsub/lib/python3.12/site-packages/py_pubsub/fishturn.py to fishturn.cpython-312.pyc
[11.520s] running install_data
[11.522s] running install_egg_info
[11.738s] removing '/home/OSTR/modem_ws2/install/py_pubsub/lib/python3.12/site-packages/py_pubsub-0.0.0-py3.12.egg-info' (and everything under it)
[11.741s] Copying ../../build/py_pubsub/py_pubsub.egg-info to /home/OSTR/modem_ws2/install/py_pubsub/lib/python3.12/site-packages/py_pubsub-0.0.0-py3.12.egg-info
[11.752s] running install_scripts
[13.164s] Installing fishdepth script to /home/OSTR/modem_ws2/install/py_pubsub/lib/py_pubsub
[13.166s] Installing fishhub script to /home/OSTR/modem_ws2/install/py_pubsub/lib/py_pubsub
[13.168s] Installing fishrec script to /home/OSTR/modem_ws2/install/py_pubsub/lib/py_pubsub
[13.170s] Installing fishspeed script to /home/OSTR/modem_ws2/install/py_pubsub/lib/py_pubsub
[13.172s] Installing fishtran script to /home/OSTR/modem_ws2/install/py_pubsub/lib/py_pubsub
[13.174s] Installing fishturn script to /home/OSTR/modem_ws2/install/py_pubsub/lib/py_pubsub
[13.175s] Installing hub script to /home/OSTR/modem_ws2/install/py_pubsub/lib/py_pubsub
[13.177s] Installing receive script to /home/OSTR/modem_ws2/install/py_pubsub/lib/py_pubsub
[13.179s] Installing transmit script to /home/OSTR/modem_ws2/install/py_pubsub/lib/py_pubsub
[13.183s] writing list of installed files to '/home/OSTR/modem_ws2/build/py_pubsub/install.log'
[13.475s] Invoked command in '/home/OSTR/modem_ws2/src/py_pubsub' returned '0': PYTHONPATH=/home/OSTR/modem_ws2/build/py_pubsub/prefix_override:/usr/lib/python3/dist-packages/colcon_core/task/python/colcon_distutils_commands:/home/OSTR/modem_ws2/install/py_pubsub/lib/python3.12/site-packages:${PYTHONPATH} /usr/bin/python3 -W ignore:setup.py install is deprecated setup.py egg_info --egg-base ../../build/py_pubsub build --build-base /home/OSTR/modem_ws2/build/py_pubsub/build install --record /home/OSTR/modem_ws2/build/py_pubsub/install.log --single-version-externally-managed install_data
