[7.972s] Invoking command in '/home/OSTR/modem_ws2/src/py_pubsub': PYTHONPATH=/home/OSTR/modem_ws2/build/py_pubsub/prefix_override:/usr/lib/python3/dist-packages/colcon_core/task/python/colcon_distutils_commands:/home/OSTR/modem_ws2/install/py_pubsub/lib/python3.12/site-packages:${PYTHONPATH} /usr/bin/python3 -W ignore:setup.py install is deprecated setup.py egg_info --egg-base ../../build/py_pubsub build --build-base /home/OSTR/modem_ws2/build/py_pubsub/build install --record /home/OSTR/modem_ws2/build/py_pubsub/install.log --single-version-externally-managed install_data
[10.551s] running egg_info
[10.755s] writing ../../build/py_pubsub/py_pubsub.egg-info/PKG-INFO
[10.758s] writing dependency_links to ../../build/py_pubsub/py_pubsub.egg-info/dependency_links.txt
[10.760s] writing entry points to ../../build/py_pubsub/py_pubsub.egg-info/entry_points.txt
[10.762s] writing requirements to ../../build/py_pubsub/py_pubsub.egg-info/requires.txt
[10.763s] writing top-level names to ../../build/py_pubsub/py_pubsub.egg-info/top_level.txt
[11.176s] reading manifest file '../../build/py_pubsub/py_pubsub.egg-info/SOURCES.txt'
[11.180s] adding license file 'LICENSE'
[11.185s] writing manifest file '../../build/py_pubsub/py_pubsub.egg-info/SOURCES.txt'
[11.187s] running build
[11.187s] running build_py
[11.190s] copying py_pubsub/fishtemp.py -> /home/OSTR/modem_ws2/build/py_pubsub/build/lib/py_pubsub
[11.195s] copying py_pubsub/fishturn.py -> /home/OSTR/modem_ws2/build/py_pubsub/build/lib/py_pubsub
[11.199s] running install
[11.255s] running install_lib
[11.464s] copying /home/OSTR/modem_ws2/build/py_pubsub/build/lib/py_pubsub/fishtemp.py -> /home/OSTR/modem_ws2/install/py_pubsub/lib/python3.12/site-packages/py_pubsub
[11.468s] copying /home/OSTR/modem_ws2/build/py_pubsub/build/lib/py_pubsub/fishturn.py -> /home/OSTR/modem_ws2/install/py_pubsub/lib/python3.12/site-packages/py_pubsub
[11.475s] byte-compiling /home/OSTR/modem_ws2/install/py_pubsub/lib/python3.12/site-packages/py_pubsub/fishtemp.py to fishtemp.cpython-312.pyc
[11.480s] byte-compiling /home/OSTR/modem_ws2/install/py_pubsub/lib/python3.12/site-packages/py_pubsub/fishturn.py to fishturn.cpython-312.pyc
[11.489s] running install_data
[11.490s] running install_egg_info
[11.705s] removing '/home/OSTR/modem_ws2/install/py_pubsub/lib/python3.12/site-packages/py_pubsub-0.0.0-py3.12.egg-info' (and everything under it)
[11.709s] Copying ../../build/py_pubsub/py_pubsub.egg-info to /home/OSTR/modem_ws2/install/py_pubsub/lib/python3.12/site-packages/py_pubsub-0.0.0-py3.12.egg-info
[11.719s] running install_scripts
[13.137s] Installing fishdepth script to /home/OSTR/modem_ws2/install/py_pubsub/lib/py_pubsub
[13.139s] Installing fishhub script to /home/OSTR/modem_ws2/install/py_pubsub/lib/py_pubsub
[13.140s] Installing fishrec script to /home/OSTR/modem_ws2/install/py_pubsub/lib/py_pubsub
[13.142s] Installing fishspeed script to /home/OSTR/modem_ws2/install/py_pubsub/lib/py_pubsub
[13.144s] Installing fishtran script to /home/OSTR/modem_ws2/install/py_pubsub/lib/py_pubsub
[13.146s] Installing fishturn script to /home/OSTR/modem_ws2/install/py_pubsub/lib/py_pubsub
[13.148s] Installing hub script to /home/OSTR/modem_ws2/install/py_pubsub/lib/py_pubsub
[13.149s] Installing receive script to /home/OSTR/modem_ws2/install/py_pubsub/lib/py_pubsub
[13.151s] Installing transmit script to /home/OSTR/modem_ws2/install/py_pubsub/lib/py_pubsub
[13.155s] writing list of installed files to '/home/OSTR/modem_ws2/build/py_pubsub/install.log'
[13.448s] Invoked command in '/home/OSTR/modem_ws2/src/py_pubsub' returned '0': PYTHONPATH=/home/OSTR/modem_ws2/build/py_pubsub/prefix_override:/usr/lib/python3/dist-packages/colcon_core/task/python/colcon_distutils_commands:/home/OSTR/modem_ws2/install/py_pubsub/lib/python3.12/site-packages:${PYTHONPATH} /usr/bin/python3 -W ignore:setup.py install is deprecated setup.py egg_info --egg-base ../../build/py_pubsub build --build-base /home/OSTR/modem_ws2/build/py_pubsub/build install --record /home/OSTR/modem_ws2/build/py_pubsub/install.log --single-version-externally-managed install_data
