[8.147s] Invoking command in '/home/OSTR/modem_ws2/src/py_pubsub': PYTHONPATH=/home/OSTR/modem_ws2/build/py_pubsub/prefix_override:/usr/lib/python3/dist-packages/colcon_core/task/python/colcon_distutils_commands:/home/OSTR/modem_ws2/install/py_pubsub/lib/python3.12/site-packages:${PYTHONPATH} /usr/bin/python3 -W ignore:setup.py install is deprecated setup.py egg_info --egg-base ../../build/py_pubsub build --build-base /home/OSTR/modem_ws2/build/py_pubsub/build install --record /home/OSTR/modem_ws2/build/py_pubsub/install.log --single-version-externally-managed install_data
[10.804s] running egg_info
[11.014s] writing ../../build/py_pubsub/py_pubsub.egg-info/PKG-INFO
[11.016s] writing dependency_links to ../../build/py_pubsub/py_pubsub.egg-info/dependency_links.txt
[11.019s] writing entry points to ../../build/py_pubsub/py_pubsub.egg-info/entry_points.txt
[11.021s] writing requirements to ../../build/py_pubsub/py_pubsub.egg-info/requires.txt
[11.022s] writing top-level names to ../../build/py_pubsub/py_pubsub.egg-info/top_level.txt
[11.449s] reading manifest file '../../build/py_pubsub/py_pubsub.egg-info/SOURCES.txt'
[11.453s] adding license file 'LICENSE'
[11.459s] writing manifest file '../../build/py_pubsub/py_pubsub.egg-info/SOURCES.txt'
[11.460s] running build
[11.461s] running build_py
[11.464s] copying py_pubsub/fishtemp.py -> /home/OSTR/modem_ws2/build/py_pubsub/build/lib/py_pubsub
[11.473s] running install
[11.529s] running install_lib
[11.742s] copying /home/OSTR/modem_ws2/build/py_pubsub/build/lib/py_pubsub/fishtemp.py -> /home/OSTR/modem_ws2/install/py_pubsub/lib/python3.12/site-packages/py_pubsub
[11.753s] byte-compiling /home/OSTR/modem_ws2/install/py_pubsub/lib/python3.12/site-packages/py_pubsub/fishtemp.py to fishtemp.cpython-312.pyc
[11.763s] running install_data
[11.765s] running install_egg_info
[11.985s] removing '/home/OSTR/modem_ws2/install/py_pubsub/lib/python3.12/site-packages/py_pubsub-0.0.0-py3.12.egg-info' (and everything under it)
[11.989s] Copying ../../build/py_pubsub/py_pubsub.egg-info to /home/OSTR/modem_ws2/install/py_pubsub/lib/python3.12/site-packages/py_pubsub-0.0.0-py3.12.egg-info
[11.999s] running install_scripts
[13.445s] Installing fishbouyancy script to /home/OSTR/modem_ws2/install/py_pubsub/lib/py_pubsub
[13.447s] Installing fishdepth script to /home/OSTR/modem_ws2/install/py_pubsub/lib/py_pubsub
[13.449s] Installing fishfake script to /home/OSTR/modem_ws2/install/py_pubsub/lib/py_pubsub
[13.451s] Installing fishhub script to /home/OSTR/modem_ws2/install/py_pubsub/lib/py_pubsub
[13.453s] Installing fishimu script to /home/OSTR/modem_ws2/install/py_pubsub/lib/py_pubsub
[13.455s] Installing fishrec script to /home/OSTR/modem_ws2/install/py_pubsub/lib/py_pubsub
[13.457s] Installing fishspeed script to /home/OSTR/modem_ws2/install/py_pubsub/lib/py_pubsub
[13.458s] Installing fishtemp script to /home/OSTR/modem_ws2/install/py_pubsub/lib/py_pubsub
[13.460s] Installing fishtran script to /home/OSTR/modem_ws2/install/py_pubsub/lib/py_pubsub
[13.462s] Installing fishturn script to /home/OSTR/modem_ws2/install/py_pubsub/lib/py_pubsub
[13.464s] Installing hub script to /home/OSTR/modem_ws2/install/py_pubsub/lib/py_pubsub
[13.466s] Installing receive script to /home/OSTR/modem_ws2/install/py_pubsub/lib/py_pubsub
[13.468s] Installing transmit script to /home/OSTR/modem_ws2/install/py_pubsub/lib/py_pubsub
[13.473s] writing list of installed files to '/home/OSTR/modem_ws2/build/py_pubsub/install.log'
[13.780s] Invoked command in '/home/OSTR/modem_ws2/src/py_pubsub' returned '0': PYTHONPATH=/home/OSTR/modem_ws2/build/py_pubsub/prefix_override:/usr/lib/python3/dist-packages/colcon_core/task/python/colcon_distutils_commands:/home/OSTR/modem_ws2/install/py_pubsub/lib/python3.12/site-packages:${PYTHONPATH} /usr/bin/python3 -W ignore:setup.py install is deprecated setup.py egg_info --egg-base ../../build/py_pubsub build --build-base /home/OSTR/modem_ws2/build/py_pubsub/build install --record /home/OSTR/modem_ws2/build/py_pubsub/install.log --single-version-externally-managed install_data
