[10.764s] Invoking command in '/home/OSTR/modem_ws2/src/py_pubsub': PYTHONPATH=/home/OSTR/modem_ws2/build/py_pubsub/prefix_override:/usr/lib/python3/dist-packages/colcon_core/task/python/colcon_distutils_commands:/home/OSTR/modem_ws2/install/py_pubsub/lib/python3.12/site-packages:${PYTHONPATH} /usr/bin/python3 -W ignore:setup.py install is deprecated setup.py egg_info --egg-base ../../build/py_pubsub build --build-base /home/OSTR/modem_ws2/build/py_pubsub/build install --record /home/OSTR/modem_ws2/build/py_pubsub/install.log --single-version-externally-managed install_data
[14.264s] running egg_info
[14.548s] writing ../../build/py_pubsub/py_pubsub.egg-info/PKG-INFO
[14.551s] writing dependency_links to ../../build/py_pubsub/py_pubsub.egg-info/dependency_links.txt
[14.554s] writing entry points to ../../build/py_pubsub/py_pubsub.egg-info/entry_points.txt
[14.556s] writing requirements to ../../build/py_pubsub/py_pubsub.egg-info/requires.txt
[14.558s] writing top-level names to ../../build/py_pubsub/py_pubsub.egg-info/top_level.txt
[15.142s] reading manifest file '../../build/py_pubsub/py_pubsub.egg-info/SOURCES.txt'
[15.146s] adding license file 'LICENSE'
[15.154s] writing manifest file '../../build/py_pubsub/py_pubsub.egg-info/SOURCES.txt'
[15.157s] running build
[15.159s] running build_py
[15.167s] copying py_pubsub/fishimu.py -> /home/OSTR/modem_ws2/build/py_pubsub/build/lib/py_pubsub
[15.182s] running install
[15.249s] running install_lib
[15.542s] copying /home/OSTR/modem_ws2/build/py_pubsub/build/lib/py_pubsub/fishimu.py -> /home/OSTR/modem_ws2/install/py_pubsub/lib/python3.12/site-packages/py_pubsub
[15.554s] byte-compiling /home/OSTR/modem_ws2/install/py_pubsub/lib/python3.12/site-packages/py_pubsub/fishimu.py to fishimu.cpython-312.pyc
[15.559s]   File "/home/OSTR/modem_ws2/install/py_pubsub/lib/python3.12/site-packages/py_pubsub/fishimu.py", line 28
[15.560s]     run local()
[15.561s]         ^^^^^
[15.562s] SyntaxError: invalid syntax
[15.563s] 
[15.564s] running install_data
[15.565s] running install_egg_info
[15.865s] removing '/home/OSTR/modem_ws2/install/py_pubsub/lib/python3.12/site-packages/py_pubsub-0.0.0-py3.12.egg-info' (and everything under it)
[15.869s] Copying ../../build/py_pubsub/py_pubsub.egg-info to /home/OSTR/modem_ws2/install/py_pubsub/lib/python3.12/site-packages/py_pubsub-0.0.0-py3.12.egg-info
[15.883s] running install_scripts
[17.819s] Installing fishbouyancy script to /home/OSTR/modem_ws2/install/py_pubsub/lib/py_pubsub
[17.821s] Installing fishdepth script to /home/OSTR/modem_ws2/install/py_pubsub/lib/py_pubsub
[17.823s] Installing fishfake script to /home/OSTR/modem_ws2/install/py_pubsub/lib/py_pubsub
[17.825s] Installing fishhub script to /home/OSTR/modem_ws2/install/py_pubsub/lib/py_pubsub
[17.827s] Installing fishimu script to /home/OSTR/modem_ws2/install/py_pubsub/lib/py_pubsub
[17.829s] Installing fishrec script to /home/OSTR/modem_ws2/install/py_pubsub/lib/py_pubsub
[17.831s] Installing fishspeed script to /home/OSTR/modem_ws2/install/py_pubsub/lib/py_pubsub
[17.833s] Installing fishtemp script to /home/OSTR/modem_ws2/install/py_pubsub/lib/py_pubsub
[17.835s] Installing fishtran script to /home/OSTR/modem_ws2/install/py_pubsub/lib/py_pubsub
[17.837s] Installing fishturn script to /home/OSTR/modem_ws2/install/py_pubsub/lib/py_pubsub
[17.839s] Installing fldigirx script to /home/OSTR/modem_ws2/install/py_pubsub/lib/py_pubsub
[17.841s] Installing fldigitx script to /home/OSTR/modem_ws2/install/py_pubsub/lib/py_pubsub
[17.843s] Installing hub script to /home/OSTR/modem_ws2/install/py_pubsub/lib/py_pubsub
[17.846s] Installing receive script to /home/OSTR/modem_ws2/install/py_pubsub/lib/py_pubsub
[17.848s] Installing transmit script to /home/OSTR/modem_ws2/install/py_pubsub/lib/py_pubsub
[17.859s] writing list of installed files to '/home/OSTR/modem_ws2/build/py_pubsub/install.log'
[18.221s] Invoked command in '/home/OSTR/modem_ws2/src/py_pubsub' returned '0': PYTHONPATH=/home/OSTR/modem_ws2/build/py_pubsub/prefix_override:/usr/lib/python3/dist-packages/colcon_core/task/python/colcon_distutils_commands:/home/OSTR/modem_ws2/install/py_pubsub/lib/python3.12/site-packages:${PYTHONPATH} /usr/bin/python3 -W ignore:setup.py install is deprecated setup.py egg_info --egg-base ../../build/py_pubsub build --build-base /home/OSTR/modem_ws2/build/py_pubsub/build install --record /home/OSTR/modem_ws2/build/py_pubsub/install.log --single-version-externally-managed install_data
