[1.034s] DEBUG:colcon:Command line arguments: ['/usr/bin/colcon', 'build']
[1.035s] DEBUG:colcon:Parsed command line arguments: Namespace(log_base=None, log_level=None, verb_name='build', build_base='build', install_base='install', merge_install=False, symlink_install=False, test_result_base=None, continue_on_error=False, executor='parallel', parallel_workers=4, event_handlers=None, ignore_user_meta=False, metas=['./colcon.meta'], base_paths=['.'], packages_ignore=None, packages_ignore_regex=None, paths=None, packages_up_to=None, packages_up_to_regex=None, packages_above=None, packages_above_and_dependencies=None, packages_above_depth=None, packages_select_by_dep=None, packages_skip_by_dep=None, packages_skip_up_to=None, packages_select_build_failed=False, packages_skip_build_finished=False, packages_select_test_failures=False, packages_skip_test_passed=False, packages_select=None, packages_skip=None, packages_select_regex=None, packages_skip_regex=None, packages_start=None, packages_end=None, allow_overriding=[], cmake_args=None, cmake_target=None, cmake_target_skip_unavailable=False, cmake_clean_cache=False, cmake_clean_first=False, cmake_force_configure=False, ament_cmake_args=None, catkin_cmake_args=None, catkin_skip_building_tests=False, mixin_files=None, mixin=None, verb_parser=<colcon_mixin.mixin.mixin_argument.MixinArgumentDecorator object at 0xffffaf3fa6f0>, verb_extension=<colcon_core.verb.build.BuildVerb object at 0xffffaf5b9640>, main=<bound method BuildVerb.main of <colcon_core.verb.build.BuildVerb object at 0xffffaf5b9640>>, mixin_verb=('build',))
[1.355s] Level 1:colcon.colcon_core.package_discovery:discover_packages(colcon_meta) check parameters
[1.356s] Level 1:colcon.colcon_core.package_discovery:discover_packages(recursive) check parameters
[1.356s] Level 1:colcon.colcon_core.package_discovery:discover_packages(ignore) check parameters
[1.356s] Level 1:colcon.colcon_core.package_discovery:discover_packages(path) check parameters
[1.356s] Level 1:colcon.colcon_core.package_discovery:discover_packages(colcon_meta) discover
[1.357s] Level 1:colcon.colcon_core.package_discovery:discover_packages(recursive) discover
[1.357s] INFO:colcon.colcon_core.package_discovery:Crawling recursively for packages in '/home/OSTR/modem_ws2'
[1.358s] Level 1:colcon.colcon_core.package_identification:_identify(.) by extensions ['ignore', 'ignore_ament_install']
[1.359s] Level 1:colcon.colcon_core.package_identification:_identify(.) by extension 'ignore'
[1.359s] Level 1:colcon.colcon_core.package_identification:_identify(.) by extension 'ignore_ament_install'
[1.360s] Level 1:colcon.colcon_core.package_identification:_identify(.) by extensions ['colcon_pkg']
[1.360s] Level 1:colcon.colcon_core.package_identification:_identify(.) by extension 'colcon_pkg'
[1.360s] Level 1:colcon.colcon_core.package_identification:_identify(.) by extensions ['colcon_meta']
[1.361s] Level 1:colcon.colcon_core.package_identification:_identify(.) by extension 'colcon_meta'
[1.361s] Level 1:colcon.colcon_core.package_identification:_identify(.) by extensions ['ros']
[1.361s] Level 1:colcon.colcon_core.package_identification:_identify(.) by extension 'ros'
[1.586s] Level 1:colcon.colcon_core.package_identification:_identify(.) by extensions ['cmake', 'python']
[1.586s] Level 1:colcon.colcon_core.package_identification:_identify(.) by extension 'cmake'
[1.587s] Level 1:colcon.colcon_core.package_identification:_identify(.) by extension 'python'
[1.587s] Level 1:colcon.colcon_core.package_identification:_identify(.) by extensions ['python_setup_py']
[1.587s] Level 1:colcon.colcon_core.package_identification:_identify(.) by extension 'python_setup_py'
[1.588s] Level 1:colcon.colcon_core.package_identification:_identify(build) by extensions ['ignore', 'ignore_ament_install']
[1.589s] Level 1:colcon.colcon_core.package_identification:_identify(build) by extension 'ignore'
[1.589s] Level 1:colcon.colcon_core.package_identification:_identify(build) ignored
[1.591s] Level 1:colcon.colcon_core.package_identification:_identify(install) by extensions ['ignore', 'ignore_ament_install']
[1.591s] Level 1:colcon.colcon_core.package_identification:_identify(install) by extension 'ignore'
[1.592s] Level 1:colcon.colcon_core.package_identification:_identify(install) ignored
[1.596s] Level 1:colcon.colcon_core.package_identification:_identify(log) by extensions ['ignore', 'ignore_ament_install']
[1.597s] Level 1:colcon.colcon_core.package_identification:_identify(log) by extension 'ignore'
[1.597s] Level 1:colcon.colcon_core.package_identification:_identify(log) ignored
[1.598s] Level 1:colcon.colcon_core.package_identification:_identify(src) by extensions ['ignore', 'ignore_ament_install']
[1.598s] Level 1:colcon.colcon_core.package_identification:_identify(src) by extension 'ignore'
[1.599s] Level 1:colcon.colcon_core.package_identification:_identify(src) by extension 'ignore_ament_install'
[1.599s] Level 1:colcon.colcon_core.package_identification:_identify(src) by extensions ['colcon_pkg']
[1.600s] Level 1:colcon.colcon_core.package_identification:_identify(src) by extension 'colcon_pkg'
[1.600s] Level 1:colcon.colcon_core.package_identification:_identify(src) by extensions ['colcon_meta']
[1.600s] Level 1:colcon.colcon_core.package_identification:_identify(src) by extension 'colcon_meta'
[1.601s] Level 1:colcon.colcon_core.package_identification:_identify(src) by extensions ['ros']
[1.601s] Level 1:colcon.colcon_core.package_identification:_identify(src) by extension 'ros'
[1.601s] Level 1:colcon.colcon_core.package_identification:_identify(src) by extensions ['cmake', 'python']
[1.602s] Level 1:colcon.colcon_core.package_identification:_identify(src) by extension 'cmake'
[1.602s] Level 1:colcon.colcon_core.package_identification:_identify(src) by extension 'python'
[1.602s] Level 1:colcon.colcon_core.package_identification:_identify(src) by extensions ['python_setup_py']
[1.603s] Level 1:colcon.colcon_core.package_identification:_identify(src) by extension 'python_setup_py'
[1.604s] Level 1:colcon.colcon_core.package_identification:_identify(src/py_pubsub) by extensions ['ignore', 'ignore_ament_install']
[1.604s] Level 1:colcon.colcon_core.package_identification:_identify(src/py_pubsub) by extension 'ignore'
[1.605s] Level 1:colcon.colcon_core.package_identification:_identify(src/py_pubsub) by extension 'ignore_ament_install'
[1.605s] Level 1:colcon.colcon_core.package_identification:_identify(src/py_pubsub) by extensions ['colcon_pkg']
[1.606s] Level 1:colcon.colcon_core.package_identification:_identify(src/py_pubsub) by extension 'colcon_pkg'
[1.606s] Level 1:colcon.colcon_core.package_identification:_identify(src/py_pubsub) by extensions ['colcon_meta']
[1.607s] Level 1:colcon.colcon_core.package_identification:_identify(src/py_pubsub) by extension 'colcon_meta'
[1.607s] Level 1:colcon.colcon_core.package_identification:_identify(src/py_pubsub) by extensions ['ros']
[1.607s] Level 1:colcon.colcon_core.package_identification:_identify(src/py_pubsub) by extension 'ros'
[1.624s] DEBUG:colcon.colcon_core.package_identification:Package 'src/py_pubsub' with type 'ros.ament_python' and name 'py_pubsub'
[1.624s] Level 1:colcon.colcon_core.package_discovery:discover_packages(recursive) using defaults
[1.625s] Level 1:colcon.colcon_core.package_discovery:discover_packages(ignore) discover
[1.625s] Level 1:colcon.colcon_core.package_discovery:discover_packages(ignore) using defaults
[1.625s] Level 1:colcon.colcon_core.package_discovery:discover_packages(path) discover
[1.626s] Level 1:colcon.colcon_core.package_discovery:discover_packages(path) using defaults
[1.765s] Level 1:colcon.colcon_core.package_discovery:discover_packages(prefix_path) check parameters
[1.766s] Level 1:colcon.colcon_core.package_discovery:discover_packages(prefix_path) discover
[1.782s] DEBUG:colcon.colcon_installed_package_information.package_discovery:Found 1 installed packages in /home/OSTR/modem_ws2/install
[1.801s] DEBUG:colcon.colcon_installed_package_information.package_discovery:Found 285 installed packages in /opt/ros/jazzy
[1.808s] Level 1:colcon.colcon_core.package_discovery:discover_packages(prefix_path) using defaults
[2.273s] Level 5:colcon.colcon_core.verb:set package 'py_pubsub' build argument 'cmake_args' from command line to 'None'
[2.274s] Level 5:colcon.colcon_core.verb:set package 'py_pubsub' build argument 'cmake_target' from command line to 'None'
[2.288s] Level 5:colcon.colcon_core.verb:set package 'py_pubsub' build argument 'cmake_target_skip_unavailable' from command line to 'False'
[2.288s] Level 5:colcon.colcon_core.verb:set package 'py_pubsub' build argument 'cmake_clean_cache' from command line to 'False'
[2.289s] Level 5:colcon.colcon_core.verb:set package 'py_pubsub' build argument 'cmake_clean_first' from command line to 'False'
[2.289s] Level 5:colcon.colcon_core.verb:set package 'py_pubsub' build argument 'cmake_force_configure' from command line to 'False'
[2.289s] Level 5:colcon.colcon_core.verb:set package 'py_pubsub' build argument 'ament_cmake_args' from command line to 'None'
[2.290s] Level 5:colcon.colcon_core.verb:set package 'py_pubsub' build argument 'catkin_cmake_args' from command line to 'None'
[2.290s] Level 5:colcon.colcon_core.verb:set package 'py_pubsub' build argument 'catkin_skip_building_tests' from command line to 'False'
[2.291s] DEBUG:colcon.colcon_core.verb:Building package 'py_pubsub' with the following arguments: {'ament_cmake_args': None, 'build_base': '/home/OSTR/modem_ws2/build/py_pubsub', 'catkin_cmake_args': None, 'catkin_skip_building_tests': False, 'cmake_args': None, 'cmake_clean_cache': False, 'cmake_clean_first': False, 'cmake_force_configure': False, 'cmake_target': None, 'cmake_target_skip_unavailable': False, 'install_base': '/home/OSTR/modem_ws2/install/py_pubsub', 'merge_install': False, 'path': '/home/OSTR/modem_ws2/src/py_pubsub', 'symlink_install': False, 'test_result_base': None}
[2.292s] INFO:colcon.colcon_core.executor:Executing jobs using 'parallel' executor
[2.301s] DEBUG:colcon.colcon_parallel_executor.executor.parallel:run_until_complete
[2.303s] INFO:colcon.colcon_ros.task.ament_python.build:Building ROS package in '/home/OSTR/modem_ws2/src/py_pubsub' with build type 'ament_python'
[2.304s] Level 1:colcon.colcon_core.shell:create_environment_hook('py_pubsub', 'ament_prefix_path')
[2.321s] INFO:colcon.colcon_core.plugin_system:Skipping extension 'colcon_core.shell.bat': Not used on non-Windows systems
[2.323s] INFO:colcon.colcon_core.shell:Creating environment hook '/home/OSTR/modem_ws2/install/py_pubsub/share/py_pubsub/hook/ament_prefix_path.ps1'
[2.327s] INFO:colcon.colcon_core.shell:Creating environment descriptor '/home/OSTR/modem_ws2/install/py_pubsub/share/py_pubsub/hook/ament_prefix_path.dsv'
[2.331s] INFO:colcon.colcon_core.shell:Creating environment hook '/home/OSTR/modem_ws2/install/py_pubsub/share/py_pubsub/hook/ament_prefix_path.sh'
[2.337s] INFO:colcon.colcon_core.shell:Skip shell extension 'powershell' for command environment: Not usable outside of PowerShell
[2.337s] DEBUG:colcon.colcon_core.shell:Skip shell extension 'dsv' for command environment
[4.478s] INFO:colcon.colcon_core.task.python.build:Building Python package in '/home/OSTR/modem_ws2/src/py_pubsub'
[4.480s] INFO:colcon.colcon_core.shell:Skip shell extension 'powershell' for command environment: Not usable outside of PowerShell
[4.480s] DEBUG:colcon.colcon_core.shell:Skip shell extension 'dsv' for command environment
[10.635s] DEBUG:colcon.colcon_core.event_handler.log_command:Invoking command in '/home/OSTR/modem_ws2/src/py_pubsub': PYTHONPATH=/home/OSTR/modem_ws2/build/py_pubsub/prefix_override:/usr/lib/python3/dist-packages/colcon_core/task/python/colcon_distutils_commands:/home/OSTR/modem_ws2/install/py_pubsub/lib/python3.12/site-packages:${PYTHONPATH} /usr/bin/python3 -W ignore:setup.py install is deprecated setup.py egg_info --egg-base ../../build/py_pubsub build --build-base /home/OSTR/modem_ws2/build/py_pubsub/build install --record /home/OSTR/modem_ws2/build/py_pubsub/install.log --single-version-externally-managed install_data
[16.365s] Level 1:colcon.colcon_core.environment:checking '/home/OSTR/modem_ws2/install/py_pubsub' for CMake module files
[16.367s] DEBUG:colcon.colcon_core.event_handler.log_command:Invoked command in '/home/OSTR/modem_ws2/src/py_pubsub' returned '0': PYTHONPATH=/home/OSTR/modem_ws2/build/py_pubsub/prefix_override:/usr/lib/python3/dist-packages/colcon_core/task/python/colcon_distutils_commands:/home/OSTR/modem_ws2/install/py_pubsub/lib/python3.12/site-packages:${PYTHONPATH} /usr/bin/python3 -W ignore:setup.py install is deprecated setup.py egg_info --egg-base ../../build/py_pubsub build --build-base /home/OSTR/modem_ws2/build/py_pubsub/build install --record /home/OSTR/modem_ws2/build/py_pubsub/install.log --single-version-externally-managed install_data
[16.374s] Level 1:colcon.colcon_core.environment:checking '/home/OSTR/modem_ws2/install/py_pubsub' for CMake config files
[16.381s] Level 1:colcon.colcon_core.environment:checking '/home/OSTR/modem_ws2/install/py_pubsub/lib'
[16.382s] Level 1:colcon.colcon_core.environment:checking '/home/OSTR/modem_ws2/install/py_pubsub/bin'
[16.383s] Level 1:colcon.colcon_core.environment:checking '/home/OSTR/modem_ws2/install/py_pubsub/lib/pkgconfig/py_pubsub.pc'
[16.385s] Level 1:colcon.colcon_core.environment:checking '/home/OSTR/modem_ws2/install/py_pubsub/lib/python3.12/site-packages'
[16.386s] Level 1:colcon.colcon_core.shell:create_environment_hook('py_pubsub', 'pythonpath')
[16.388s] INFO:colcon.colcon_core.shell:Creating environment hook '/home/OSTR/modem_ws2/install/py_pubsub/share/py_pubsub/hook/pythonpath.ps1'
[16.392s] INFO:colcon.colcon_core.shell:Creating environment descriptor '/home/OSTR/modem_ws2/install/py_pubsub/share/py_pubsub/hook/pythonpath.dsv'
[16.395s] INFO:colcon.colcon_core.shell:Creating environment hook '/home/OSTR/modem_ws2/install/py_pubsub/share/py_pubsub/hook/pythonpath.sh'
[16.400s] Level 1:colcon.colcon_core.environment:checking '/home/OSTR/modem_ws2/install/py_pubsub/bin'
[16.401s] Level 1:colcon.colcon_core.environment:create_environment_scripts_only(py_pubsub)
[16.402s] INFO:colcon.colcon_core.shell:Creating package script '/home/OSTR/modem_ws2/install/py_pubsub/share/py_pubsub/package.ps1'
[16.408s] INFO:colcon.colcon_core.shell:Creating package descriptor '/home/OSTR/modem_ws2/install/py_pubsub/share/py_pubsub/package.dsv'
[16.413s] INFO:colcon.colcon_core.shell:Creating package script '/home/OSTR/modem_ws2/install/py_pubsub/share/py_pubsub/package.sh'
[16.419s] INFO:colcon.colcon_core.shell:Creating package script '/home/OSTR/modem_ws2/install/py_pubsub/share/py_pubsub/package.bash'
[16.425s] INFO:colcon.colcon_core.shell:Creating package script '/home/OSTR/modem_ws2/install/py_pubsub/share/py_pubsub/package.zsh'
[16.430s] Level 1:colcon.colcon_core.environment:create_file_with_runtime_dependencies(/home/OSTR/modem_ws2/install/py_pubsub/share/colcon-core/packages/py_pubsub)
[16.433s] DEBUG:colcon.colcon_parallel_executor.executor.parallel:closing loop
[16.436s] DEBUG:colcon.colcon_parallel_executor.executor.parallel:loop closed
[16.436s] DEBUG:colcon.colcon_parallel_executor.executor.parallel:run_until_complete finished with '0'
[16.437s] DEBUG:colcon.colcon_core.event_reactor:joining thread
[16.484s] INFO:colcon.colcon_core.plugin_system:Skipping extension 'colcon_notification.desktop_notification.notify_send': Could not find 'notify-send'
[16.485s] INFO:colcon.colcon_core.plugin_system:Skipping extension 'colcon_notification.desktop_notification.terminal_notifier': Not used on non-Darwin systems
[16.485s] INFO:colcon.colcon_core.plugin_system:Skipping extension 'colcon_notification.desktop_notification.win32': Not used on non-Windows systems
[16.486s] INFO:colcon.colcon_notification.desktop_notification:Sending desktop notification using 'notify2'
[16.491s] DEBUG:colcon.colcon_notification.desktop_notification.notify2:Failed to initialize notify2: org.freedesktop.DBus.Error.ServiceUnknown: The name org.freedesktop.Notifications was not provided by any .service files
[16.492s] DEBUG:colcon.colcon_core.event_reactor:joined thread
[16.494s] INFO:colcon.colcon_core.shell:Creating prefix script '/home/OSTR/modem_ws2/install/local_setup.ps1'
[16.501s] INFO:colcon.colcon_core.shell:Creating prefix util module '/home/OSTR/modem_ws2/install/_local_setup_util_ps1.py'
[16.511s] INFO:colcon.colcon_core.shell:Creating prefix chain script '/home/OSTR/modem_ws2/install/setup.ps1'
[16.518s] INFO:colcon.colcon_core.shell:Creating prefix script '/home/OSTR/modem_ws2/install/local_setup.sh'
[16.523s] INFO:colcon.colcon_core.shell:Creating prefix util module '/home/OSTR/modem_ws2/install/_local_setup_util_sh.py'
[16.528s] INFO:colcon.colcon_core.shell:Creating prefix chain script '/home/OSTR/modem_ws2/install/setup.sh'
[16.536s] INFO:colcon.colcon_core.shell:Creating prefix script '/home/OSTR/modem_ws2/install/local_setup.bash'
[16.540s] INFO:colcon.colcon_core.shell:Creating prefix chain script '/home/OSTR/modem_ws2/install/setup.bash'
[16.548s] INFO:colcon.colcon_core.shell:Creating prefix script '/home/OSTR/modem_ws2/install/local_setup.zsh'
[16.552s] INFO:colcon.colcon_core.shell:Creating prefix chain script '/home/OSTR/modem_ws2/install/setup.zsh'
