[10.807s] Invoking command in '/home/OSTR/modem_ws2/src/py_pubsub': PYTHONPATH=/home/OSTR/modem_ws2/build/py_pubsub/prefix_override:/usr/lib/python3/dist-packages/colcon_core/task/python/colcon_distutils_commands:/home/OSTR/modem_ws2/install/py_pubsub/lib/python3.12/site-packages:${PYTHONPATH} /usr/bin/python3 -W ignore:setup.py install is deprecated setup.py egg_info --egg-base ../../build/py_pubsub build --build-base /home/OSTR/modem_ws2/build/py_pubsub/build install --record /home/OSTR/modem_ws2/build/py_pubsub/install.log --single-version-externally-managed install_data
[14.392s] running egg_info
[14.685s] writing ../../build/py_pubsub/py_pubsub.egg-info/PKG-INFO
[14.688s] writing dependency_links to ../../build/py_pubsub/py_pubsub.egg-info/dependency_links.txt
[14.694s] writing entry points to ../../build/py_pubsub/py_pubsub.egg-info/entry_points.txt
[14.696s] writing requirements to ../../build/py_pubsub/py_pubsub.egg-info/requires.txt
[14.701s] writing top-level names to ../../build/py_pubsub/py_pubsub.egg-info/top_level.txt
[15.296s] reading manifest file '../../build/py_pubsub/py_pubsub.egg-info/SOURCES.txt'
[15.300s] adding license file 'LICENSE'
[15.307s] writing manifest file '../../build/py_pubsub/py_pubsub.egg-info/SOURCES.txt'
[15.309s] running build
[15.309s] running build_py
[15.315s] copying py_pubsub/fldigirx.py -> /home/OSTR/modem_ws2/build/py_pubsub/build/lib/py_pubsub
[15.324s] running install
[15.395s] running install_lib
[15.697s] copying /home/OSTR/modem_ws2/build/py_pubsub/build/lib/py_pubsub/fldigirx.py -> /home/OSTR/modem_ws2/install/py_pubsub/lib/python3.12/site-packages/py_pubsub
[15.708s] byte-compiling /home/OSTR/modem_ws2/install/py_pubsub/lib/python3.12/site-packages/py_pubsub/fldigirx.py to fldigirx.cpython-312.pyc
[15.728s] running install_data
[15.730s] running install_egg_info
[16.042s] removing '/home/OSTR/modem_ws2/install/py_pubsub/lib/python3.12/site-packages/py_pubsub-0.0.0-py3.12.egg-info' (and everything under it)
[16.046s] Copying ../../build/py_pubsub/py_pubsub.egg-info to /home/OSTR/modem_ws2/install/py_pubsub/lib/python3.12/site-packages/py_pubsub-0.0.0-py3.12.egg-info
[16.058s] running install_scripts
[18.019s] Installing fishbouyancy script to /home/OSTR/modem_ws2/install/py_pubsub/lib/py_pubsub
[18.021s] Installing fishdepth script to /home/OSTR/modem_ws2/install/py_pubsub/lib/py_pubsub
[18.025s] Installing fishfake script to /home/OSTR/modem_ws2/install/py_pubsub/lib/py_pubsub
[18.029s] Installing fishhub script to /home/OSTR/modem_ws2/install/py_pubsub/lib/py_pubsub
[18.035s] Installing fishimu script to /home/OSTR/modem_ws2/install/py_pubsub/lib/py_pubsub
[18.037s] Installing fishrec script to /home/OSTR/modem_ws2/install/py_pubsub/lib/py_pubsub
[18.038s] Installing fishspeed script to /home/OSTR/modem_ws2/install/py_pubsub/lib/py_pubsub
[18.040s] Installing fishtemp script to /home/OSTR/modem_ws2/install/py_pubsub/lib/py_pubsub
[18.042s] Installing fishtran script to /home/OSTR/modem_ws2/install/py_pubsub/lib/py_pubsub
[18.044s] Installing fishturn script to /home/OSTR/modem_ws2/install/py_pubsub/lib/py_pubsub
[18.046s] Installing fldigirx script to /home/OSTR/modem_ws2/install/py_pubsub/lib/py_pubsub
[18.048s] Installing hub script to /home/OSTR/modem_ws2/install/py_pubsub/lib/py_pubsub
[18.052s] Installing receive script to /home/OSTR/modem_ws2/install/py_pubsub/lib/py_pubsub
[18.053s] Installing transmit script to /home/OSTR/modem_ws2/install/py_pubsub/lib/py_pubsub
[18.058s] writing list of installed files to '/home/OSTR/modem_ws2/build/py_pubsub/install.log'
[18.434s] Invoked command in '/home/OSTR/modem_ws2/src/py_pubsub' returned '0': PYTHONPATH=/home/OSTR/modem_ws2/build/py_pubsub/prefix_override:/usr/lib/python3/dist-packages/colcon_core/task/python/colcon_distutils_commands:/home/OSTR/modem_ws2/install/py_pubsub/lib/python3.12/site-packages:${PYTHONPATH} /usr/bin/python3 -W ignore:setup.py install is deprecated setup.py egg_info --egg-base ../../build/py_pubsub build --build-base /home/OSTR/modem_ws2/build/py_pubsub/build install --record /home/OSTR/modem_ws2/build/py_pubsub/install.log --single-version-externally-managed install_data
