running egg_info
creating ../../build/py_pubsub/py_pubsub.egg-info
writing ../../build/py_pubsub/py_pubsub.egg-info/PKG-INFO
writing dependency_links to ../../build/py_pubsub/py_pubsub.egg-info/dependency_links.txt
writing entry points to ../../build/py_pubsub/py_pubsub.egg-info/entry_points.txt
writing requirements to ../../build/py_pubsub/py_pubsub.egg-info/requires.txt
writing top-level names to ../../build/py_pubsub/py_pubsub.egg-info/top_level.txt
writing manifest file '../../build/py_pubsub/py_pubsub.egg-info/SOURCES.txt'
reading manifest file '../../build/py_pubsub/py_pubsub.egg-info/SOURCES.txt'
adding license file 'LICENSE'
writing manifest file '../../build/py_pubsub/py_pubsub.egg-info/SOURCES.txt'
running build
running build_py
creating /home/OSTR/modem_ws2/build/py_pubsub/build
creating /home/OSTR/modem_ws2/build/py_pubsub/build/lib
creating /home/OSTR/modem_ws2/build/py_pubsub/build/lib/py_pubsub
copying py_pubsub/fishrec.py -> /home/OSTR/modem_ws2/build/py_pubsub/build/lib/py_pubsub
copying py_pubsub/fishHub.py -> /home/OSTR/modem_ws2/build/py_pubsub/build/lib/py_pubsub
copying py_pubsub/transmitter.py -> /home/OSTR/modem_ws2/build/py_pubsub/build/lib/py_pubsub
copying py_pubsub/OSTR_hat_code.py -> /home/OSTR/modem_ws2/build/py_pubsub/build/lib/py_pubsub
copying py_pubsub/setupDoNotUse.py -> /home/OSTR/modem_ws2/build/py_pubsub/build/lib/py_pubsub
copying py_pubsub/__init__.py -> /home/OSTR/modem_ws2/build/py_pubsub/build/lib/py_pubsub
copying py_pubsub/fishdepth.py -> /home/OSTR/modem_ws2/build/py_pubsub/build/lib/py_pubsub
copying py_pubsub/fishspeed.py -> /home/OSTR/modem_ws2/build/py_pubsub/build/lib/py_pubsub
copying py_pubsub/receiver.py -> /home/OSTR/modem_ws2/build/py_pubsub/build/lib/py_pubsub
copying py_pubsub/receiver_old.py -> /home/OSTR/modem_ws2/build/py_pubsub/build/lib/py_pubsub
copying py_pubsub/fishturn.py -> /home/OSTR/modem_ws2/build/py_pubsub/build/lib/py_pubsub
copying py_pubsub/hub.py -> /home/OSTR/modem_ws2/build/py_pubsub/build/lib/py_pubsub
copying py_pubsub/fishtran.py -> /home/OSTR/modem_ws2/build/py_pubsub/build/lib/py_pubsub
running install
running install_lib
creating /home/OSTR/modem_ws2/install/py_pubsub/lib/python3.12/site-packages/py_pubsub
copying /home/OSTR/modem_ws2/build/py_pubsub/build/lib/py_pubsub/fishrec.py -> /home/OSTR/modem_ws2/install/py_pubsub/lib/python3.12/site-packages/py_pubsub
copying /home/OSTR/modem_ws2/build/py_pubsub/build/lib/py_pubsub/fishHub.py -> /home/OSTR/modem_ws2/install/py_pubsub/lib/python3.12/site-packages/py_pubsub
copying /home/OSTR/modem_ws2/build/py_pubsub/build/lib/py_pubsub/transmitter.py -> /home/OSTR/modem_ws2/install/py_pubsub/lib/python3.12/site-packages/py_pubsub
copying /home/OSTR/modem_ws2/build/py_pubsub/build/lib/py_pubsub/OSTR_hat_code.py -> /home/OSTR/modem_ws2/install/py_pubsub/lib/python3.12/site-packages/py_pubsub
copying /home/OSTR/modem_ws2/build/py_pubsub/build/lib/py_pubsub/setupDoNotUse.py -> /home/OSTR/modem_ws2/install/py_pubsub/lib/python3.12/site-packages/py_pubsub
copying /home/OSTR/modem_ws2/build/py_pubsub/build/lib/py_pubsub/__init__.py -> /home/OSTR/modem_ws2/install/py_pubsub/lib/python3.12/site-packages/py_pubsub
copying /home/OSTR/modem_ws2/build/py_pubsub/build/lib/py_pubsub/fishdepth.py -> /home/OSTR/modem_ws2/install/py_pubsub/lib/python3.12/site-packages/py_pubsub
copying /home/OSTR/modem_ws2/build/py_pubsub/build/lib/py_pubsub/fishspeed.py -> /home/OSTR/modem_ws2/install/py_pubsub/lib/python3.12/site-packages/py_pubsub
copying /home/OSTR/modem_ws2/build/py_pubsub/build/lib/py_pubsub/receiver.py -> /home/OSTR/modem_ws2/install/py_pubsub/lib/python3.12/site-packages/py_pubsub
copying /home/OSTR/modem_ws2/build/py_pubsub/build/lib/py_pubsub/receiver_old.py -> /home/OSTR/modem_ws2/install/py_pubsub/lib/python3.12/site-packages/py_pubsub
copying /home/OSTR/modem_ws2/build/py_pubsub/build/lib/py_pubsub/fishturn.py -> /home/OSTR/modem_ws2/install/py_pubsub/lib/python3.12/site-packages/py_pubsub
copying /home/OSTR/modem_ws2/build/py_pubsub/build/lib/py_pubsub/hub.py -> /home/OSTR/modem_ws2/install/py_pubsub/lib/python3.12/site-packages/py_pubsub
copying /home/OSTR/modem_ws2/build/py_pubsub/build/lib/py_pubsub/fishtran.py -> /home/OSTR/modem_ws2/install/py_pubsub/lib/python3.12/site-packages/py_pubsub
byte-compiling /home/OSTR/modem_ws2/install/py_pubsub/lib/python3.12/site-packages/py_pubsub/fishrec.py to fishrec.cpython-312.pyc
byte-compiling /home/OSTR/modem_ws2/install/py_pubsub/lib/python3.12/site-packages/py_pubsub/fishHub.py to fishHub.cpython-312.pyc
byte-compiling /home/OSTR/modem_ws2/install/py_pubsub/lib/python3.12/site-packages/py_pubsub/transmitter.py to transmitter.cpython-312.pyc
byte-compiling /home/OSTR/modem_ws2/install/py_pubsub/lib/python3.12/site-packages/py_pubsub/OSTR_hat_code.py to OSTR_hat_code.cpython-312.pyc
byte-compiling /home/OSTR/modem_ws2/install/py_pubsub/lib/python3.12/site-packages/py_pubsub/setupDoNotUse.py to setupDoNotUse.cpython-312.pyc
byte-compiling /home/OSTR/modem_ws2/install/py_pubsub/lib/python3.12/site-packages/py_pubsub/__init__.py to __init__.cpython-312.pyc
byte-compiling /home/OSTR/modem_ws2/install/py_pubsub/lib/python3.12/site-packages/py_pubsub/fishdepth.py to fishdepth.cpython-312.pyc
byte-compiling /home/OSTR/modem_ws2/install/py_pubsub/lib/python3.12/site-packages/py_pubsub/fishspeed.py to fishspeed.cpython-312.pyc
byte-compiling /home/OSTR/modem_ws2/install/py_pubsub/lib/python3.12/site-packages/py_pubsub/receiver.py to receiver.cpython-312.pyc
byte-compiling /home/OSTR/modem_ws2/install/py_pubsub/lib/python3.12/site-packages/py_pubsub/receiver_old.py to receiver_old.cpython-312.pyc
byte-compiling /home/OSTR/modem_ws2/install/py_pubsub/lib/python3.12/site-packages/py_pubsub/fishturn.py to fishturn.cpython-312.pyc
byte-compiling /home/OSTR/modem_ws2/install/py_pubsub/lib/python3.12/site-packages/py_pubsub/hub.py to hub.cpython-312.pyc
byte-compiling /home/OSTR/modem_ws2/install/py_pubsub/lib/python3.12/site-packages/py_pubsub/fishtran.py to fishtran.cpython-312.pyc
running install_data
creating /home/OSTR/modem_ws2/install/py_pubsub/share/ament_index
creating /home/OSTR/modem_ws2/install/py_pubsub/share/ament_index/resource_index
creating /home/OSTR/modem_ws2/install/py_pubsub/share/ament_index/resource_index/packages
copying resource/py_pubsub -> /home/OSTR/modem_ws2/install/py_pubsub/share/ament_index/resource_index/packages
copying package.xml -> /home/OSTR/modem_ws2/install/py_pubsub/share/py_pubsub
running install_egg_info
Copying ../../build/py_pubsub/py_pubsub.egg-info to /home/OSTR/modem_ws2/install/py_pubsub/lib/python3.12/site-packages/py_pubsub-0.0.0-py3.12.egg-info
running install_scripts
Installing fishdepth script to /home/OSTR/modem_ws2/install/py_pubsub/lib/py_pubsub
Installing fishhub script to /home/OSTR/modem_ws2/install/py_pubsub/lib/py_pubsub
Installing fishrec script to /home/OSTR/modem_ws2/install/py_pubsub/lib/py_pubsub
Installing fishspeed script to /home/OSTR/modem_ws2/install/py_pubsub/lib/py_pubsub
Installing fishtran script to /home/OSTR/modem_ws2/install/py_pubsub/lib/py_pubsub
Installing fishturn script to /home/OSTR/modem_ws2/install/py_pubsub/lib/py_pubsub
Installing hub script to /home/OSTR/modem_ws2/install/py_pubsub/lib/py_pubsub
Installing receive script to /home/OSTR/modem_ws2/install/py_pubsub/lib/py_pubsub
Installing transmit script to /home/OSTR/modem_ws2/install/py_pubsub/lib/py_pubsub
writing list of installed files to '/home/OSTR/modem_ws2/build/py_pubsub/install.log'
