[9.966s] Invoking command in '/home/OSTR/modem_ws2/src/py_pubsub': PYTHONPATH=/home/OSTR/modem_ws2/build/py_pubsub/prefix_override:/usr/lib/python3/dist-packages/colcon_core/task/python/colcon_distutils_commands:/home/OSTR/modem_ws2/install/py_pubsub/lib/python3.12/site-packages:${PYTHONPATH} /usr/bin/python3 -W ignore:setup.py install is deprecated setup.py egg_info --egg-base ../../build/py_pubsub build --build-base /home/OSTR/modem_ws2/build/py_pubsub/build install --record /home/OSTR/modem_ws2/build/py_pubsub/install.log --single-version-externally-managed install_data
[13.007s] running egg_info
[13.241s] writing ../../build/py_pubsub/py_pubsub.egg-info/PKG-INFO
[13.243s] writing dependency_links to ../../build/py_pubsub/py_pubsub.egg-info/dependency_links.txt
[13.246s] writing entry points to ../../build/py_pubsub/py_pubsub.egg-info/entry_points.txt
[13.248s] writing requirements to ../../build/py_pubsub/py_pubsub.egg-info/requires.txt
[13.249s] writing top-level names to ../../build/py_pubsub/py_pubsub.egg-info/top_level.txt
[13.750s] reading manifest file '../../build/py_pubsub/py_pubsub.egg-info/SOURCES.txt'
[13.754s] adding license file 'LICENSE'
[13.760s] writing manifest file '../../build/py_pubsub/py_pubsub.egg-info/SOURCES.txt'
[13.762s] running build
[13.763s] running build_py
[13.766s] copying py_pubsub/fishHub.py -> /home/OSTR/modem_ws2/build/py_pubsub/build/lib/py_pubsub
[13.769s] copying py_pubsub/fishtemp.py -> /home/OSTR/modem_ws2/build/py_pubsub/build/lib/py_pubsub
[13.778s] running install
[13.849s] running install_lib
[14.082s] copying /home/OSTR/modem_ws2/build/py_pubsub/build/lib/py_pubsub/fishHub.py -> /home/OSTR/modem_ws2/install/py_pubsub/lib/python3.12/site-packages/py_pubsub
[14.085s] copying /home/OSTR/modem_ws2/build/py_pubsub/build/lib/py_pubsub/fishtemp.py -> /home/OSTR/modem_ws2/install/py_pubsub/lib/python3.12/site-packages/py_pubsub
[14.094s] byte-compiling /home/OSTR/modem_ws2/install/py_pubsub/lib/python3.12/site-packages/py_pubsub/fishHub.py to fishHub.cpython-312.pyc
[14.105s] byte-compiling /home/OSTR/modem_ws2/install/py_pubsub/lib/python3.12/site-packages/py_pubsub/fishtemp.py to fishtemp.cpython-312.pyc
[14.114s] running install_data
[14.115s] running install_egg_info
[14.359s] removing '/home/OSTR/modem_ws2/install/py_pubsub/lib/python3.12/site-packages/py_pubsub-0.0.0-py3.12.egg-info' (and everything under it)
[14.363s] Copying ../../build/py_pubsub/py_pubsub.egg-info to /home/OSTR/modem_ws2/install/py_pubsub/lib/python3.12/site-packages/py_pubsub-0.0.0-py3.12.egg-info
[14.374s] running install_scripts
[15.993s] Installing fishdepth script to /home/OSTR/modem_ws2/install/py_pubsub/lib/py_pubsub
[15.995s] Installing fishhub script to /home/OSTR/modem_ws2/install/py_pubsub/lib/py_pubsub
[15.997s] Installing fishimu script to /home/OSTR/modem_ws2/install/py_pubsub/lib/py_pubsub
[15.999s] Installing fishrec script to /home/OSTR/modem_ws2/install/py_pubsub/lib/py_pubsub
[16.001s] Installing fishspeed script to /home/OSTR/modem_ws2/install/py_pubsub/lib/py_pubsub
[16.003s] Installing fishtemp script to /home/OSTR/modem_ws2/install/py_pubsub/lib/py_pubsub
[16.005s] Installing fishtran script to /home/OSTR/modem_ws2/install/py_pubsub/lib/py_pubsub
[16.006s] Installing fishturn script to /home/OSTR/modem_ws2/install/py_pubsub/lib/py_pubsub
[16.009s] Installing hub script to /home/OSTR/modem_ws2/install/py_pubsub/lib/py_pubsub
[16.011s] Installing receive script to /home/OSTR/modem_ws2/install/py_pubsub/lib/py_pubsub
[16.012s] Installing transmit script to /home/OSTR/modem_ws2/install/py_pubsub/lib/py_pubsub
[16.018s] writing list of installed files to '/home/OSTR/modem_ws2/build/py_pubsub/install.log'
[16.340s] Invoked command in '/home/OSTR/modem_ws2/src/py_pubsub' returned '0': PYTHONPATH=/home/OSTR/modem_ws2/build/py_pubsub/prefix_override:/usr/lib/python3/dist-packages/colcon_core/task/python/colcon_distutils_commands:/home/OSTR/modem_ws2/install/py_pubsub/lib/python3.12/site-packages:${PYTHONPATH} /usr/bin/python3 -W ignore:setup.py install is deprecated setup.py egg_info --egg-base ../../build/py_pubsub build --build-base /home/OSTR/modem_ws2/build/py_pubsub/build install --record /home/OSTR/modem_ws2/build/py_pubsub/install.log --single-version-externally-managed install_data
