[8.162s] Invoking command in '/home/OSTR/modem_ws2/src/py_pubsub': PYTHONPATH=/home/OSTR/modem_ws2/build/py_pubsub/prefix_override:/usr/lib/python3/dist-packages/colcon_core/task/python/colcon_distutils_commands:/home/OSTR/modem_ws2/install/py_pubsub/lib/python3.12/site-packages:${PYTHONPATH} /usr/bin/python3 -W ignore:setup.py install is deprecated setup.py egg_info --egg-base ../../build/py_pubsub build --build-base /home/OSTR/modem_ws2/build/py_pubsub/build install --record /home/OSTR/modem_ws2/build/py_pubsub/install.log --single-version-externally-managed install_data
[10.827s] running egg_info
[11.037s] writing ../../build/py_pubsub/py_pubsub.egg-info/PKG-INFO
[11.039s] writing dependency_links to ../../build/py_pubsub/py_pubsub.egg-info/dependency_links.txt
[11.042s] writing entry points to ../../build/py_pubsub/py_pubsub.egg-info/entry_points.txt
[11.044s] writing requirements to ../../build/py_pubsub/py_pubsub.egg-info/requires.txt
[11.045s] writing top-level names to ../../build/py_pubsub/py_pubsub.egg-info/top_level.txt
[11.475s] reading manifest file '../../build/py_pubsub/py_pubsub.egg-info/SOURCES.txt'
[11.479s] adding license file 'LICENSE'
[11.485s] writing manifest file '../../build/py_pubsub/py_pubsub.egg-info/SOURCES.txt'
[11.486s] running build
[11.487s] running build_py
[11.490s] copying py_pubsub/fishtemp.py -> /home/OSTR/modem_ws2/build/py_pubsub/build/lib/py_pubsub
[11.499s] running install
[11.555s] running install_lib
[11.772s] copying /home/OSTR/modem_ws2/build/py_pubsub/build/lib/py_pubsub/fishtemp.py -> /home/OSTR/modem_ws2/install/py_pubsub/lib/python3.12/site-packages/py_pubsub
[11.782s] byte-compiling /home/OSTR/modem_ws2/install/py_pubsub/lib/python3.12/site-packages/py_pubsub/fishtemp.py to fishtemp.cpython-312.pyc
[11.794s] running install_data
[11.795s] running install_egg_info
[12.022s] removing '/home/OSTR/modem_ws2/install/py_pubsub/lib/python3.12/site-packages/py_pubsub-0.0.0-py3.12.egg-info' (and everything under it)
[12.025s] Copying ../../build/py_pubsub/py_pubsub.egg-info to /home/OSTR/modem_ws2/install/py_pubsub/lib/python3.12/site-packages/py_pubsub-0.0.0-py3.12.egg-info
[12.037s] running install_scripts
[13.482s] Installing fishbouyancy script to /home/OSTR/modem_ws2/install/py_pubsub/lib/py_pubsub
[13.484s] Installing fishdepth script to /home/OSTR/modem_ws2/install/py_pubsub/lib/py_pubsub
[13.486s] Installing fishfake script to /home/OSTR/modem_ws2/install/py_pubsub/lib/py_pubsub
[13.488s] Installing fishhub script to /home/OSTR/modem_ws2/install/py_pubsub/lib/py_pubsub
[13.490s] Installing fishimu script to /home/OSTR/modem_ws2/install/py_pubsub/lib/py_pubsub
[13.491s] Installing fishrec script to /home/OSTR/modem_ws2/install/py_pubsub/lib/py_pubsub
[13.493s] Installing fishspeed script to /home/OSTR/modem_ws2/install/py_pubsub/lib/py_pubsub
[13.495s] Installing fishtemp script to /home/OSTR/modem_ws2/install/py_pubsub/lib/py_pubsub
[13.497s] Installing fishtran script to /home/OSTR/modem_ws2/install/py_pubsub/lib/py_pubsub
[13.499s] Installing fishturn script to /home/OSTR/modem_ws2/install/py_pubsub/lib/py_pubsub
[13.501s] Installing hub script to /home/OSTR/modem_ws2/install/py_pubsub/lib/py_pubsub
[13.503s] Installing receive script to /home/OSTR/modem_ws2/install/py_pubsub/lib/py_pubsub
[13.504s] Installing transmit script to /home/OSTR/modem_ws2/install/py_pubsub/lib/py_pubsub
[13.509s] writing list of installed files to '/home/OSTR/modem_ws2/build/py_pubsub/install.log'
[13.814s] Invoked command in '/home/OSTR/modem_ws2/src/py_pubsub' returned '0': PYTHONPATH=/home/OSTR/modem_ws2/build/py_pubsub/prefix_override:/usr/lib/python3/dist-packages/colcon_core/task/python/colcon_distutils_commands:/home/OSTR/modem_ws2/install/py_pubsub/lib/python3.12/site-packages:${PYTHONPATH} /usr/bin/python3 -W ignore:setup.py install is deprecated setup.py egg_info --egg-base ../../build/py_pubsub build --build-base /home/OSTR/modem_ws2/build/py_pubsub/build install --record /home/OSTR/modem_ws2/build/py_pubsub/install.log --single-version-externally-managed install_data
